[13:44:12] [ServerMain/INFO]: [bootstrap] Running Java 21 (OpenJDK 64-Bit Server VM 21.0.6+7-LTS; Microsoft Microsoft-10800198) on Linux 6.8.0-1027-azure (amd64)
[13:44:12] [ServerMain/INFO]: [bootstrap] Loading Paper 1.21.5-80-main@841d634 (2025-05-17T14:18:02Z) for Minecraft 1.21.5
[13:44:12] [ServerMain/INFO]: [PluginInitializerManager] Initializing plugins...
[13:44:13] [Paper Plugin Remapper Thread - 1/INFO]: [ReobfServer] Remapping server...
[13:44:18] [Paper Plugin Remapper Thread - 1/INFO]: [ReobfServer] Done remapping server in 5490ms.
[13:44:18] [Paper Plugin Remapper Thread - 1/INFO]: [PluginRemapper] Remapping plugin 'plugins/Vault.jar'...
[13:44:18] [Paper Plugin Remapper Thread - 0/INFO]: [PluginRemapper] Remapping plugin 'plugins/Clearlag.jar'...
[13:44:18] [Paper Plugin Remapper Thread - 0/INFO]: [PluginRemapper] Done remapping plugin 'plugins/Clearlag.jar' in 184ms.
[13:44:18] [Paper Plugin Remapper Thread - 0/INFO]: [PluginRemapper] Remapping plugin 'plugins/LevelledMobs-4.3.1.1.b114.jar'...
[13:44:18] [Paper Plugin Remapper Thread - 1/INFO]: [PluginRemapper] Done remapping plugin 'plugins/Vault.jar' in 185ms.
[13:44:18] [Paper Plugin Remapper Thread - 1/INFO]: [PluginRemapper] Remapping plugin 'plugins/lifestealz-2.13.0.jar'...
[13:44:18] [Paper Plugin Remapper Thread - 1/INFO]: [PluginRemapper] Done remapping plugin 'plugins/lifestealz-2.13.0.jar' in 161ms.
[13:44:18] [Paper Plugin Remapper Thread - 1/INFO]: [PluginRemapper] Remapping plugin 'plugins/OnePlayerSleep.jar'...
[13:44:18] [Paper Plugin Remapper Thread - 1/INFO]: [PluginRemapper] Done remapping plugin 'plugins/OnePlayerSleep.jar' in 44ms.
[13:44:18] [Paper Plugin Remapper Thread - 1/INFO]: [PluginRemapper] Remapping plugin 'plugins/AuthMe-5.6.0-legacy.jar'...
[13:44:19] [Paper Plugin Remapper Thread - 0/INFO]: [PluginRemapper] Done remapping plugin 'plugins/LevelledMobs-4.3.1.1.b114.jar' in 940ms.
[13:44:19] [Paper Plugin Remapper Thread - 0/INFO]: [PluginRemapper] Remapping plugin 'plugins/smoothtimber-legacy-1.27.5.jar'...
[13:44:19] [Paper Plugin Remapper Thread - 0/INFO]: [PluginRemapper] Done remapping plugin 'plugins/smoothtimber-legacy-1.27.5.jar' in 155ms.
[13:44:19] [Paper Plugin Remapper Thread - 0/INFO]: [PluginRemapper] Remapping plugin 'plugins/GriefPrevention.jar'...
[13:44:19] [Paper Plugin Remapper Thread - 0/INFO]: [PluginRemapper] Done remapping plugin 'plugins/GriefPrevention.jar' in 195ms.
[13:44:19] [Paper Plugin Remapper Thread - 0/INFO]: [PluginRemapper] Remapping plugin 'plugins/worldedit-bukkit-7.3.12-beta-01.jar'...
[13:44:21] [Paper Plugin Remapper Thread - 0/INFO]: [PluginRemapper] Done remapping plugin 'plugins/worldedit-bukkit-7.3.12-beta-01.jar' in 1723ms.
[13:44:23] [Paper Plugin Remapper Thread - 1/INFO]: [PluginRemapper] Done remapping plugin 'plugins/AuthMe-5.6.0-legacy.jar' in 4248ms.
[13:44:23] [ServerMain/INFO]: [PluginInitializerManager] Initialized 12 plugins
[13:44:23] [ServerMain/INFO]: [PluginInitializerManager] Bukkit plugins (12):
 - AuthMe (5.6.0-bCUSTOM), ClearLag (3.2.2), Essentials (2.21.0), GraveStonesPlus (1.8), GriefPrevention (16.18.4), LevelledMobs (4.3.1.1 b114), LifeStealZ (2.13.0), LuckPerms (5.4.164), OnePlayerSleep (1.3), SmoothTimber (1.27.5), Vault (1.7.3-b131), WorldEdit (7.3.12-beta-01+2a9a7ed)
[13:44:27] [ServerMain/INFO]: Environment: Environment[sessionHost=https://sessionserver.mojang.com, servicesHost=https://api.minecraftservices.com, name=PROD]
[13:44:29] [ServerMain/INFO]: Loaded 1373 recipes
[13:44:29] [ServerMain/INFO]: Loaded 1484 advancements
[13:44:29] [Server thread/INFO]: Starting minecraft server version 1.21.5
[13:44:29] [Server thread/INFO]: Loading properties
[13:44:29] [Server thread/INFO]: This server is running Paper version 1.21.5-80-main@841d634 (2025-05-17T14:18:02Z) (Implementing API version 1.21.5-R0.1-SNAPSHOT)
[13:44:29] [Server thread/INFO]: [spark] This server bundles the spark profiler. For more information please visit https://docs.papermc.io/paper/profiling
[13:44:29] [Server thread/INFO]: Server Ping Player Sample Count: 12
[13:44:29] [Server thread/INFO]: Using 4 threads for Netty based IO
[13:44:30] [Server thread/INFO]: [MoonriseCommon] Paper is using 1 worker threads, 1 I/O threads
[13:44:30] [Server thread/INFO]: [ChunkTaskScheduler] Chunk system is using population gen parallelism: true
[13:44:30] [Server thread/INFO]: Default game type: SURVIVAL
[13:44:30] [Server thread/INFO]: Generating keypair
[13:44:30] [Server thread/INFO]: Starting Minecraft server on *:25565
[13:44:30] [Server thread/INFO]: Using epoll channel type
[13:44:30] [Server thread/INFO]: Paper: Using libdeflate (Linux x86_64) compression from Velocity.
[13:44:30] [Server thread/INFO]: Paper: Using OpenSSL 1.1.x (Linux x86_64) cipher from Velocity.
[13:44:31] [Server thread/INFO]: [SpigotLibraryLoader] [GraveStonesPlus] Loading 1 libraries... please wait
[13:44:31] [Server thread/INFO]: [SpigotLibraryLoader] Downloading https://repo.maven.apache.org/maven2/org/openjdk/nashorn/nashorn-core/15.3/nashorn-core-15.3.pom
[13:44:31] [Server thread/INFO]: [SpigotLibraryLoader] Downloading https://repo.maven.apache.org/maven2/org/ow2/asm/asm/7.3.1/asm-7.3.1.pom
[13:44:31] [Server thread/INFO]: [SpigotLibraryLoader] Downloading https://repo.maven.apache.org/maven2/org/ow2/ow2/1.5/ow2-1.5.pom
[13:44:31] [Server thread/INFO]: [SpigotLibraryLoader] Downloading https://repo.maven.apache.org/maven2/org/ow2/asm/asm-commons/7.3.1/asm-commons-7.3.1.pom
[13:44:31] [Server thread/INFO]: [SpigotLibraryLoader] Downloading https://repo.maven.apache.org/maven2/org/ow2/asm/asm-tree/7.3.1/asm-tree-7.3.1.pom
[13:44:31] [Server thread/INFO]: [SpigotLibraryLoader] Downloading https://repo.maven.apache.org/maven2/org/ow2/asm/asm-analysis/7.3.1/asm-analysis-7.3.1.pom
[13:44:31] [Server thread/INFO]: [SpigotLibraryLoader] Downloading https://repo.maven.apache.org/maven2/org/ow2/asm/asm-util/7.3.1/asm-util-7.3.1.pom
[13:44:31] [Server thread/INFO]: [SpigotLibraryLoader] Downloading https://repo.maven.apache.org/maven2/org/openjdk/nashorn/nashorn-core/15.3/nashorn-core-15.3.jar
[13:44:31] [BasicRepositoryConnector-repo.maven.apache.org-0-0/INFO]: [SpigotLibraryLoader] Downloading https://repo.maven.apache.org/maven2/org/ow2/asm/asm/7.3.1/asm-7.3.1.jar
[13:44:31] [BasicRepositoryConnector-repo.maven.apache.org-0-1/INFO]: [SpigotLibraryLoader] Downloading https://repo.maven.apache.org/maven2/org/ow2/asm/asm-commons/7.3.1/asm-commons-7.3.1.jar
[13:44:31] [BasicRepositoryConnector-repo.maven.apache.org-0-2/INFO]: [SpigotLibraryLoader] Downloading https://repo.maven.apache.org/maven2/org/ow2/asm/asm-analysis/7.3.1/asm-analysis-7.3.1.jar
[13:44:31] [BasicRepositoryConnector-repo.maven.apache.org-0-4/INFO]: [SpigotLibraryLoader] Downloading https://repo.maven.apache.org/maven2/org/ow2/asm/asm-util/7.3.1/asm-util-7.3.1.jar
[13:44:31] [BasicRepositoryConnector-repo.maven.apache.org-0-3/INFO]: [SpigotLibraryLoader] Downloading https://repo.maven.apache.org/maven2/org/ow2/asm/asm-tree/7.3.1/asm-tree-7.3.1.jar
[13:44:31] [Server thread/INFO]: [SpigotLibraryLoader] [GraveStonesPlus] Loaded library /workspaces/mcsvhinata/libraries/org/openjdk/nashorn/nashorn-core/15.3/nashorn-core-15.3.jar
[13:44:31] [Server thread/INFO]: [SpigotLibraryLoader] [GraveStonesPlus] Loaded library /workspaces/mcsvhinata/libraries/org/ow2/asm/asm/7.3.1/asm-7.3.1.jar
[13:44:31] [Server thread/INFO]: [SpigotLibraryLoader] [GraveStonesPlus] Loaded library /workspaces/mcsvhinata/libraries/org/ow2/asm/asm-commons/7.3.1/asm-commons-7.3.1.jar
[13:44:31] [Server thread/INFO]: [SpigotLibraryLoader] [GraveStonesPlus] Loaded library /workspaces/mcsvhinata/libraries/org/ow2/asm/asm-analysis/7.3.1/asm-analysis-7.3.1.jar
[13:44:31] [Server thread/INFO]: [SpigotLibraryLoader] [GraveStonesPlus] Loaded library /workspaces/mcsvhinata/libraries/org/ow2/asm/asm-tree/7.3.1/asm-tree-7.3.1.jar
[13:44:31] [Server thread/INFO]: [SpigotLibraryLoader] [GraveStonesPlus] Loaded library /workspaces/mcsvhinata/libraries/org/ow2/asm/asm-util/7.3.1/asm-util-7.3.1.jar
[13:44:32] [Server thread/WARN]: [org.bukkit.craftbukkit.legacy.CraftLegacy] Initializing Legacy Material Support. Unless you have legacy plugins and/or data this is a bug!
[13:44:46] [Server thread/WARN]: Legacy plugin OnePlayerSleep v1.3 does not specify an api-version.
[13:44:46] [Server thread/INFO]: [LuckPerms] Loading server plugin LuckPerms v5.4.164
[13:44:46] [Server thread/INFO]: [Vault] Loading server plugin Vault v1.7.3-b131
[13:44:46] [Server thread/INFO]: [WorldEdit] Loading server plugin WorldEdit v7.3.12-beta-01+2a9a7ed
[13:44:47] [Server thread/INFO]: Got request to register class com.sk89q.worldedit.bukkit.BukkitServerInterface with WorldEdit [com.sk89q.worldedit.extension.platform.PlatformManager@621b68c7]
[13:44:47] [Server thread/INFO]: [Essentials] Loading server plugin Essentials v2.21.0
[13:44:47] [Server thread/INFO]: [GriefPrevention] Loading server plugin GriefPrevention v16.18.4
[13:44:47] [Server thread/INFO]: [GraveStonesPlus] Loading server plugin GraveStonesPlus v1.8
[13:44:47] [Server thread/INFO]: [ClearLag] Loading server plugin ClearLag v3.2.2
[13:44:47] [Server thread/INFO]: [LevelledMobs] Loading server plugin LevelledMobs v4.3.1.1 b114
[13:44:47] [Server thread/INFO]: [LevelledMobs] Loading commands
[13:44:47] [Server thread/INFO]: [LifeStealZ] Loading server plugin LifeStealZ v2.13.0
[13:44:47] [Server thread/INFO]: [LifeStealZ] Loading LifeStealZ...
[13:44:47] [Server thread/INFO]: [OnePlayerSleep] Loading server plugin OnePlayerSleep v1.3
[13:44:47] [Server thread/INFO]: [AuthMe] Loading server plugin AuthMe v5.6.0-bCUSTOM
[13:44:47] [Server thread/INFO]: [SmoothTimber] Loading server plugin SmoothTimber v1.27.5
[13:44:47] [Server thread/INFO]: [LuckPerms] Enabling LuckPerms v5.4.164
[13:44:47] [Server thread/INFO]:         __    
[13:44:47] [Server thread/INFO]:   |    |__)   LuckPerms v5.4.164
[13:44:47] [Server thread/INFO]:   |___ |      Running on Bukkit - Paper
[13:44:47] [Server thread/INFO]: 
[13:44:47] [Server thread/INFO]: [LuckPerms] Loading configuration...
[13:44:48] [Server thread/INFO]: [LuckPerms] Loading storage provider... [H2]
[13:44:48] [Server thread/INFO]: [LuckPerms] Loading internal permission managers...
[13:44:48] [Server thread/INFO]: [LuckPerms] Performing initial data load...
[13:44:48] [Server thread/INFO]: [LuckPerms] Successfully enabled. (took 1476ms)
[13:44:48] [Server thread/INFO]: [Vault] Enabling Vault v1.7.3-b131
[13:44:48] [Server thread/INFO]: [Vault] [Economy] Essentials Economy found: Waiting
[13:44:48] [Server thread/INFO]: [Vault] [Permission] SuperPermissions loaded as backup permission system.
[13:44:48] [Server thread/INFO]: [Vault] Enabled Version 1.7.3-b131
[13:44:48] [Server thread/INFO]: [LuckPerms] Registered Vault permission & chat hook.
[13:44:48] [Server thread/INFO]: [WorldEdit] Enabling WorldEdit v7.3.12-beta-01+2a9a7ed
[13:44:48] [Server thread/INFO]: Registering commands with com.sk89q.worldedit.bukkit.BukkitServerInterface
[13:44:49] [Server thread/INFO]: WEPIF: Updated config file
[13:44:49] [Server thread/INFO]: WEPIF: Vault detected! Using Vault for permissions
[13:44:49] [Server thread/INFO]: Using com.sk89q.worldedit.bukkit.adapter.impl.v1_21_5.PaperweightAdapter as the Bukkit adapter
[13:44:50] [Server thread/INFO]: Preparing level "world"
[13:44:53] [Server thread/INFO]: Preparing start region for dimension minecraft:overworld
[13:44:53] [Server thread/INFO]: Preparing spawn area: 0%
[13:44:53] [Server thread/INFO]: Time elapsed: 408 ms
[13:44:53] [Server thread/INFO]: Preparing start region for dimension minecraft:the_nether
[13:44:54] [Server thread/INFO]: Preparing spawn area: 2%
[13:44:54] [Server thread/INFO]: Preparing spawn area: 2%
[13:44:54] [Server thread/INFO]: Preparing spawn area: 2%
[13:44:55] [Server thread/INFO]: Preparing spawn area: 2%
[13:44:55] [Server thread/INFO]: Preparing spawn area: 12%
[13:44:56] [Server thread/INFO]: Preparing spawn area: 18%
[13:44:56] [Server thread/INFO]: Preparing spawn area: 46%
[13:44:57] [Server thread/WARN]: [ca.spottedleaf.moonrise.patches.chunk_system.level.entity.EntityLookup] Entity uuid already exists: 03fb8f11-fa82-4f04-98cb-31934a3da46d, mapped to Bat['Bat'/60, uuid='03fb8f11-fa82-4f04-98cb-31934a3da46d', l='ServerLevel[world]', x=-353.88, y=-28.05, z=168.45, cpos=[-23, 10], tl=0, v=true], can't add Bat['Bat'/194, uuid='03fb8f11-fa82-4f04-98cb-31934a3da46d', l='ServerLevel[world]', x=-351.81, y=-29.73, z=167.10, cpos=[-22, 10], tl=0, v=false]
[13:44:57] [Server thread/INFO]: Preparing spawn area: 51%
[13:44:57] [Server thread/INFO]: Time elapsed: 3924 ms
[13:44:57] [Server thread/INFO]: Preparing start region for dimension minecraft:the_end
[13:44:57] [Server thread/INFO]: Preparing spawn area: 2%
[13:44:58] [Server thread/INFO]: Time elapsed: 451 ms
[13:44:58] [Server thread/INFO]: [Essentials] Enabling Essentials v2.21.0
[13:44:58] [Server thread/ERROR]: [Essentials] You are running an unsupported server version!
[13:44:58] [Server thread/INFO]: [Essentials] Attempting to convert old kits in config.yml to new kits.yml
[13:44:58] [Server thread/INFO]: [Essentials] No kits found to migrate.
[13:44:58] [Server thread/INFO]: [Essentials] Selected 1.14.4+ Persistent Data Container Provider as the provider for PersistentDataProvider
[13:44:58] [Server thread/INFO]: [Essentials] Selected 1.14+ Sign Data Provider as the provider for SignDataProvider
[13:44:58] [Server thread/INFO]: [Essentials] Selected 1.17.1+ World Info Provider as the provider for WorldInfoProvider
[13:44:58] [Server thread/INFO]: [Essentials] Selected 1.11+ Item Unbreakable Provider as the provider for ItemUnbreakableProvider
[13:44:58] [Server thread/INFO]: [Essentials] Selected 1.20.4+ Damage Event Provider as the provider for DamageEventProvider
[13:44:58] [Server thread/INFO]: [Essentials] Selected 1.13+ Spawn Egg Provider as the provider for SpawnEggProvider
[13:44:58] [Server thread/INFO]: [Essentials] Selected 1.21+ InventoryView Interface ABI Provider as the provider for InventoryViewProvider
[13:44:58] [Server thread/INFO]: [Essentials] Selected Paper Serialization Provider as the provider for SerializationProvider
[13:44:58] [Server thread/INFO]: [Essentials] Selected Reflection Formatted Command Alias Provider as the provider for FormattedCommandAliasProvider
[13:44:58] [Server thread/INFO]: [Essentials] Selected Paper Material Tag Provider as the provider for MaterialTagProvider
[13:44:58] [Server thread/INFO]: [Essentials] Selected Reflection Online Mode Provider as the provider for OnlineModeProvider
[13:44:58] [Server thread/INFO]: [Essentials] Selected 1.12.2+ Player Locale Provider as the provider for PlayerLocaleProvider
[13:44:58] [Server thread/INFO]: [Essentials] Selected 1.20.5+ Banner Data Provider as the provider for BannerDataProvider
[13:44:58] [Server thread/INFO]: [Essentials] Selected 1.8.3+ Spawner Item Provider as the provider for SpawnerItemProvider
[13:44:58] [Server thread/INFO]: [Essentials] Selected Paper Known Commands Provider as the provider for KnownCommandsProvider
[13:44:58] [Server thread/INFO]: [Essentials] Selected 1.12+ Spawner Block Provider as the provider for SpawnerBlockProvider
[13:44:58] [Server thread/INFO]: [Essentials] Selected Paper Container Provider as the provider for ContainerProvider
[13:44:58] [Server thread/INFO]: [Essentials] Selected 1.20.6+ Potion Meta Provider as the provider for PotionMetaProvider
[13:44:58] [Server thread/INFO]: [Essentials] Selected Paper Biome Key Provider as the provider for BiomeKeyProvider
[13:44:58] [Server thread/INFO]: [Essentials] Selected 1.21.4+ Sync Commands Provider as the provider for SyncCommandsProvider
[13:44:58] [Server thread/INFO]: [Essentials] Selected Paper Server State Provider as the provider for ServerStateProvider
[13:44:58] [Server thread/INFO]: [Essentials] Selected Paper Tick Count Provider as the provider for TickCountProvider
[13:44:59] [Server thread/INFO]: [Essentials] Loaded 43465 items from items.json.
[13:44:59] [Server thread/INFO]: [Essentials] Using locale en
[13:44:59] [Server thread/INFO]: [Essentials] ServerListPingEvent: Spigot iterator API
[13:44:59] [Server thread/INFO]: [Essentials] Starting Metrics. Opt-out using the global bStats config.
[13:44:59] [Server thread/INFO]: [Vault] [Economy] Essentials Economy hooked.
[13:44:59] [Server thread/INFO]: [Essentials] Using Vault based permissions (LuckPerms)
[13:44:59] [Server thread/INFO]: [GriefPrevention] Enabling GriefPrevention v16.18.4
[13:44:59] [Server thread/INFO]: [GriefPrevention] Finished loading configuration.
[13:44:59] [Server thread/INFO]: [GriefPrevention] 13 total claims loaded.
[13:44:59] [Server thread/INFO]: [GriefPrevention] Customizable messages loaded.
[13:44:59] [Server thread/INFO]: [GriefPrevention] Finished loading data (File Mode).
[13:45:00] [Server thread/INFO]: [GriefPrevention] Boot finished.
[13:45:00] [Server thread/INFO]: [GraveStonesPlus] Enabling GraveStonesPlus v1.8
[13:45:00] [Server thread/INFO]: [GraveStonesPlus] Loaded LuckPerms hook!
[13:45:00] [Server thread/WARN]: [GraveStonesPlus] Skipping time change events, since server has been offline for awhile, use /av forcetimechanged to force them if needed
[13:45:00] [Server thread/INFO]: [GraveStonesPlus] Enabled GraveStonesPlus!
[13:45:00] [Server thread/INFO]: [ClearLag] Enabling ClearLag v3.2.2
[13:45:00] [Server thread/INFO]: [ClearLag] Using version-adapter: LatestVersionAdapter
[13:45:00] [Server thread/INFO]: [ClearLag] Loading modules...
[13:45:00] [Server thread/WARN]: [ClearLag] Clearlag failed to use the internal TPS tracker during initialization. Reverted to estimation... (Index 3 out of bounds for length 3)
[13:45:00] [Server thread/INFO]: [ClearLag] Modules enabed, loading config values
[13:45:00] [Server thread/INFO]: [ClearLag] Modules have been loaded!
[13:45:00] [Server thread/INFO]: [ClearLag] Clearlag is now enabled!
[13:45:00] [Thread-13/WARN]: [ClearLag] Clearlag failed to check for updates - bukkit may be down
[13:45:00] [Thread-13/WARN]: java.lang.ArrayIndexOutOfBoundsException: Index 3 out of bounds for length 3
[13:45:00] [Thread-13/WARN]: 	at Clearlag.jar//me.minebuilders.clearlag.Util.getBukkitVersion(Util.java:105)
[13:45:00] [Thread-13/WARN]: 	at Clearlag.jar//me.minebuilders.clearlag.BukkitUpdater.updateAvailable(BukkitUpdater.java:32)
[13:45:00] [Thread-13/WARN]: 	at Clearlag.jar//me.minebuilders.clearlag.BukkitUpdater.run(BukkitUpdater.java:82)
[13:45:00] [Thread-13/WARN]: 	at java.base/java.lang.Thread.run(Thread.java:1583)
[13:45:00] [Server thread/INFO]: [LevelledMobs] Enabling LevelledMobs v4.3.1.1 b114
[13:45:00] [Server thread/INFO]: [LevelledMobs] Enabling commands
[13:45:00] [Server thread/INFO]: [LevelledMobs] Building reflection cache, use simple names: true
[13:45:00] [Server thread/INFO]: [LevelledMobs] Found Essentials, loading integration
[13:45:00] [Server thread/INFO]: [LevelledMobs] Using NMS version 1.21.5 for nametag support
[13:45:00] [Server thread/INFO]: [LevelledMobs] File Loader: Loading files...
[13:45:00] [Server thread/INFO]: [LevelledMobs] File Loader: Loading file 'settings.yml'...
[13:45:00] [Server thread/INFO]: [LevelledMobs] File Loader: File 'settings.yml' doesn't exist, creating it now...
[13:45:00] [Server thread/INFO]: [LevelledMobs] File Loader: Loading file 'messages.yml'...
[13:45:00] [Server thread/INFO]: [LevelledMobs] File Loader: File 'messages.yml' doesn't exist, creating it now...
[13:45:00] [Server thread/INFO]: [LevelledMobs] File Loader: Loading file 'externalplugins.yml'...
[13:45:00] [Server thread/INFO]: [LevelledMobs] File Loader: File 'externalplugins.yml' doesn't exist, creating it now...
[13:45:00] [Server thread/INFO]: [LevelledMobs] File Loader: Loading file 'rules.yml'...
[13:45:00] [Server thread/INFO]: [LevelledMobs] File Loader: File 'rules.yml' doesn't exist, creating it now...
[13:45:00] [Server thread/INFO]: [LevelledMobs] Current rules hash: 9b0f48e3273bb9cc29d2891ad33fb3410fec8cf1e77c2092ff670fd38f6d4ff5
[13:45:00] [Server thread/INFO]: [LevelledMobs] File Loader: Loading file 'customdrops.yml'...
[13:45:00] [Server thread/INFO]: [LevelledMobs] File Loader: File 'customdrops.yml' doesn't exist, creating it now...
[13:45:00] [Server thread/INFO]: [LevelledMobs] Listeners: Registering event listeners...
[13:45:00] [Server thread/INFO]: [LevelledMobs] Running misc procedures
[13:45:00] [Server thread/INFO]: [LevelledMobs] Tasks: Starting async nametag auto update task...
[13:45:00] [Server thread/INFO]: [LevelledMobs] Start-up complete (took 229ms)
[13:45:00] [Server thread/INFO]: [LifeStealZ] Enabling LifeStealZ v2.13.0
[13:45:00] [Server thread/INFO]: [LifeStealZ] Using language file: plugins/LifeStealZ/lang/vi-VN.yml
[13:45:00] [Server thread/INFO]: [LifeStealZ] Using SQLite storage
[13:45:01] [Server thread/INFO]: [LifeStealZ] 
==========================================
A new version of LifeStealZ is available!
New Version: 2.13.0 -> 2.14.0
Download here: https://modrinth.com/plugin/lifestealz/version/2.14.0
==========================================
[13:45:01] [Server thread/INFO]: [LifeStealZ] LifeStealZ enabled!
[13:45:01] [Server thread/INFO]: [OnePlayerSleep] Enabling OnePlayerSleep v1.3*
[13:45:01] [Server thread/INFO]: [AuthMe] Enabling AuthMe v5.6.0-bCUSTOM
[13:45:02] [Server thread/INFO]: [AuthMe] SQLite Setup finished
[13:45:02] [Server thread/INFO]: [AuthMe] Hooked into LuckPerms!
[13:45:02] [Server thread/INFO]: [AuthMe] Hooked successfully into Essentials
[13:45:02] [Server thread/INFO]: [AuthMe] Essentials spawn file not found: '/workspaces/mcsvhinata/plugins/Essentials/spawn.yml'
[13:45:02] [Server thread/WARN]: [AuthMe] WARNING! The protectInventory feature requires ProtocolLib! Disabling it...
[13:45:02] [Server thread/INFO]: [AuthMe] AuthMe 5.6.0 build n.CUSTOM successfully enabled!
[13:45:02] [Server thread/INFO]: [SmoothTimber] Enabling SmoothTimber v1.27.5
[13:45:02] [Server thread/INFO]: SmoothTimber || You're currently using the supported Minecraft Version 1.21.5 (Core v1_21x)
[13:45:02] [Server thread/INFO]: SmoothTimber || Trying to enable compatibility addon 'GriefPrevention' for plugin 'GriefPrevention'...
[13:45:02] [Server thread/INFO]: SmoothTimber || Successfully enabled compatbility addon 'GriefPrevention' for plugin 'GriefPrevention'...
[13:45:02] [Server thread/INFO]: [spark] Starting background profiler...
[13:45:02] [Server thread/INFO]: Done preparing level "world" (12.810s)
[13:45:02] [Server thread/INFO]: Running delayed init tasks
[13:45:03] [Server thread/INFO]: [Essentials] Essentials found a compatible payment resolution method: Vault Compatibility Layer (v1.7.3-b131)!
[13:45:03] [Craft Scheduler Thread - 4 - Essentials/INFO]: [Essentials] Fetching version information...
[13:45:03] [Craft Scheduler Thread - 13 - AuthMe/INFO]: [AuthMe] Downloading GEO IP database, because the old database is older than 30 days or doesn't exist
[13:45:03] [Craft Scheduler Thread - 13 - AuthMe/WARN]: [AuthMe] No MaxMind credentials found in the configuration file! GeoIp protections will be disabled.
[13:45:03] [Craft Scheduler Thread - 13 - AuthMe/INFO]: [AuthMe] There is no newer GEO IP database uploaded to MaxMind. Using the old one for now.
[13:45:03] [Craft Scheduler Thread - 13 - AuthMe/WARN]: [AuthMe] Could not download GeoLiteAPI database [FileNotFoundException]: plugins/AuthMe/GeoLite2-Country.mmdb (No such file or directory)
[13:45:03] [Craft Scheduler Thread - 14 - Vault/INFO]: [Vault] Checking for Updates ... 
[13:45:03] [Craft Scheduler Thread - 5 - GraveStonesPlus/INFO]: [GraveStonesPlus] GraveStonesPlus is up to date! Version: 1.8
[13:45:03] [Server thread/INFO]: Done (51.628s)! For help, type "help"
[13:45:03] [Server thread/INFO]: *************************************************************************************
[13:45:03] [Server thread/INFO]: This is the first time you're starting this server.
[13:45:03] [Server thread/INFO]: It's recommended you read our 'Getting Started' documentation for guidance.
[13:45:03] [Server thread/INFO]: View this and more helpful information here: https://docs.papermc.io/paper/next-steps
[13:45:03] [Server thread/INFO]: *************************************************************************************
[13:45:03] [Craft Scheduler Thread - 14 - Vault/INFO]: [Vault] No new version available
[13:46:00] [pool-34-thread-1/INFO]: [GraveStonesPlus] Ignoring time change events for one time only
[13:46:07] [Server thread/INFO]: Stopping the server
[13:46:07] [Server thread/INFO]: Stopping server
[13:46:07] [Server thread/INFO]: [SmoothTimber] Disabling SmoothTimber v1.27.5
[13:46:07] [Server thread/INFO]: [AuthMe] Disabling AuthMe v5.6.0-bCUSTOM
[13:46:07] [Server thread/INFO]: [AuthMe] Waiting for 0 tasks to finish
[13:46:07] [Server thread/INFO]: [AuthMe] AuthMe 5.6.0-bCUSTOM disabled!
[13:46:07] [Server thread/INFO]: [OnePlayerSleep] Disabling OnePlayerSleep v1.3
[13:46:07] [Server thread/INFO]: [LifeStealZ] Disabling LifeStealZ v2.13.0
[13:46:07] [Server thread/INFO]: [LifeStealZ] Canceling all running tasks...
[13:46:07] [Server thread/INFO]: [LifeStealZ] LifeStealZ disabled!
[13:46:07] [Server thread/INFO]: [LevelledMobs] Disabling LevelledMobs v4.3.1.1 b114
[13:46:07] [Server thread/INFO]: [LevelledMobs] Unregistering commands
[13:46:07] [Server thread/INFO]: [LevelledMobs] Tasks: Shutting down other async tasks...
[13:46:07] [Server thread/INFO]: [LevelledMobs] Shut-down complete (took 2ms)
[13:46:07] [Server thread/INFO]: [ClearLag] Disabling ClearLag v3.2.2
[13:46:07] [Craft Scheduler Thread - 8 - LevelledMobs/INFO]: [LevelledMobs] Mob processing queue Manager has exited
[13:46:07] [Craft Scheduler Thread - 10 - LevelledMobs/INFO]: [LevelledMobs] Nametag update queue Manager has exited
[13:46:07] [Server thread/INFO]: [ClearLag] Clearlag is now disabled!
[13:46:07] [Server thread/INFO]: [GraveStonesPlus] Disabling GraveStonesPlus v1.8
[13:46:07] [Server thread/INFO]: [GraveStonesPlus] Allowing background tasks to finish, this could take up to 5 seconds
[13:46:07] [Server thread/INFO]: [GriefPrevention] Disabling GriefPrevention v16.18.4
[13:46:07] [Server thread/INFO]: [GriefPrevention] GriefPrevention disabled.
[13:46:07] [Server thread/INFO]: [Essentials] Disabling Essentials v2.21.0
[13:46:07] [Server thread/INFO]: [Vault] [Economy] Essentials Economy unhooked.
[13:46:07] [Server thread/INFO]: [WorldEdit] Disabling WorldEdit v7.3.12-beta-01+2a9a7ed
[13:46:07] [Server thread/INFO]: Unregistering com.sk89q.worldedit.bukkit.BukkitServerInterface from WorldEdit
[13:46:07] [Server thread/INFO]: [Vault] Disabling Vault v1.7.3-b131
[13:46:07] [Server thread/INFO]: [LuckPerms] Disabling LuckPerms v5.4.164
[13:46:07] [Server thread/INFO]: [LuckPerms] Starting shutdown process...
[13:46:07] [Server thread/INFO]: [LuckPerms] Closing storage...
[13:46:07] [Server thread/INFO]: [LuckPerms] Goodbye!
[13:46:07] [Server thread/INFO]: Saving players
[13:46:07] [Server thread/INFO]: Saving worlds
[13:46:07] [Server thread/INFO]: Saving chunks for level 'ServerLevel[world]'/minecraft:overworld
[13:46:07] [Server thread/INFO]: [ChunkHolderManager] Waiting 60s for chunk system to halt for world 'world'
[13:46:07] [Server thread/INFO]: [ChunkHolderManager] Halted chunk system for world 'world'
[13:46:07] [Server thread/INFO]: [ChunkHolderManager] Saving all chunkholders for world 'world'
[13:46:08] [Server thread/INFO]: [ChunkHolderManager] Saved 507 block chunks, 507 entity chunks, 0 poi chunks in world 'world' in 1.44s
[13:46:08] [Server thread/INFO]: [ChunkHolderManager] Waiting 60s for chunk I/O to halt for world 'world'
[13:46:08] [Server thread/INFO]: [ChunkHolderManager] Halted I/O scheduler for world 'world'
[13:46:08] [Server thread/INFO]: Saving chunks for level 'ServerLevel[world_nether]'/minecraft:the_nether
[13:46:08] [Server thread/INFO]: [ChunkHolderManager] Waiting 60s for chunk system to halt for world 'world_nether'
[13:46:08] [Server thread/INFO]: [ChunkHolderManager] Halted chunk system for world 'world_nether'
[13:46:08] [Server thread/INFO]: [ChunkHolderManager] Saving all chunkholders for world 'world_nether'
[13:46:09] [Server thread/INFO]: [ChunkHolderManager] Saved 841 block chunks, 49 entity chunks, 0 poi chunks in world 'world_nether' in 0.31s
[13:46:09] [Server thread/INFO]: [ChunkHolderManager] Waiting 60s for chunk I/O to halt for world 'world_nether'
[13:46:09] [Server thread/INFO]: [ChunkHolderManager] Halted I/O scheduler for world 'world_nether'
[13:46:09] [Server thread/INFO]: Saving chunks for level 'ServerLevel[world_the_end]'/minecraft:the_end
[13:46:09] [Server thread/INFO]: [ChunkHolderManager] Waiting 60s for chunk system to halt for world 'world_the_end'
[13:46:09] [Server thread/INFO]: [ChunkHolderManager] Halted chunk system for world 'world_the_end'
[13:46:09] [Server thread/INFO]: [ChunkHolderManager] Saving all chunkholders for world 'world_the_end'
[13:46:09] [Server thread/INFO]: [ChunkHolderManager] Saved 841 block chunks, 49 entity chunks, 0 poi chunks in world 'world_the_end' in 0.24s
[13:46:09] [Server thread/INFO]: [ChunkHolderManager] Waiting 60s for chunk I/O to halt for world 'world_the_end'
[13:46:09] [Server thread/INFO]: [ChunkHolderManager] Halted I/O scheduler for world 'world_the_end'
[13:46:09] [Server thread/INFO]: ThreadedAnvilChunkStorage (world): All chunks are saved
[13:46:09] [Server thread/INFO]: ThreadedAnvilChunkStorage (DIM-1): All chunks are saved
[13:46:09] [Server thread/INFO]: ThreadedAnvilChunkStorage (DIM1): All chunks are saved
[13:46:09] [Server thread/INFO]: ThreadedAnvilChunkStorage: All dimensions are saved
[13:46:09] [Server thread/INFO]: Waiting for all RegionFile I/O tasks to complete...
[13:46:09] [Server thread/INFO]: All RegionFile I/O tasks to complete
[13:46:09] [Server thread/INFO]: [MoonriseCommon] Awaiting termination of worker pool for up to 60s...
[13:46:09] [Server thread/INFO]: [MoonriseCommon] Awaiting termination of I/O pool for up to 60s...
