12:49 reedyesyes: .
12:49 HinataKagenou: lo
12:50 reedyesyes   : cai deo j day
12:50 HinataKagenou: border
12:50 reedyesyes   : wtf
12:50 HinataKagenou: border nha t voi the gioi ben ngoai :))
12:51 reedyesyes   : ko biet xay j ca
12:52 HinataKagenou: baoztran
12:52 HinataKagenou: ra day
12:52 HinataKagenou: e bao
12:53 Geogre_XD    : ?
12:53 HinataKagenou: ra nha bao duy
12:53 Geogre_XD    : ayo
12:53 HinataKagenou: :)))))
12:53 HinataKagenou: duong bien cua nha t voi nha bao duy:))))
12:59 reedyesyes   : lam tro j v cha
13:00 HinataKagenou: j
13:00 reedyesyes   : tu nhien dung do
13:00 HinataKagenou: ve phong ma
13:00 HinataKagenou: e m
13:00 reedyesyes   : j
13:00 HinataKagenou: trust laf quyen tong hop
13:00 reedyesyes   : j a
13:01 HinataKagenou: con accesstrust laf quyen dung button a
13:01 HinataKagenou: nen dung acesstrust hon trust cho t hay la duong ;v
13:01 reedyesyes   : dung day hat
13:01 reedyesyes   : phat
13:03 reedyesyes   : moe
13:03 reedyesyes   : ?
13:03 HinataKagenou: .?
13:04 reedyesyes   : de lai cho t
13:04 HinataKagenou: ua
13:04 HinataKagenou: sao trong n pvp dc r?
13:04 reedyesyes   : end rod dau
13:05 HinataKagenou: e
13:05 reedyesyes   : j
13:05 HinataKagenou: sao pvp dc roi
13:05 reedyesyes   : dc vro
13:05 reedyesyes   : idk
13:05 reedyesyes   : claim r ma nhi
13:05 HinataKagenou: idk
13:05 HinataKagenou: chiu luon
13:06 HinataKagenou: vl tht
13:07 reedyesyes   : ko biet lam j ca
13:07 reedyesyes   : ghuy give me some ideas
13:07 HinataKagenou: idk
13:07 HinataKagenou: vai ca 2 lop cua
13:07 HinataKagenou: ra chs bloodmoon de
13:10 HinataKagenou: quai yeu quaaaa
13:10 Geogre_XD    : =)
13:11 reedyesyes   : afk
13:13 HinataKagenou: dcm
13:13 HinataKagenou: trident cua t dau r
13:14 HinataKagenou: thor
13:15 HinataKagenou: an cai deo j nhac ngu v cu
13:15 reedyesyes   : ja
13:16 reedyesyes   : j a
13:16 HinataKagenou: khong ;v
13:16 HinataKagenou: noi 7
13:16 HinataKagenou: 7 gao
13:16 reedyesyes   : ok
13:17 HinataKagenou: moe lag v
13:17 Geogre_XD    : =/
13:18 Geogre_XD    : cho
13:20 HinataKagenou: thoi ae oi t di ngu day
13:20 reedyesyes   : ok
13:20 reedyesyes   : du
13:20 reedyesyes   : mineshaft
13:20 Geogre_XD    : ?
13:20 reedyesyes   : ngon
13:20 reedyesyes   : duong ray free
13:35 reedyesyes:  placed a sign @ world: x-743, z-109
  AFK.
13:58 HinataKagenou: lo
13:58 Geogre_XD    : lo
13:58 HinataKagenou: wtf??
13:58 HinataKagenou: dcm
13:58 HinataKagenou: t lag mat het do roi
14:13 Geogre_XD    : huy
14:13 HinataKagenou: j
14:13 Geogre_XD    : tp qua
14:14 HinataKagenou: du :))
14:14 Geogre_XD    : cs ban chia khoa ko
14:14 HinataKagenou: nope
14:20 HinataKagenou: ./pay HinataKagenou <tien>
14:21 HinataKagenou: 500000
14:22 HinataKagenou: ./bal
14:54 HinataKagenou: lam cua di thg ngu
15:14 HinataKagenou: dcm boss
15:15 HinataKagenou: lo
15:15 Nem          : cho t rejoin lai nhom
15:15 HinataKagenou: doi het bloodmoon
15:19 Geogre_XD    : nhin ne nam
15:20 Nem placed suspicious WATER_BUCKET @ world: x-404, z215
15:20 HinataKagenou: vo call
15:20 Nem placed suspicious WATER_BUCKET @ world: x-404, z215
15:21 Nem          : co food ko
15:21 Nem          : thanks
15:21 HinataKagenou: e ba nam
15:21 HinataKagenou: qua nha t
15:21 HinataKagenou: xem de
15:21 HinataKagenou: ;v
15:21 Nem          : ok
15:22 HinataKagenou: len phong t
15:22 Nem          : alggg
15:25 HinataKagenou: free kinh nghiem
15:32 Nem placed suspicious WATER_BUCKET @ world: x-363, z190
15:33 Nem placed suspicious WATER_BUCKET @ world: x-364, z192
15:33 Nem placed suspicious WATER_BUCKET @ world: x-371, z190
15:41 Nem placed suspicious WATER_BUCKET @ world: x-378, z186
15:42 Nem placed suspicious WATER_BUCKET @ world: x-378, z184
15:42 Nem placed suspicious WATER_BUCKET @ world: x-376, z186
17:31 reedyesyes: xong
17:35 reedyesyes: o tren nay co mineshaft
17:35 reedyesyes: ngau ko
17:35 HinataKagenou: ok
17:35 HinataKagenou: sao cung dc ;v
17:35 reedyesyes   : ok
17:37 HinataKagenou: just 1 time ;v
17:38 reedyesyes   : nen xay j
17:38 HinataKagenou: kh bt
17:39 reedyesyes   : time for the most time and resource consuming activity :fire:
17:46 HinataKagenou: e reed
17:46 reedyesyes   : j
17:46 HinataKagenou: doi cup khong?
17:46 HinataKagenou: admin enchant:))
17:46 reedyesyes   : idk vro
17:46 reedyesyes   : sure i guess
17:50 reedyesyes   : troi oi
17:50 HinataKagenou: j
17:50 reedyesyes   : con 1 phan nua
17:50 HinataKagenou: vl
17:50 HinataKagenou: quen
17:50 HinataKagenou: phan n met vc
17:52 reedyesyes   : ko co block nao ma kieu
17:52 reedyesyes   : stairs xong mau do
17:53 HinataKagenou: len choi bloodmoon moi de
17:53 HinataKagenou: diiii
17:53 HinataKagenou: bloodmoon ms config
17:55 reedyesyes   : ê
17:55 reedyesyes   : m thấy con ngụ ngưa của t ko??
17:55 HinataKagenou: co
17:57 HinataKagenou: vlll
17:59 reedyesyes   : e
17:59 HinataKagenou: j
17:59 reedyesyes   : fix cai lifeitems trong shop chx
17:59 reedyesyes   : de t nha giau mua
17:59 HinataKagenou: deo fix duco
18:00 reedyesyes   : .
18:00 HinataKagenou: nuke >
18:00 reedyesyes   : co cai j
18:00 reedyesyes   : ma
18:00 reedyesyes   : stairs roi mau do ko??
18:00 HinataKagenou: đưa tim đây t đổi cho
18:00 HinataKagenou: đéo biết
18:00 reedyesyes   : .
18:01 reedyesyes   : co block j ma kieu
18:01 reedyesyes   : kim loai ko
18:01 HinataKagenou: ironn
18:01 reedyesyes   : mau toi toi hon 1 ti
18:02 HinataKagenou: netherite
18:02 reedyesyes   : dat vl ra
18:02 reedyesyes   : give t cai t xay
18:02 HinataKagenou: thoi
18:02 HinataKagenou: netherite khong give dc
18:02 reedyesyes   : cay that
18:03 HinataKagenou: de ve t lam beacon netherite
18:03 HinataKagenou: nhin money cua t de
18:03 HinataKagenou: bay h la may r?
18:03 reedyesyes   : sau nay nen can than voi may dua dc trust
18:03 reedyesyes   : t ngheo vcl ra
18:03 reedyesyes   : 7,077,585
18:03 HinataKagenou: h dang co 9999
18:03 HinataKagenou: de t mua 1 stack
18:04 HinataKagenou: mat 1m roi
18:04 HinataKagenou: thừa t cho
18:04 reedyesyes   : hinh nhu t lam lech r
18:04 reedyesyes   : dit
18:04 reedyesyes   : hay that
18:05 HinataKagenou: vcl deo du
18:05 HinataKagenou: phải chơi đục khoét
18:05 reedyesyes   : hoa ra
18:05 reedyesyes   : width 19 blocks
18:05 reedyesyes   : thoi ke
18:06 HinataKagenou: uhhh
18:06 HinataKagenou: them 1 stack nx
18:07 reedyesyes   : het netherite r
18:07 reedyesyes   : lai mua tiep
18:07 reedyesyes   : woohoo....
18:09 reedyesyes   : dm xay lo r
18:10 HinataKagenou: ;v
18:10 reedyesyes   : dms
18:14 reedyesyes   : giup t phat t chia 50% block
18:14 reedyesyes   : a thoi
18:14 reedyesyes   : 30%
18:15 HinataKagenou: chia cai j v ;v
18:15 reedyesyes   : block of netherite
18:15 HinataKagenou: thoi nhac qua
18:15 reedyesyes   : co haste ko
18:15 HinataKagenou: no can mo ;v
18:16 HinataKagenou: nope
18:16 reedyesyes   : er
18:21 HinataKagenou: asd
18:21 reedyesyes   : '
18:25 reedyesyes   : .
18:26 reedyesyes   : lo nang r
18:26 HinataKagenou: cayyyyyyyyy
18:26 reedyesyes   : phai lam nho lai
18:26 reedyesyes   : nhma
18:27 reedyesyes   : tuong lai con chau nha t se thay 1 masterpiece
18:27 HinataKagenou: :))
18:36 reedyesyes   : nhin ngu ngu vcl
18:36 reedyesyes   : dm
18:36 HinataKagenou: ;v
18:37 reedyesyes   : dm...
18:37 reedyesyes   : ngu vai
18:37 reedyesyes   : dit
18:38 reedyesyes   : dm ngu vai cut wtf
18:39 reedyesyes   : DMMM
18:39 HinataKagenou: cayyyyy
18:41 reedyesyes   : anh bon duy lao
18:41 HinataKagenou: vl bao duy
18:41 HinataKagenou: duy e t claim dat cho m roi a
18:42 HinataKagenou: t cũng tiện trust luôn thg hải r
18:42 HinataKagenou: h đất m chỉ có m vs hải phá đc th
18:42 HinataKagenou: có gì kh cho hải nx thì ./untrust davidgamingprp
18:42 vkawaiki0    : m claim dat cho t chx
18:42 reedyesyes   : deo doc a?
18:42 HinataKagenou: roi
18:42 vkawaiki0    : ok
18:42 HinataKagenou: t cũng tiện trust luôn thg hải r
18:42 HinataKagenou: h đất m chỉ có m vs hải phá đc th
18:43 HinataKagenou: có gì kh cho hải nx thì ./untrust davidgamingprp
18:43 reedyesyes   : e huy
18:43 reedyesyes   : cho t 1 stack ma
18:43 HinataKagenou: vl
18:43 reedyesyes   : hang rao sat whatever it is
18:43 reedyesyes   : iron fence
18:43 reedyesyes   : dm lam ngu vai cut
18:43 reedyesyes   : dm
18:44 reedyesyes   : .
18:44 HinataKagenou: j
18:44 reedyesyes   : ..
18:54 reedyesyes   : dm lam lai
18:54 reedyesyes   : ngu vai
19:02 HinataKagenou: cay tht
19:03 reedyesyes   : ?
19:03 HinataKagenou: tutorial ns khong ky
19:03 reedyesyes   : :v
19:03 HinataKagenou: lm t mua 1 dong do
19:03 HinataKagenou: xg chi can 5 block
19:03 HinataKagenou: dcm
19:04 reedyesyes   : tutorial j m dc
19:10 reedyesyes   : ngu vai cut wtf
19:10 reedyesyes   : DIT
19:10 reedyesyes   : nhin beo beo
19:10 reedyesyes   : xong ngu ngu
19:10 reedyesyes   : thoi ke
19:10 reedyesyes   : luc nam on noi han sua
19:11 reedyesyes   : time to an com
19:11 reedyesyes   : bye
19:12 reedyesyes   : a one second
19:12 reedyesyes   :  placed a sign @ world: x-773, z-106
  ê nam m sửa hộ
  t quả tên lửa
  với làm cả phòng
  phóng hạt nhân v!
20:05 HinataKagenou: lo
20:05 vkawaiki0    : hi
20:05 vkawaiki0    : biuld nha tiep
20:05 HinataKagenou: ;v
20:05 vkawaiki0    : cho t bay
20:06 vkawaiki0    : huh ?
20:06 HinataKagenou: cho nhầm cái
20:07 vkawaiki0    : lam rang de nhin dc mat minh hay
20:07 HinataKagenou: thu nhan f5 de
20:07 vkawaiki0    : bro f5 cua t la tang volum
20:07 HinataKagenou: fn+f5
20:08 vkawaiki0    : okay dc r
20:08 vkawaiki0    : lam rang de hn ngoanh mat lai phia minh
20:08 HinataKagenou: nhan them lan nua
20:08 vkawaiki0    : a ok
20:23 vkawaiki0    : W
20:23 HinataKagenou: cay cay
20:23 Nem          : trust t di
20:23 Nem          : xay base ko
20:24 HinataKagenou: dunggg
20:24 vkawaiki0    : :V
20:24 Nem          : t co idea ms
20:24 HinataKagenou: dat lai di
20:24 HinataKagenou: moe
20:24 Nem          : muoons nghe ko
20:24 HinataKagenou: nãy làm xg cái cửa n rồi
20:24 HinataKagenou: xg lỡ đi vào
20:24 HinataKagenou: hư mẹn
20:24 HinataKagenou: ddi len de
20:24 HinataKagenou: de t tu lam
20:24 Nem          : ok
20:24 HinataKagenou: cutt
20:24 HinataKagenou: nhanh con
20:24 Nem placed suspicious WATER_BUCKET @ world: x-349, z26
20:25 Nem          : e shop co gia treo ko
20:25 HinataKagenou: co
20:25 Nem          : t se lm base tren sky
20:25 Nem          : tau bay
20:27 Nem          : chao duy
20:27 vkawaiki0    : hi
20:27 Nem placed suspicious WATER_BUCKET @ world: x-356, z207
20:30 HinataKagenou: di ra dê
20:30 HinataKagenou: cay vcl
20:31 HinataKagenou: dcm
20:32 Nem placed suspicious WATER_BUCKET @ world: x-358, z26
20:32 Nem placed suspicious WATER_BUCKET @ world: x-337, z20
20:32 HinataKagenou: cay rk
20:32 HinataKagenou: dcmmmmmmmmmm
20:32 HinataKagenou: lon
20:32 HinataKagenou: vua duoc roi
20:32 HinataKagenou: dang lap lai
20:33 HinataKagenou: tnhien hu me
20:33 HinataKagenou: dcmmmmmm
20:35 Nem          : e
20:35 HinataKagenou: j
20:35 Nem          : gia treo dau
20:35 Nem          : ko thay
20:35 HinataKagenou: kh bt nx
20:35 HinataKagenou: idk
20:35 Nem          : bip bom
20:35 Nem          : lừa đảo chiếm đoạt tài sản vị cáo Hinata
20:35 HinataKagenou: vcl
20:35 HinataKagenou: v luon
20:35 HinataKagenou: thg dao
20:36 Nem          : cay cay
20:36 Nem          : thg bịp vương
20:36 vkawaiki0    : sy vươn
20:37 Nem          : nhà ngầu ta
20:37 vkawaiki0    : ;-;
20:37 Nem placed suspicious WATER_BUCKET @ world: x-404, z210
20:37 vkawaiki0    : nuoc mo ra day
20:39 Nem          : huy oi cho trú tạm
20:39 vkawaiki0    : e huy
20:39 HinataKagenou: j
20:39 vkawaiki0    : qua cuu t cay
20:39 vkawaiki0    : nha t ngap r
20:39 Nem          : t giúp cho
20:39 HinataKagenou: ok
20:39 Nem          : trust t di duy
20:39 vkawaiki0    : bam kieu chi hay
20:40 Nem          : ghi /trust tên t
20:40 vkawaiki0    : r ds
20:40 vkawaiki0    : a ok r :v
20:40 Nem          : xong
20:40 vkawaiki0    : tks
20:40 Nem          : e moe
20:40 Nem          : bua ni trang mau
20:40 Nem          : vo nhà ik
20:40 Nem          : mau lên
20:41 Nem          : voo mau
20:41 Nem          : ok ngon
20:41 Nem          : ah mai ms trang mau
20:41 Nem          : buwaj ni ổn
20:43 Nem placed suspicious WATER_BUCKET @ world: x-383, z210
20:43 Nem          : sao còn 2 thg
20:43 HinataKagenou: ai bt
20:53 HinataKagenou: nem
20:53 HinataKagenou: ve bunker de
20:53 Nem          : ok
20:53 Nem          : ve r
20:53 HinataKagenou: hoi t thg reed hn viet note cho m a
20:53 Nem          : ok
20:55 Nem          : note để đâu?
20:55 HinataKagenou: ai bt
20:55 HinataKagenou: có bảng á
20:55 HinataKagenou: a nham cho
20:55 HinataKagenou: deo ph bunker
20:56 HinataKagenou: dcm
20:56 HinataKagenou: cai deo j v
20:56 Nem          : deex di hon
20:56 HinataKagenou: ee
20:57 Nem          : wwtf
20:57 HinataKagenou: hn bi dao roi :<
20:57 Nem          : reston time
20:57 HinataKagenou: redstone...
20:58 Nem          : du
20:58 Nem          : tks anh huy
20:58 HinataKagenou: ;v
20:59 HinataKagenou: dang build nen de bloodmoon kho chiuj ;v
21:05 Nem          : lag nhu cho
21:26 HinataKagenou: e nam
21:26 Nem          : ?
21:27 HinataKagenou: qua nha t xem khong ;v
21:27 Nem          : tutu
21:32 Nem          : e huy
21:32 HinataKagenou: j m
21:32 Nem          : tpa đén t ik
21:32 Nem          : xem cai này
21:32 HinataKagenou: vaiiiii
21:32 Nem          : chx xog
21:32 HinataKagenou: dep v
21:33 HinataKagenou: qua nha t de
21:33 Nem          : ok
21:33 HinataKagenou: t cần ý tưởng cho phòng nớ
21:33 Nem          : m dau r
21:33 HinataKagenou: bam nut di
21:34 HinataKagenou: giet enderman cai
21:34 Nem          : chx trust
21:34 HinataKagenou: ;v
21:34 HinataKagenou: th ke
21:34 Nem          : hoh
21:34 Nem          : wwtf
21:34 Nem          : ơ
21:34 HinataKagenou: hấn cần slime ms đc
21:34 Nem          : choox ni là 4x4 mà
21:34 HinataKagenou: t nạy thay kh hư mẹ
21:34 HinataKagenou: ýe
21:34 Nem          : tự nhiên thành cổng 2x2 r
21:35 Nem          : 2x3 chứ
21:35 HinataKagenou: v ms nguy trang
21:35 Nem          : ko khớp lắm nhaa
21:35 HinataKagenou: đã bảo ngụy trang rồi con
21:35 Nem          : duuu
21:35 HinataKagenou: dưới này chưa biết để gì
21:35 Nem          : roongj rk
21:35 HinataKagenou: đào hư mẹ cúp rồi
21:38 Nem          :  placed a sign @ world: x-773, z-106
  chx xog
21:38 HinataKagenou: chx xog
21:38 Nem          : chx xog
21:38 HinataKagenou: x-773 z-106
21:39 Nem          : thực ra là đói
21:40 Nem          : doi ai heo hinata
21:41 HinataKagenou: uh
21:41 Nem          : th
21:41 Nem          : t off đây
21:41 HinataKagenou: moe
21:41 Nem          : reed mà vô thì bảo hn ra xem chỗ t lm
21:41 HinataKagenou: nhan discord de
21:41 HinataKagenou: la dc
21:41 Nem          : mắc chi moe
21:42 HinataKagenou:  placed a sign @ world: x-328, z25
  Hinata's house
21:42 Nem          : gia huy pay gorn
21:42 HinataKagenou: urrr
21:43 HinataKagenou:  placed a sign @ world: x-351, z24
  UNKNOW
  ROOM
21:43 HinataKagenou:  placed a sign @ world: x-354, z26
  Đảng Cộng sản
  Việt Nam
  muôn năm
21:43 HinataKagenou:  placed a sign @ world: x-354, z25
  Chủ tịch
  Hồ Chí Minh
  muôn năm
21:44 HinataKagenou: nem
21:44 Nem          : ?
21:44 HinataKagenou: phòng n rộng vc
21:44 HinataKagenou: h làm j ở trong n
21:44 Nem          : phong mo
21:44 Nem          : ?
21:44 HinataKagenou: tầng hầm
21:44 HinataKagenou:  placed a sign @ world: x-351, z24
  UNKNOWN
  ROOM
21:45 HinataKagenou: h lm j :<
21:45 Nem          : idk
21:45 Nem          : xay dai hinh
22:05 reedyesyes   : hinata gay 123
22:05 reedyesyes   : :v
22:07 HinataKagenou: off day
22:08 reedyesyes   : ...
22:10 reedyesyes   :  placed a sign @ world: x-755, z-107
  ê nam
  viết cái note ngay
  bên trái của
  cái biển cái!
22:12 reedyesyes   :  placed a sign @ world: x-757, z-109
  PHÒNG PHÓNG TÊN
  LỬA HẠT NHÂN
  SIÊU THANH.
22:13 reedyesyes   :  placed a sign @ world: x-757, z-109
  KHU VỰC CHỈ DÀNH
  CHO NHỮNG NGƯỜI
  THUỘC BỘ MÁY
  CHÍNH QUYỀN.
22:34 reedyesyes   :  placed a sign @ world: x-742, z-96
  XIN CHỦ BUNKER
  TRƯỚC KHI LẤY GÌ
  TRONG KHO.
22:39 reedyesyes   :  placed a sign @ world: x-743, z-123
  Phòng
  &lTẠM THỜI
  của
  'Ksenia'
22:39 reedyesyes   :  placed a sign @ world: x-743, z-123
  Phòng
  TẠM THỜI
  của
  'Ksenia'
22:42 reedyesyes   :  placed a sign @ world: x-743, z-123
  Phòng
  §
  của
  'Ksenia'
22:43 reedyesyes   :  placed a sign @ world: x-743, z-123
  Phòng TẠM THỜI 
  của 'Ksenia'
22:44 reedyesyes   :  placed a sign @ world: x-743, z-123
  Phòng TẠM THỜI 
  của 'Ksenia'
  CHỈ ĐƯỢC CHỦ 
  TỊCH VÀ 'Ksenia'
23:04 reedyesyes   :  placed a sign @ world: x-745, z-132
  Phòng thí nghiệm
  (CẤM VÀO, NẾU VÀ
  BÀ MÀY THẮT CỔ
  MÀY CHẾT.)
23:04 reedyesyes   :  placed a sign @ world: x-745, z-137
  ingredients.
23:46 reedyesyes   :  placed a sign @ world: x-755, z-106
  viết như mấy cái 
  kia luôn nha!
23:46 reedyesyes   :  placed a sign @ world: x-755, z-106
  viết như mấy cái 
  kia luôn nha!
  (viết xong phá 2
  cái biển với
23:47 reedyesyes   :  placed a sign @ world: x-755, z-106
  viết như mấy cái 
  kia luôn nha!
  (viết xong phá 2
  cái biển với nớ)
23:52 reedyesyes   :  placed a sign @ world: x-746, z-104
  CẤM UỐNG.
  uống với ăn trộm
  là gay
