05:58 TruongThiTam placed suspicious WATER_BUCKET @ world: x82, z-1445
06:01 TruongThiTam placed suspicious WATER_BUCKET @ world: x22, z1
06:01 TruongThiTam placed suspicious WATER_BUCKET @ world: x22, z-2
06:02 TruongThiTam placed suspicious WATER_BUCKET @ world: x22, z-3
06:04 TruongThiTam placed suspicious WATER_BUCKET @ world: x5, z27
06:04 TruongThiTam placed suspicious WATER_BUCKET @ world: x4, z27
06:04 TruongThiTam placed suspicious WATER_BUCKET @ world: x6, z27
06:04 TruongThiTam placed suspicious WATER_BUCKET @ world: x5, z27
06:04 TruongThiTam placed suspicious WATER_BUCKET @ world: x8, z27
11:50 HinataKagenou: ;v
12:10 HinataKagenou: looo
12:10 HinataKagenou: ms an com xg
12:10 TruongThiTam : t cung v
12:10 TruongThiTam : ms an xong
12:15 TruongThiTam : e huy
12:15 TruongThiTam : sao lag rk
12:15 HinataKagenou: ai bt
12:15 HinataKagenou: nhin mang m de
12:15 HinataKagenou: co 3 coc
12:18 HinataKagenou: vcllll
12:18 HinataKagenou: ban dat
12:18 HinataKagenou: mup rup luon
12:18 HinataKagenou: dc
12:18 HinataKagenou: 500k
12:18 HinataKagenou: vclll
12:20 HinataKagenou: yeeeeeeeeeeeee
12:20 HinataKagenou: ddcm
12:20 HinataKagenou: dcm
12:20 HinataKagenou: che dc tim r
12:20 HinataKagenou: bú
12:21 HinataKagenou: hihuuuuuuu
12:21 HinataKagenou: dcm lam cho rk
12:22 HinataKagenou: h t co 9 tim r
12:22 HinataKagenou: yeee
12:22 HinataKagenou: de them phao hoa ms vao shop
12:25 TruongThiTam : hay
12:25 HinataKagenou: dcm
12:26 HinataKagenou: vcl
12:26 HinataKagenou: lang ne
12:26 HinataKagenou: free food!!
12:27 HinataKagenou: moe
12:27 HinataKagenou: rest avchiment
12:27 TruongThiTam : full giap netherite ms cam vao sat
12:27 HinataKagenou: :)?
12:28 HinataKagenou: ý là sau hôm bảo đánh rồng thì t reset mấy cái thành tựu
12:28 HinataKagenou: eeeeeeeeeeeeeeeeeeee
12:28 TruongThiTam : 7 gao
12:28 HinataKagenou: dcmm
12:28 Geogre_XD    : cho
12:28 HinataKagenou: ms quang 12 cuc thit thi clearlagg
12:28 HinataKagenou: dcmmm
12:32 HinataKagenou: tau bo hoang ne
12:32 Geogre_XD    : nah
12:33 HinataKagenou: hay qua
12:36 HinataKagenou: uhh
12:36 HinataKagenou: di xay nha ms thoi
12:36 TruongThiTam : e huy
12:37 HinataKagenou: j
12:37 TruongThiTam : rg t mua 2 sao ko dung dc
12:37 HinataKagenou: m phai doi co
12:37 HinataKagenou: trong shop bị lỗi r
12:37 HinataKagenou: mang sang đây t đổi
12:37 Geogre_XD    : doi cho no
12:38 HinataKagenou: à mà thôi
12:38 HinataKagenou: hiện tại là tim n không đổi đc nhá
12:38 HinataKagenou: để t nâng giá đã
12:38 HinataKagenou: :))
12:38 Geogre_XD    : hoan tien cho no
12:38 HinataKagenou: mang sang t đê
12:38 HinataKagenou: t lấy tim fake rồi t trả tiền chi
12:38 HinataKagenou: t lấy tim fake rồi t trả tiền cho
12:40 HinataKagenou: ok r
12:44 HinataKagenou: vcl
12:44 HinataKagenou: bao 14tim r
12:48 Geogre_XD    : ?
12:48 TruongThiTam : bao solo lai k
12:48 Geogre_XD    : ok
12:49 HinataKagenou: t chs vs
12:49 Geogre_XD    : khoan
12:50 TruongThiTam : dc chx
12:50 Geogre_XD    : r
12:52 HinataKagenou: fast vro
12:54 TruongThiTam : chs tiep k
12:54 Geogre_XD    : ve over world
12:54 TruongThiTam : ok
12:54 TruongThiTam : giap t sap nat r
12:55 HinataKagenou: chs vs
12:55 HinataKagenou: t vs duong 1 team
12:55 Geogre_XD    : ok
12:55 HinataKagenou: hoac
12:55 TruongThiTam : 1v1v1
12:55 HinataKagenou: 1 v 1 v 1
12:56 TruongThiTam : ko run ok
12:56 Geogre_XD    : tuy
12:56 TruongThiTam : tutu
12:56 TruongThiTam : troi sang r chs
12:56 HinataKagenou: di ngu de
12:56 TruongThiTam : vc
12:56 HinataKagenou: ngu de
12:56 HinataKagenou: cho roi
12:56 TruongThiTam : co quyen dau
12:56 HinataKagenou: nguuuu
12:56 HinataKagenou: cho roi
12:57 Geogre_XD    : chs
12:57 HinataKagenou: thg bao ngu de
12:57 TruongThiTam : thg bao dau
12:57 HinataKagenou: doi t lay ti food
12:57 HinataKagenou: dc chx
12:57 Geogre_XD    : cho tao ti nha
12:58 HinataKagenou: duong e
12:58 HinataKagenou: chs trc khong?
12:58 TruongThiTam : ok
12:59 HinataKagenou: vcl thorn
12:59 HinataKagenou: ma van thua
12:59 TruongThiTam : l
12:59 TruongThiTam : t chx bu thuoc
12:59 HinataKagenou: vai ca bu thuoc
12:59 HinataKagenou: ném thuốc sức mạnh vô t mchi rk:))
12:59 Geogre_XD    : =))
12:59 HinataKagenou: đao
13:00 HinataKagenou: dcm chs ban nhu cho
13:01 HinataKagenou: tf
13:01 HinataKagenou: cay guy
13:01 HinataKagenou: dcmdd
13:01 HinataKagenou: moe
13:02 HinataKagenou: đã chs thuốc, khiên, mắt ender
13:02 HinataKagenou: xg thua rồi cay ...
13:03 Geogre_XD    : ok
13:04 Geogre_XD    : ae dau r
13:04 HinataKagenou: duong out r
13:04 HinataKagenou: t di xay nha moi tiep
13:04 Geogre_XD    : pvp ko
13:04 HinataKagenou: ok
13:05 HinataKagenou: totem nx a cuuuuuuu
13:05 Geogre_XD    : ko chs ak
13:05 HinataKagenou: uk
13:05 Geogre_XD    : ok
13:07 Geogre_XD    : lag qua
13:07 HinataKagenou: vl bro
13:07 Geogre_XD    : huy lag ak
13:08 HinataKagenou: idk
13:08 HinataKagenou: deo bt
13:08 HinataKagenou: dua 1 tim day
13:08 HinataKagenou: dcm
13:08 Geogre_XD    : thay bay bay
13:08 HinataKagenou: vai ca bay
13:08 Geogre_XD    : =))
13:08 HinataKagenou: t thay m lag hon ;v
13:08 Geogre_XD    : =/
13:08 Geogre_XD    : lai de
13:08 HinataKagenou: đưa 1 tim đây
13:08 HinataKagenou: dcm
13:08 HinataKagenou: t giết m rrr
13:08 Geogre_XD    : tao tu chet =))
13:08 HinataKagenou: deoooooo
13:09 HinataKagenou: rk doi ti
13:09 HinataKagenou: de t cbi
13:09 HinataKagenou: chs totem luon cho mau
13:09 HinataKagenou: ra shop mua do da
13:09 HinataKagenou: chet cha
13:09 HinataKagenou: mua nham stack roi
13:10 HinataKagenou: de t them end crystal vao shop
13:10 HinataKagenou: mua cho ez
13:11 HinataKagenou: ok r
13:12 HinataKagenou: tutu da
13:12 Geogre_XD    : lag =/
13:13 Geogre_XD    : out ti
13:13 reedyesyes   : nam nghe song vo tung lop xa
13:14 HinataKagenou: dc,
13:14 HinataKagenou: dcm
13:14 reedyesyes   : j
13:14 HinataKagenou: dc chx
13:14 HinataKagenou: baoztran
13:14 Geogre_XD    : chx
13:14 reedyesyes   : alo ghuy
13:14 HinataKagenou: j
13:14 Geogre_XD    : r
13:14 reedyesyes   : cho t redwool t lam banner vietnam tiep :v
13:15 reedyesyes   : alo
13:16 Geogre_XD    : hu giap r
13:17 HinataKagenou: moe
13:17 HinataKagenou: deo chs nx
13:17 HinataKagenou: dcm
13:17 reedyesyes   : :v
13:17 Geogre_XD    : hu giap r
13:17 HinataKagenou: đã totem còn cắn táo vàng
13:17 HinataKagenou: pvp nhu con cac
13:17 Geogre_XD    : ?
13:17 Geogre_XD    : dc ma
13:17 Geogre_XD    : ai cam
13:17 HinataKagenou: ai noi khong dc
13:17 HinataKagenou: nhm fairplay deeeeee
13:17 HinataKagenou: t co can tao dau
13:17 HinataKagenou: dcm
13:18 Geogre_XD    : o
13:18 Geogre_XD    : nah
13:18 HinataKagenou: thực ra là đánh đùa
13:18 HinataKagenou: ,...
13:18 HinataKagenou: tnhien dat end crystal mchi
13:18 Geogre_XD    : rua ma noi fiarplay chiu luon
13:18 HinataKagenou: ra đây trả tim
13:19 HinataKagenou: moeeê
13:19 HinataKagenou: đánh đùa mấy cái cho vui
13:19 Geogre_XD    : nah
13:19 HinataKagenou: xg m đặt end crystal
13:19 Geogre_XD    : cs totem
13:19 HinataKagenou: moe
13:19 Geogre_XD    : xg mi dat them cai nx chet
13:19 HinataKagenou: t đấm bằng kiếm th
13:19 Geogre_XD    : fiar du chx
13:20 HinataKagenou: m đặt crytal xg tự chết :<
13:20 Geogre_XD    : cs totem r
13:20 HinataKagenou: uhh
13:20 HinataKagenou: udk
13:20 Geogre_XD    : xg mi danh moi chet
13:20 HinataKagenou: ukk
13:20 Geogre_XD    : hu het giap
13:20 HinataKagenou: t đánh chét dooo
13:20 HinataKagenou: lấy tim nx kh
13:20 HinataKagenou: dcm
13:20 Geogre_XD    : mac chi "dcm
13:22 reedyesyes   : vcl
13:22 HinataKagenou: reed oi
13:22 reedyesyes   : j
13:22 HinataKagenou: nay m noi j t a
13:22 reedyesyes   : cho t
13:22 reedyesyes   : yellow banner
13:22 reedyesyes   : 32 cai
13:23 HinataKagenou: để t mua rồi mang qua
13:23 HinataKagenou: ahhhhh
13:23 HinataKagenou: shop deo ban
13:23 HinataKagenou: bo de
13:24 HinataKagenou: :))
13:24 reedyesyes   : give
13:24 reedyesyes   : uhh
13:24 reedyesyes   : yellow baner
13:24 reedyesyes   : 32
13:29 reedyesyes   : dm
13:29 HinataKagenou: ahhhh
13:29 reedyesyes   : toan trung hang
13:29 HinataKagenou: moe
13:30 HinataKagenou: rg dao n mua lam theeeee
13:30 HinataKagenou: qua chs
13:30 reedyesyes   : here
13:30 HinataKagenou: huh?
13:31 reedyesyes   : hoi to
13:31 reedyesyes   : lower 1 ti
13:32 HinataKagenou:  placed a sign @ world: x-736, z-131
  PHÒNG CỦA
  HinataKagenou
13:32 HinataKagenou: ve day
13:32 HinataKagenou: chan r
13:34 HinataKagenou: di dau day cu
13:34 Geogre_XD    : lo r
13:34 Geogre_XD    : tra bot
13:35 HinataKagenou: chet cha
13:35 Geogre_XD    : ?
13:35 HinataKagenou: bug roi
13:35 HinataKagenou: vi 1 cach than ki nao do h t co 20 tim
13:37 HinataKagenou: wtf
13:37 HinataKagenou: dang protect from pvp ma
13:37 HinataKagenou: sv game
13:37 HinataKagenou: dcm
13:37 HinataKagenou: tra 1 tim day
13:38 Geogre_XD    : how
13:38 HinataKagenou: vaiiii
13:38 HinataKagenou: ./withdrawheart
13:38 HinataKagenou: tra 1 tim day
13:38 HinataKagenou: ./withdrawheart 1
13:39 HinataKagenou: ok
13:39 HinataKagenou: ve day
13:39 HinataKagenou: deo ve dc
13:39 HinataKagenou: dc
13:40 HinataKagenou: suc vat
13:40 HinataKagenou: ve day
13:40 Geogre_XD    : roblox ko
13:40 HinataKagenou: moee
13:40 Geogre_XD    : ?
13:40 HinataKagenou: dg chs minecraft ru robloc
13:40 HinataKagenou: dg chs minecraft ru roblox
13:40 HinataKagenou: nghe chan vcl
13:40 reedyesyes   : ru
13:40 Geogre_XD    : =))
13:41 Geogre_XD    : pvp tiep ko
13:41 HinataKagenou: duong cay chac la deo chs nx r
13:41 HinataKagenou: vai lon
13:41 HinataKagenou: t bị anti cheat kick vì ném đồ quá nhanh
13:41 Geogre_XD    : =))
13:43 reedyesyes   : troi oi
13:43 reedyesyes   : thoi a bao oi
13:43 reedyesyes   : thoi
13:43 Geogre_XD    : =))
13:44 Geogre_XD    : dc r
13:44 reedyesyes   : t dang lam
13:44 reedyesyes   : base phu
13:46 reedyesyes   : may luc dang dao cu nghe eerie noises
13:46 reedyesyes   : cha cay
13:48 reedyesyes   : gia huy giup v
13:48 reedyesyes   : :v
13:48 HinataKagenou: ok
13:49 HinataKagenou: dabrutal vo call ho vui
13:49 reedyesyes   : dao j nhanh v cha
13:49 reedyesyes   : :scream:
13:52 reedyesyes   : ko can cho lam
13:52 reedyesyes   : :v
13:53 HinataKagenou: h?
13:53 reedyesyes   : .
13:54 HinataKagenou: duong qua nha t lay do di thg lon
13:56 reedyesyes   : .
13:56 HinataKagenou: j?
13:56 reedyesyes   : dương đánh t xong bị thorns giết chết
13:56 HinataKagenou: :))
13:57 TruongThiTam : ko can dau
13:58 reedyesyes   : ok
13:58 reedyesyes   : troi oi
14:00 reedyesyes   : .
14:00 HinataKagenou: ...
14:00 reedyesyes   : tpask sang di
14:00 reedyesyes   : xem reason cua thang duong
14:01 reedyesyes   : gia huy oi!!!!!!!!!!!
14:02 TruongThiTam : e
14:02 reedyesyes   : j
14:02 TruongThiTam : chao
14:02 reedyesyes   : chao
14:02 TruongThiTam : t se ko quay lai
14:02 reedyesyes   : a nham
14:02 reedyesyes   : chao quoc truong
14:02 reedyesyes   : t giet cho m nha
14:02 reedyesyes   : .
14:03 TruongThiTam : oh
14:03 TruongThiTam : bug
14:03 HinataKagenou: yes
14:03 HinataKagenou: bug
14:03 TruongThiTam : t 20 tim nay
14:03 reedyesyes   : .
14:04 reedyesyes   : ngonnn
14:05 reedyesyes   : huy eyy
14:05 HinataKagenou: j
14:06 reedyesyes   : ??
14:07 reedyesyes   : bị chi à??
14:07 reedyesyes   : điên
14:07 HinataKagenou: tutu de t fix bug
14:07 HinataKagenou: lmj d
14:07 HinataKagenou: m 20tim la do bug chu cai deo j
14:08 HinataKagenou: trả 10 tim đê
14:08 reedyesyes   : dương đánh t xong bị giết bởi thorns mà???
14:08 reedyesyes   : ???
14:08 HinataKagenou: nhm cung do thg duong dung bug nx
14:08 HinataKagenou: 2 bay tra tim de
14:08 reedyesyes   : t còm có 0.5 tim??
14:08 TruongThiTam : t cung v
14:08 TruongThiTam : th
14:08 HinataKagenou: 9 tim bao 0,5
14:08 HinataKagenou: :))
14:09 TruongThiTam : dell chs vs bay nx mo
14:09 HinataKagenou: vcl
14:09 HinataKagenou: dam nham
14:09 reedyesyes   : lúc trước*
14:10 HinataKagenou: do
14:10 reedyesyes   : thay hộ t trần với sàn với tường thành polished andesite or whatever it is
14:10 TruongThiTam : ai muon t donate tim
14:11 TruongThiTam : t donate 8 qua
14:11 reedyesyes   : t...
14:13 reedyesyes   : a t can lai dong xp tung co de enchant
14:15 HinataKagenou: moe duong bi deo j v tr
14:15 reedyesyes   : dang cay
14:16 reedyesyes   : chac vay
14:16 HinataKagenou: deo bt
14:16 HinataKagenou: ngao
14:16 HinataKagenou: cu tutu de ngta fix bug da na
14:16 HinataKagenou: moe
14:16 HinataKagenou: ban chat cuat plugin: het tim la ban forever
14:16 HinataKagenou: t chi de ban 1s th
14:17 HinataKagenou: ma quen sua so tim bat dau
14:18 reedyesyes   : ghuy ei
14:18 reedyesyes   : xong r giup t phat
14:19 HinataKagenou: huh
14:19 HinataKagenou: oke
14:20 reedyesyes   : lag r vl
14:20 reedyesyes   : .
14:20 reedyesyes   : wtf.
14:20 reedyesyes   : polished ma
14:20 reedyesyes   : ok
14:21 reedyesyes   : tường???
14:21 HinataKagenou: wait
14:21 reedyesyes   : kk
14:22 reedyesyes   : 1 ben nua cha oi
14:22 reedyesyes   : troi oi
14:23 reedyesyes   : .
14:23 reedyesyes   : really vro...
14:23 reedyesyes   : .
14:25 reedyesyes   : OMAIGOD
14:25 reedyesyes   : DAVIDGAMINGPRP??!?!?!
14:26 reedyesyes   : oi vl
14:26 reedyesyes   : vl
14:26 HinataKagenou: quen chx
14:26 HinataKagenou: quen chx
14:26 HinataKagenou: bo may fix thanh cong r
14:26 reedyesyes   : alo
14:26 reedyesyes   : fix tuong cho t cai
14:27 reedyesyes   : may
14:27 reedyesyes   : .
14:27 reedyesyes   : a ko
14:28 reedyesyes   : tuong 2 bloodmoon
14:28 reedyesyes   : eh
14:28 reedyesyes   :  placed a sign @ world: x-736, z-131
  PHÒNG CỦA
  reedyesyes
14:28 HinataKagenou: phong cua reedyesyes
14:28 reedyesyes   : yup
14:28 HinataKagenou: x -736 z-131
14:29 HinataKagenou: ok
14:29 HinataKagenou: cchetme
14:29 HinataKagenou: tan the roi
14:29 HinataKagenou: deo tat dc bloodmoon
14:30 reedyesyes   : den luc lam bunker
14:30 reedyesyes   : sieu cool
14:36 davidgamingprp: ok r
14:36 davidgamingprp: dcm
14:37 reedyesyes    : ngon
14:37 reedyesyes    : dau zombie
14:40 HinataKagenou : hai nguu
14:40 HinataKagenou : kb
14:40 HinataKagenou : hinata255
14:41 reedyesyes    : clearweather di cha
14:41 HinataKagenou : deo co op
14:41 HinataKagenou : noi nhieu
14:41 reedyesyes    : .
14:42 HinataKagenou : nha t deo pha dc mooooo
14:42 HinataKagenou : nguuuuuuuu
14:43 HinataKagenou : hai nguuu
14:44 HinataKagenou : e ra day
14:44 HinataKagenou : di theo t
14:44 HinataKagenou : di theo
14:44 HinataKagenou : dcm
14:44 HinataKagenou : suc vat
14:44 HinataKagenou : davidgamingprp
14:44 HinataKagenou : dcmmmmm
14:44 HinataKagenou : lai dayyyyyyy
14:54 reedyesyes    : cho bao cai ni
14:54 reedyesyes    : troi oi
14:54 reedyesyes    : cho nay
14:55 reedyesyes    : cho m ne
14:57 HinataKagenou : da
14:57 HinataKagenou : lai day tra tim
14:57 reedyesyes    : deo cho m nua
14:57 HinataKagenou : reed
14:57 reedyesyes    : cut
14:57 reedyesyes    : :rage:
14:57 HinataKagenou : lai day
14:57 HinataKagenou : dua
14:57 HinataKagenou : just kidding brp
14:58 HinataKagenou : /whisper Geogre_XD 
14:58 HinataKagenou : /whisper Geogre_XD e 
14:58 HinataKagenou : /r kh chs totem 
14:58 HinataKagenou : /r nhm 1 dam han 1 hoi xg t nhay vo 
14:59 HinataKagenou : /r nhm m dam han 1 hoi xg t nhay vo 
14:59 reedyesyes    : t se lam 1 cai sieu ton tien
14:59 reedyesyes    : ae chuan bi xem
15:00 reedyesyes    : :sunglasses:
15:00 HinataKagenou : :))
15:00 reedyesyes    : ae co
15:00 reedyesyes    : like
15:00 reedyesyes    : 2 netherite smithing template ko
15:01 reedyesyes    : cho m nay
15:01 reedyesyes    : cho ghuy
15:02 HinataKagenou : cammonn
15:02 reedyesyes    : vietnam oi!!!!
15:02 reedyesyes    : cãi t sang 'về đi em'
15:02 reedyesyes    : :sunglasses
15:02 reedyesyes    : a co 2 netherite smithing template ko
15:02 reedyesyes    : co ko
15:02 HinataKagenou : deo co
15:03 reedyesyes    : i dung infinity
15:03 HinataKagenou : h ri de
15:03 HinataKagenou : t vs bao 1 doi
15:04 reedyesyes    : ne
15:05 HinataKagenou : :))))))
15:06 HinataKagenou : e bay
15:06 HinataKagenou : h t vs hai mo doi
15:06 HinataKagenou : bay 1 doi
15:06 reedyesyes    : biet j chx
15:06 HinataKagenou : chs de
15:06 HinataKagenou : h t vs hai mo doi
15:06 HinataKagenou : dam nhau de
15:06 reedyesyes    : de troi bao di
15:06 reedyesyes    : :v
15:07 reedyesyes    : ae co like
15:07 HinataKagenou : reed
15:07 HinataKagenou : gay
15:07 reedyesyes    : some netherite so i can fix my stuff
15:08 reedyesyes    : 3 netherite
15:08 reedyesyes    : cho ti xp t enchant
15:11 HinataKagenou : dang tutu de
15:11 reedyesyes    : giet ga
15:11 reedyesyes    : danh zombie!!
15:11 reedyesyes    : oi troi oi
15:11 reedyesyes    : qua bunker cho t di
15:12 HinataKagenou : 2 blood moon
15:12 HinataKagenou : dcm
15:12 HinataKagenou : nhamm
23:30 reedyesyes: shop
23:30 reedyesyes: .
