07:39 HinataKagenou: looooo
07:39 Geogre_XD    : lo
07:39 Geogre_XD    : adu
07:39 HinataKagenou: check money
07:40 Geogre_XD    : nha tao vs nha huy =)) kieu
07:40 HinataKagenou: =))
07:40 Geogre_XD    : vl
07:40 Geogre_XD    : xin ri
07:41 Geogre_XD    : sao full mau day r
07:41 Geogre_XD    : j vay
07:41 HinataKagenou: cai j?
07:41 HinataKagenou: toi nay la bloodmoon
07:41 Geogre_XD    : ak
07:42 HinataKagenou: moe
07:42 HinataKagenou: am tien nx roi
07:42 Geogre_XD    : nam cs chs ak
07:42 HinataKagenou: uk
07:42 HinataKagenou: hn ms vo toi qua
07:43 HinataKagenou: nha t full sat
07:43 Geogre_XD    : =)) rich
07:43 HinataKagenou: mot phan mua
07:43 HinataKagenou: 1 phan di dao
07:44 Geogre_XD    : ko cs quai vat
07:44 HinataKagenou: tf
07:44 Geogre_XD    : ?
07:44 HinataKagenou: d co quai
07:44 HinataKagenou: :)?
07:44 HinataKagenou: e bat mic
07:44 Geogre_XD    : dau vl
07:44 HinataKagenou: nghe dc khong?
07:45 HinataKagenou: bat mic de
07:45 Geogre_XD    : noi lai
07:45 HinataKagenou: kho vaiii
07:46 Geogre_XD    : kho vl
07:47 HinataKagenou: kho vai ca da
07:47 HinataKagenou: nghe j khong m
07:47 HinataKagenou: bat loa de
07:47 HinataKagenou: v
07:48 Geogre_XD    : noi lai
07:48 HinataKagenou: ns j dii
07:48 HinataKagenou: sv
07:48 HinataKagenou: nghe dc kh ;v
07:48 Geogre_XD    : ko
07:48 HinataKagenou: do loa m roi
07:49 HinataKagenou: claim dat de
07:49 HinataKagenou: ve nha day:)
07:55 Geogre_XD    : afk ti
08:09 HinataKagenou: dcmmmm
08:09 HinataKagenou: vua ms nem may do ms mua xg
08:09 HinataKagenou: thi clearlag
08:11 HinataKagenou:  placed a sign @ world: x-349, z45
  dddd
08:11 HinataKagenou:  placed a sign @ world: x-346, z49
  dw
08:13 HinataKagenou: ;v
08:13 HinataKagenou: chx lm
08:13 Geogre_XD    : ghe mo
08:13 HinataKagenou: chx bt lm
08:13 HinataKagenou: dg xem tutorial lm cai khac ;v
08:13 Geogre_XD    : =))
08:18 HinataKagenou: t off ti
08:22 HinataKagenou: lo
08:22 Geogre_XD    : lo
08:22 HinataKagenou: mej chiếm máy t
08:22 HinataKagenou: t nhảy qua máy bố
08:22 HinataKagenou: ;v
08:22 Geogre_XD    : =))
08:22 HinataKagenou: muot vai'
08:23 Geogre_XD    : 100 fps
08:23 HinataKagenou: 300
08:23 Geogre_XD    : vl
08:24 HinataKagenou: moe
08:24 Geogre_XD    : ?
08:24 HinataKagenou: quen cai mod ben may n
08:25 Geogre_XD    : out ra cai vao
08:25 HinataKagenou: nhac quaa
08:25 HinataKagenou: nhanh thoi nhm
08:25 HinataKagenou: nhacc
08:25 Geogre_XD    : =/
08:29 HinataKagenou: ua m dau r
08:29 Geogre_XD    : niether
08:30 HinataKagenou: e ,
08:30 Geogre_XD    : ?
08:30 HinataKagenou: t tang gia totem r
08:30 Geogre_XD    : check
08:30 HinataKagenou: h t lay totem cua m de ban:)
08:30 HinataKagenou: hahaha
08:30 HinataKagenou: ez money
08:30 HinataKagenou: 25k
08:30 HinataKagenou: ;))
08:30 Geogre_XD    : ko fit loi mo ruong cua ng khac ak
08:31 HinataKagenou: ua
08:31 HinataKagenou: roi ma ta
08:31 HinataKagenou: nhac ms nho
08:31 Geogre_XD    : sao mi mo dc ruong tao =))
08:31 HinataKagenou: t da claim dau
08:31 Geogre_XD    : ko sao bo may lam may farm totem
08:31 Geogre_XD    : ez
08:31 HinataKagenou: t nhan trg discord la t doi plugin roi ma
08:31 HinataKagenou: claim lai de
08:31 Geogre_XD    : ok
08:32 HinataKagenou: mượt vãiiii
08:32 HinataKagenou: mê tht
08:34 HinataKagenou: game nmuot qua
08:34 HinataKagenou: bam nham
08:35 Geogre_XD    : =/
08:36 Geogre_XD    : claim kieu chi day
08:36 HinataKagenou: ./buyclaim de mua dat
08:36 HinataKagenou: xg m che seng vang ma claim
08:37 Geogre_XD    : la sao
08:37 HinataKagenou: h nhá
08:38 HinataKagenou: ./buyclaim là mua đất
08:38 Geogre_XD    : uk
08:38 HinataKagenou: còn h m chế xẻng vàng rồi claim
08:38 HinataKagenou: m lên youtube search cách dùng griefprevention i
08:38 Geogre_XD    : vl
08:38 Geogre_XD    : de sau de
09:04 Geogre_XD    : huy
09:04 HinataKagenou: j
09:04 Geogre_XD    : khoi dung nham dat rua
09:04 HinataKagenou: deo bt
09:05 Geogre_XD    : ez money
09:05 Geogre_XD    : giam gia de
09:05 HinataKagenou: uk
09:06 Geogre_XD    : giam chx
09:07 HinataKagenou:  placed a sign @ world: x-355, z29
  dw
09:13 Geogre_XD    : nem kia
09:13 HinataKagenou: adu
09:13 HinataKagenou: Nem
09:13 Nem          : huy mo roi
09:13 HinataKagenou: trg nha
09:13 Nem          : wwtf huuyyy
09:14 HinataKagenou: t hack fly ma ;v
09:14 HinataKagenou: wuruust
09:14 Nem          : ko
09:14 HinataKagenou: tj
09:14 HinataKagenou: j
09:14 Nem          : y t la
09:14 HinataKagenou: ke di
09:14 HinataKagenou: dep ma
09:14 Nem          : lắp đèn ko hợp
09:14 HinataKagenou: de sua sau
09:14 HinataKagenou: vo day
09:15 HinataKagenou: tu lanh vs ban an
09:15 HinataKagenou: di e
09:15 HinataKagenou: lay do an ma an
09:15 HinataKagenou: do
09:15 Nem          : ok
09:16 Nem          : du
09:16 Nem          : e
09:16 HinataKagenou: j
09:16 Nem          : đêm trăng máu kìa
09:16 HinataKagenou: uk
09:17 HinataKagenou: t ms buff cho quai lo qua
09:17 HinataKagenou: khoan da ra
09:17 HinataKagenou: ;v
09:17 HinataKagenou: de fix sau
09:17 Geogre_XD    : de rua di
09:17 Nem          : m thích nhật lắm hả
09:17 HinataKagenou: my bedroom here
09:17 HinataKagenou: di giet quai de
09:18 HinataKagenou: dau vcd
09:18 Geogre_XD    : ?
09:19 Nem          : thooi h
09:19 HinataKagenou: h sao
09:19 Nem          : t di du ngoai
09:19 Nem          : di tim tu do
09:19 HinataKagenou: ok=))
09:19 HinataKagenou: tim dao di
09:19 HinataKagenou: roi t se xay cau sang do
09:19 HinataKagenou: ;v
09:20 HinataKagenou: cau bang cho m di thuyen cho nhanh:))
09:20 Geogre_XD    : chet ko mat tim ak
09:20 HinataKagenou: bị người chơi giết mới mất
09:20 HinataKagenou: chết bth không
09:20 HinataKagenou: config lại r
09:20 Geogre_XD    : ok
09:24 HinataKagenou: dau roi nem
09:24 Nem          : e
09:24 Nem          : m di qua kia
09:24 HinataKagenou: j
09:24 Nem          : điểm đánh dấu
09:25 HinataKagenou: dao m o day a
09:25 Nem          : chx
09:25 Nem          : shop
09:25 HinataKagenou: di ve da
09:26 HinataKagenou: h ve t kieu j?
09:27 HinataKagenou: de t con xay cau
09:28 Nem          :  placed a sign @ world: x4, z20
  ĐIỂM CẢNH
  ĐẢO PARADIS
  LÃNH HẢI THUỘC
  NEM
09:29 HinataKagenou: j
09:29 Nem          : Có cái bảng này
09:29 Geogre_XD    : call ko ae
09:29 HinataKagenou: deo call dc
09:30 Geogre_XD    : sao
09:30 HinataKagenou:  placed a sign @ world: x4, z20
  ĐIỂM CẢNH
  ĐẢO PARADIS
  LÃNH HẢI THUỘC
  NEM
09:30 HinataKagenou:  placed a sign @ world: x4, z20
  ĐIỂM CẠNH
  ĐẢO PARADIS
  LÃNH HẢI THUỘC
  NEM
09:30 HinataKagenou: bo dang ben canh
09:30 HinataKagenou: ;v
09:30 Geogre_XD    : =/
09:30 HinataKagenou: Nem
09:30 Nem          : chet moe
09:30 Nem          : mua nhiều quá r
09:30 HinataKagenou: ban lai
09:31 HinataKagenou: h ve nha t kieu j?
09:31 Nem          : di thẳng
09:31 HinataKagenou: ben n a?
09:31 Nem          : uh
09:33 HinataKagenou: Nem
09:33 HinataKagenou: nop thue xay duong de
09:33 Nem          : chi
09:33 Nem          : cos à
09:33 HinataKagenou: h xay
09:34 Geogre_XD    : huy
09:34 HinataKagenou: j
09:34 Geogre_XD    : giam gia khoi dung nham di
09:35 HinataKagenou: trua
09:35 Geogre_XD    : vl
09:38 HinataKagenou: vai
09:38 HinataKagenou: mua thua r
09:41 Nem          : moe
09:41 HinataKagenou: lam mot cho xuat nhap canh o day de
09:41 Nem          : xây chi rk
09:41 HinataKagenou: xay duong
09:41 HinataKagenou: xay cho nhap canh
09:42 HinataKagenou: nhanh
09:42 Nem          : m thấy j ko
09:42 HinataKagenou: j
09:42 HinataKagenou: su tu do a
09:42 Nem          : cảnh đáp đó
09:43 HinataKagenou: xay cho xuat nhap canh de
09:43 Nem          : cảnh có gỗ hồng á
09:43 Nem          : đến đó ms đúng
09:43 Nem          : sai rrrr
09:43 HinataKagenou: m xay cho n de
09:43 HinataKagenou: la lai cho go a?
09:43 Nem          : m nối đến chỗ gỗ hồng á
09:43 Nem          : chỗ ni là biên phòng
09:44 Geogre_XD    : ae lm j day
09:44 Nem          : ok ngon
09:45 Nem          :  placed a sign @ world: x-2, z10
  ko phân sự
  miễn vào
  khu vực an ninh
  -đảo PARADIS-
09:55 Nem          : e
09:55 Nem          : chỉnh sáng đi
09:56 HinataKagenou: geogre dag lam j do ;v
09:56 Nem          :  placed a sign @ world: x1, z27
  <-khu vực nhập
  cảnh
  khu vực tiếp ta->
09:56 Geogre_XD    : farm khoi dung nham
09:56 Nem          :  placed a sign @ world: x1, z27
  <-khu vực nhập
  cảnh
  khu vực tiếp ta->
09:57 Nem          :  placed a sign @ world: x1, z27
  <-khu vực nhập
  cảnh
  khu vực tiếp ta->
09:57 Nem          :  placed a sign @ world: x1, z27
  <-khu vực
  nhập cảnh
  khu vực tiếp
  tàu->
10:01 Geogre_XD    : yo
10:01 Geogre_XD    : j day
10:01 HinataKagenou: j
10:02 HinataKagenou: duong sang nha ba nam
10:02 Geogre_XD    : ak
10:03 Nem          : lô
10:03 HinataKagenou: moe thg bao xam nhap bat hop pha
10:03 HinataKagenou: dcm
10:04 HinataKagenou: dm runner
10:04 HinataKagenou: bow
10:04 HinataKagenou: cut de
10:05 Geogre_XD    : cay
10:05 HinataKagenou: cay tht
10:05 Geogre_XD    : nem mo
10:05 HinataKagenou: o dao
10:05 Geogre_XD    : oh
10:06 Geogre_XD    : ?
10:06 HinataKagenou: khi nao fix roi chs tiep
10:06 Geogre_XD    : ok
10:06 Geogre_XD    : hi nem
10:07 Nem          : hi
10:07 Nem          : thanks
10:07 Geogre_XD    : cay
10:08 Geogre_XD    : ?
10:09 HinataKagenou: ba nam khong co tien rg ma claim dat ba nam?
10:09 Geogre_XD    : =))
10:09 Nem          : tí nx lm
10:11 Nem          : chet moe r
10:11 Nem          : nghèo r
10:12 Nem          : huy ơi
10:12 HinataKagenou: j
10:12 Nem          : t nghèo r mua t cái cánh đi 😎😎😎
10:12 HinataKagenou: ms cho m 5000$ ma
10:12 Nem          : ko đủ
10:13 Nem          : ok cảm ơn nha
10:13 Nem          : chao mừng đến paradis
10:13 HinataKagenou: ok
10:13 HinataKagenou: ;v
10:17 HinataKagenou: hay vai
10:18 Nem          : moe cái pháo để bay nớ đắt vcl
10:18 HinataKagenou: h m dat den di
10:20 Nem          : lm răng để claim đất đây
10:21 Geogre_XD    : o sao out r
10:21 HinataKagenou: d bt
10:25 Geogre_XD    : ye
10:27 HinataKagenou: lo nem
10:27 Nem          : e
10:27 HinataKagenou: j
10:27 Nem          : giảm giá cái pháo bay đi
10:28 HinataKagenou: trua
10:28 HinataKagenou: ok xg r
10:29 HinataKagenou: h cai cau n la cua tao
10:29 HinataKagenou: khong ai pha dc ;v
10:29 HinataKagenou: chi di dc th
10:29 HinataKagenou: nem thu pha cau di nem
10:29 Nem          : lm răng claim đây
10:29 HinataKagenou: search yt di
10:29 Nem          : moeeee
10:30 HinataKagenou: ns tht
10:30 Geogre_XD    : don't
10:30 Nem          : thg Bảo mô r
10:30 Geogre_XD    : afk r
10:32 HinataKagenou: nem
10:32 Nem          : chi
10:32 HinataKagenou: claim dc chx
10:32 Nem          : chx
10:32 HinataKagenou: ve dao de
10:32 Nem          : dao chi?
10:32 HinataKagenou: đảo m
10:32 HinataKagenou: ddowij ti
10:32 Nem          : ?
10:34 HinataKagenou: e
10:34 Nem          : chi
10:34 HinataKagenou: claim chx
10:34 HinataKagenou: về đây
10:34 Nem          : chx
10:35 Nem          : tutu đang đi chs
10:36 Nem          : claim răng rk
10:37 HinataKagenou: eee
10:37 HinataKagenou: dcm
10:37 HinataKagenou: chuot phai vo day
10:37 HinataKagenou: dung seng vang
10:37 HinataKagenou: dung chx
10:37 HinataKagenou: dung
10:37 Nem          : du
10:38 HinataKagenou: lai day
10:38 Nem          : bip vcl
10:38 HinataKagenou: dung 1 lan o day thou
10:39 HinataKagenou: nguu
10:39 HinataKagenou: nhanh
10:39 Nem          : ?
10:39 HinataKagenou: mk la chi
10:39 HinataKagenou: t vo claim cho ;v
10:39 Nem          : ok
10:39 Nem          : vô zalo đi
10:39 HinataKagenou: kh dc
10:40 HinataKagenou: a th
10:40 HinataKagenou: pass la j?
10:41 Nem          : tutu
10:41 Nem          :  placed a sign @ world: x3, z10
  mk: 
  @nam0918060311
10:42 HinataKagenou: quen
10:42 HinataKagenou: de mo minecraft khac
10:42 Nem          : đó
10:42 HinataKagenou: r t quay tutorial luon cho
10:42 HinataKagenou: dcm
10:42 HinataKagenou: claim de nhu choo
10:44 Geogre_XD    : ?
10:49 HinataKagenou: kh claim nx nha
10:49 HinataKagenou: m bao chan con j
10:49 Nem          : chan j?
10:49 HinataKagenou: đảo m ngoằng ngoằn quá
10:49 HinataKagenou: đ claim full ht đc
10:50 Nem          : t đâu bảo nói cái nớ chán
10:50 HinataKagenou: j
10:50 HinataKagenou: dcm
10:50 Nem          : t nói cái khác mà :))
10:50 HinataKagenou: rk tutu de t cbi da
10:50 Nem          : ok
10:51 HinataKagenou: ok
10:53 Nem          : dc chx?
10:53 reedyesyes   : vai
10:53 reedyesyes   : nam oi
10:53 reedyesyes   : dao m a
10:53 reedyesyes   : dang sau hn la nha thg dang
10:53 reedyesyes   : t la hinata
10:53 Nem          : hahaha
10:53 reedyesyes   : d ph reed
10:53 HinataKagenou: h m out de
10:54 Geogre_XD    : lag j ae out het r
10:54 HinataKagenou: ok r
10:54 reedyesyes   : e bao
10:55 HinataKagenou: dc roi do
10:55 Nem          : ok tks
10:55 Nem          : e huy
10:56 Nem          : cho t mấy stack đất để t lm đảo
10:56 HinataKagenou: m bo t muot vai
10:56 Nem          : chinh sáng ik
10:56 HinataKagenou: chay 2 minecraft con chua lag
10:57 reedyesyes   : Nam gay
10:57 reedyesyes   : t la reed
10:57 reedyesyes   : hay la Hinata?
10:57 reedyesyes   : idk
10:57 reedyesyes   : lv
10:57 reedyesyes   : asdasd
10:57 reedyesyes   : asd
10:57 Geogre_XD    : ai give tao 10$ de
10:57 Geogre_XD    : het tien r
10:58 Nem          : lm răng mà lấp đc nhanh ta
10:58 Geogre_XD    : ok a hinata nha
10:58 HinataKagenou: lap them den di nam
10:58 HinataKagenou: dm quai vat
10:59 Nem          : chinh sáng ik
10:59 HinataKagenou: t di ve day
10:59 Nem          : e huy
10:59 HinataKagenou: j
10:59 Nem          : bt cách mô đặt block 1 loạt nhanh ko
10:59 HinataKagenou: dung mode
10:59 HinataKagenou: dung mod
10:59 HinataKagenou: tai mod de
10:59 HinataKagenou: len search de
11:00 HinataKagenou: quen ten r
11:01 Nem          : lm chung vs t ik
11:01 HinataKagenou: ok
11:01 HinataKagenou: moe
11:01 HinataKagenou: h lm dao tiep a
11:01 Nem          : :)
11:03 HinataKagenou: moe
11:03 HinataKagenou: rg kh lm xg dao roi claim sau
11:03 HinataKagenou: dcm
11:03 HinataKagenou: dc roi do
11:03 HinataKagenou: to vcd
11:03 Nem          : ye
11:03 HinataKagenou: dcm
11:03 HinataKagenou: claim lai de
11:04 Nem          : ok
11:04 HinataKagenou: lại đây
11:04 HinataKagenou: để t hd
11:04 HinataKagenou: lại đây
11:04 HinataKagenou: lai day
11:05 HinataKagenou: chuột phải vào ô t đang đứng
11:05 HinataKagenou: theo t
11:05 HinataKagenou: chuot phai vao day
11:06 HinataKagenou: vaiii
11:06 HinataKagenou: sai roi
11:06 HinataKagenou: đứng chỗ này rồi dùng ,/abandonclaim đi
11:06 HinataKagenou: vo day
11:06 HinataKagenou: dcm
11:06 HinataKagenou: dung di
11:06 HinataKagenou: đứng chỗ này rồi dùng ,/abandonclaim đi
11:07 HinataKagenou: ok
11:07 Nem          : ok r
11:07 HinataKagenou: lai
11:07 HinataKagenou: okk
11:07 HinataKagenou: do
11:08 Nem          : ok
11:08 HinataKagenou: dung 1 goc xg di ra cho doi dien la dc
11:08 Nem          : h xây tường
11:08 HinataKagenou: claim ez ma
11:08 HinataKagenou: t di ve day
11:08 Nem          : ok
11:08 Nem          : tks
11:11 HinataKagenou: ngu dee
11:12 HinataKagenou: ngu de
11:12 HinataKagenou: dcm
11:13 HinataKagenou: lo nem
11:13 HinataKagenou: im comeback
11:14 Nem          : ddaay là đảo hòn hải
11:14 HinataKagenou: e cho t xay vs
11:14 HinataKagenou: ./trust HinataKagenou
11:14 Nem          : được canh giữ bơi cảnh sát biển
11:14 HinataKagenou: ./trust HinataKagenou
11:15 Nem          : đào hết cỏ nhô lên đây
11:15 HinataKagenou: thay bang go a
11:15 Nem          : ko
11:15 Nem          : để bằng phẳng
11:15 HinataKagenou: de t xay tuong
11:15 Nem          : ok
11:16 HinataKagenou: m trust t di
11:16 HinataKagenou: ./trust HinataKagenou
11:16 Nem          : xây giống aot
11:16 HinataKagenou: kh trust la d xay dc
11:16 HinataKagenou: trust dii
11:16 HinataKagenou: dcm
11:16 Nem          : xaay đi
11:17 HinataKagenou: cao bnhieu block?
11:17 Nem          : 50-60
11:17 Nem          : ra xa 1 týa
11:17 HinataKagenou: cao 50block??
11:17 Geogre_XD    : ae lm j vay
11:17 Nem          : e
11:17 Nem          : bắt đầu từ đây
11:18 Nem          : eeee
11:18 Nem          : đây
11:18 Nem          : kéo sang núi
11:18 HinataKagenou: cao may block?
11:18 Nem          : 50 block
11:19 Nem          : hahaha
11:20 Nem          : hay
11:20 Nem          : tiếp đi
11:21 Nem          : cho nó dày 1 tý
11:21 HinataKagenou: ok
11:21 Nem          : dày 5-6 block
11:22 Nem          : đù
11:23 HinataKagenou: chac khong can claim tuong dau
11:23 Nem          : uh
11:24 Nem          : cho t bay đi xem vs
11:24 Nem          : to vcl
11:24 Nem          : hung vĩ vaiz
11:25 Nem          : choox ni hở này
11:26 HinataKagenou: uk
11:26 Geogre_XD    : cs lag ko ae
11:26 HinataKagenou: muot vcd
11:26 Geogre_XD    : ok
11:26 Nem          : bảo ơi lại đây coi ik
11:26 Geogre_XD    : dg farm kinh nghiem
11:27 Nem          : t định để hình tròn mà thôi vuông cx đc
11:28 HinataKagenou: t di an com day
11:28 Nem          :  placed a sign @ world: x-35, z-31
  cẩn thận
  titan
11:28 Nem          : ok
11:30 Nem          :  placed a sign @ world: x48, z-37
  tý nx ở đây
  t sẽ xây 1
  con đại hình
  đang nhìn vô 
11:38 Geogre_XD    : out het r
15:04 HinataKagenou: loo
15:04 Nem          : moe nhìn ảo tht
15:05 Nem          : vượt quá dự định của t r
15:05 HinataKagenou: ;v
15:05 Nem          : t nghĩ là phải có cổng đàng hoàng
15:06 HinataKagenou: nhin map duoi n la bt ao vcd
15:06 HinataKagenou: loo
15:06 Nem          : e
15:06 Nem          : ko phải đất t à
15:06 Nem          : sao ko đặt đc block
15:06 HinataKagenou: cai j?
15:06 HinataKagenou: doan nao?
15:07 Nem          : cổng vào
15:07 HinataKagenou: ua
15:07 HinataKagenou: chx claim
15:07 HinataKagenou: dat trong
15:07 HinataKagenou: aa
15:07 HinataKagenou: dat t
15:08 HinataKagenou: t t xoa dat
15:08 HinataKagenou: cho m luon
15:08 HinataKagenou: hoặc làm phi quân sự
15:08 Nem          : ok
15:08 HinataKagenou: kh claim
15:08 HinataKagenou: r do
15:11 HinataKagenou: j
15:21 Nem          : chinh sáng ik
15:22 Nem          :  placed a sign @ world: x1, z10
  tham quan->
15:27 Nem          : ey yo
15:27 HinataKagenou: j
15:27 Nem          : cai j day
15:27 HinataKagenou: cua 5x5
15:27 HinataKagenou: ;v
15:32 Nem          : chỉnh sáng cái
15:36 Geogre_XD    : vl
15:36 HinataKagenou: j nxx
15:36 Geogre_XD    : ae ranh rua
15:40 Nem          : e huy
15:40 HinataKagenou: j
15:40 Nem          : cho t 3 quả trứng dân làng vs zombie
15:41 HinataKagenou: dc chx
15:41 Nem          : zombie nx?
15:42 Geogre_XD    : bruh
15:42 HinataKagenou: bip vcd
15:42 HinataKagenou: d lm dc
15:42 HinataKagenou: lol
15:42 Nem          : chỉnh sáng cái
15:42 HinataKagenou: deooo
15:43 Geogre_XD    : back
15:43 HinataKagenou:  placed a sign @ world: x-346, z42
  w
15:45 HinataKagenou: tf
15:45 Geogre_XD    : ?
15:45 Nem          : lag r
15:45 HinataKagenou: lag r
15:46 Nem          : ddoo thg mo nay
15:46 Geogre_XD    : thoi huy oi
15:46 Geogre_XD    : bo cai frozen ho tao
15:47 HinataKagenou: e bao
15:48 Nem          : e
15:48 Nem          : cứu t
15:52 Geogre_XD    : e
15:53 Nem          : dduwa t len
15:53 Nem          : đưa t lên vs
15:53 HinataKagenou: moe nam
15:53 HinataKagenou: chui vo nha t tron
15:54 HinataKagenou: xg h nha t 1 dong quai
15:54 HinataKagenou: e bao
15:54 HinataKagenou: bảo
15:54 HinataKagenou: bảo
15:54 HinataKagenou: bảo
15:54 HinataKagenou: bảo
15:55 HinataKagenou: e ,
15:55 HinataKagenou: t them quang than vo shop r
15:55 HinataKagenou: ban dc roi...
15:55 Geogre_XD    : ak
15:55 HinataKagenou: e e
15:55 HinataKagenou: eee
15:56 Geogre_XD    : =))
15:56 HinataKagenou: mat tim r
15:56 HinataKagenou: dcm
15:56 HinataKagenou: eee
15:56 Geogre_XD    : ngon
15:56 HinataKagenou: xay cổng redston t vớiii
15:56 HinataKagenou: 30k $
15:57 Nem          : e huy
15:57 HinataKagenou: j
15:57 Nem          : cho t cái name tag vs 1 trứng zombie
15:57 HinataKagenou: shop co bannn
15:57 HinataKagenou: dcm
15:57 Nem          : ko
15:57 HinataKagenou: nametag co ban
15:57 Nem          : no chỉ bán lồng spaw
15:57 HinataKagenou: trung zombie thi deo
15:58 HinataKagenou: Bảooooooooooooooooooooo
15:58 Nem          : cho xin quả về rán
15:58 HinataKagenou: deooo
15:59 Geogre_XD    : nah
15:59 HinataKagenou: thanks for 1 heart
15:59 Geogre_XD    : cay ko huy
15:59 Nem          : e
15:59 Nem          : cho quả vs
15:59 HinataKagenou: e bao
16:00 HinataKagenou: e bao
16:00 HinataKagenou: Nam e
16:01 Nem          : chi
16:01 HinataKagenou: xây cổng redstone cho t đi
16:01 Nem          : tra tim
16:01 HinataKagenou: 30k$ cho m
16:01 HinataKagenou: deoo
16:01 Nem          : th
16:01 HinataKagenou: rk xay di t tra
16:01 Nem          : ok
16:01 Nem          : tiền nx nha
16:01 HinataKagenou: 20k$ + 1 tim
16:01 Nem          : cuwar a răng
16:02 HinataKagenou: search youtube 5x5 redstone door
16:02 HinataKagenou: xg lm t vs
16:02 HinataKagenou: t deo biet lam
16:02 HinataKagenou: dcm
16:02 Nem          : để t học
16:03 Nem          : xog t lm
16:03 HinataKagenou: t gui m 10.000$ trc nha
16:03 HinataKagenou: nho lam
16:03 Nem          : caan thoi gian tim hieu
16:03 HinataKagenou: mo tutorial xem de
16:04 HinataKagenou: t phai di tim xa mac
16:04 HinataKagenou: kiem enchnted_golden apple
16:07 Nem          : e bao
16:07 Nem          : có cái cúp mô dó ko
16:07 Nem          : cho mượn tạm
16:07 Geogre_XD    : ko cs =))
16:08 Nem          : huy cho mượn fly mồ
16:09 Nem          : wwtf
16:09 HinataKagenou: j
16:09 Nem          : sao ko dùng dc
16:10 Nem          : claim
16:10 Nem          : e huyy
16:10 HinataKagenou: j
16:10 Nem          : ko phá đc block
16:10 HinataKagenou: roi
16:11 HinataKagenou: ra dao nam roiii
16:11 HinataKagenou: van deo thay xa mac
16:11 HinataKagenou: dcm
16:13 HinataKagenou: du
16:13 HinataKagenou: xa mac day r
16:14 HinataKagenou: vaii
16:14 HinataKagenou: day roii
16:14 HinataKagenou: 1 enchanted apple
16:14 HinataKagenou: buu
16:15 Nem          : dc,
16:15 Nem          : dcm
16:15 HinataKagenou: j
16:15 Nem          : shop bán ngu vcl
16:15 HinataKagenou: ban j ngu
16:15 Nem          : cho t stack lò nung
16:15 Nem          : bth thôi
16:15 HinataKagenou: efff
16:15 HinataKagenou: mua di m
16:15 HinataKagenou: nhieu tien maaaa
16:15 Nem          : ko có
16:16 Nem          : neen shop ms ngu do
16:16 HinataKagenou: de t them vao shop
16:16 Nem          : dc chx
16:16 HinataKagenou: r
16:17 Nem          : ko thấy
16:17 HinataKagenou: workstation a
16:17 Nem          : thì chỗ đó
16:17 Nem          : ko có
16:17 HinataKagenou: r do
16:18 HinataKagenou: lam di mm
16:23 HinataKagenou: ??
16:23 HinataKagenou: t tu hoi la lo nung o day de lam gi?
16:24 Nem          : tý nx sẽ bt
16:24 Nem          : đào block sắt vs t
16:24 Nem          : ok tks
16:25 Geogre_XD    : ez
16:25 HinataKagenou: chat rkbay
16:26 HinataKagenou: nhin fake rkk
16:26 Geogre_XD    : ?
16:26 HinataKagenou: dcm cua deo j day
16:26 HinataKagenou: ăn quả lừa rồi
16:26 HinataKagenou: lò nung cái đéo j đây
16:26 HinataKagenou: súc vật
16:26 Geogre_XD    : =))
16:26 HinataKagenou: bao co nay kh:)
16:27 Geogre_XD    : dau
16:27 HinataKagenou: enchanted golden apple
16:28 HinataKagenou: du 1 tim roi:)
16:29 HinataKagenou: ae ra be boi t chs:))
16:29 HinataKagenou: uhhh
16:29 HinataKagenou: real khong day
16:29 HinataKagenou: sai roiii
16:30 Nem          : ?
16:30 HinataKagenou: bao lam cho t vsss
16:30 Geogre_XD    : bip r
16:30 Nem          : để t lm mồ
16:30 HinataKagenou: bao bt lam rg de check khu nha nay ai claim kh:)
16:31 HinataKagenou: dua th
16:31 HinataKagenou: heal r
16:32 HinataKagenou: ahhhhhhhhhhhhhh
16:32 HinataKagenou: khong co lo nung dauuu
16:33 HinataKagenou: day van la dat t
16:33 Geogre_XD    : =/
16:33 HinataKagenou: phai ra day ne
16:33 HinataKagenou: oke r
16:33 HinataKagenou: ra day
16:33 HinataKagenou: trg no van la cua t
16:35 HinataKagenou: dau roii:)
16:35 HinataKagenou: e baow
16:36 Geogre_XD    : ?
16:36 HinataKagenou: ra khoi cho n de
16:36 HinataKagenou: de t claim nha cho to
16:36 HinataKagenou: dùng que check là bt
16:36 HinataKagenou: đất t đây nè
16:37 Geogre_XD    : nah
16:37 HinataKagenou: dung que check i
16:37 HinataKagenou: :))
16:46 Nem          : chỉnh sáng caisss
16:51 HinataKagenou: ms an com xg
16:52 Nem          : e huy
16:52 HinataKagenou: aduuuuuuuuuuuuuuuu
16:52 HinataKagenou: lai di
16:52 Nem          : hoo lỗi
16:52 Nem          : sai mô đó
16:52 Nem          : đừng cấy
16:53 Nem          : đi ra t sửa mồ
16:53 HinataKagenou: sua i ;v
16:54 Nem          : fucckkkkk
16:54 Nem          : kẹt moe r
16:54 Nem          : đcm huyyy
16:54 Nem          : moeeee
16:54 HinataKagenou: lam lai i
16:54 HinataKagenou: t tra them tien
16:54 Nem          : m dien à
16:54 Nem          : đcm
16:54 HinataKagenou: lam lai di
16:54 HinataKagenou: them 20k nx ;v
16:54 HinataKagenou: hoac co fix di
16:55 Nem          : nan rk
16:55 HinataKagenou: dc thi 1 tim+40k
16:55 Nem          : moe m lm hn bị lệnh r kìa
16:55 HinataKagenou: da em xin loi
16:55 HinataKagenou: em khong biet
16:55 Nem          : thoong minh lắm con
16:56 HinataKagenou: yee
16:56 HinataKagenou: free money
16:56 HinataKagenou: ms ban dat
16:56 HinataKagenou: ms bán đất
16:56 Nem          : phas hết phần trong r t sửa
16:56 HinataKagenou: bú đậm 350k$
16:56 HinataKagenou: em xin loi a
16:56 Nem          : coi tv đây
16:56 HinataKagenou: lam diiiiii
16:57 Nem          : h á
16:57 Nem          : m phá phần trong nớ đi
16:57 Nem          : mà mệt r tối lm
16:57 Nem          : lm cả chiều r
16:57 HinataKagenou: thoi lam diii
16:58 HinataKagenou: hay thoi gui video tutorial t lm cx dc
16:58 Nem          : ok
16:58 Nem          : moe thế mà lúc nãy bây nói t bịp
16:58 Nem          : md tht
16:58 HinataKagenou: ;D
16:58 Nem          : maats côngaghhh
16:59 HinataKagenou: gui chx
16:59 Nem          : r
17:17 HinataKagenou: asdas
19:34 reedyesyes:  placed a sign @ world: x-35, z-30
  im mồm??
19:35 reedyesyes: hoa mắt rồi ae ơi
19:38 reedyesyes: huy change cái plot addon r à??
19:39 HinataKagenou: moe
19:39 HinataKagenou: hinata xay duong ngu vai
19:39 HinataKagenou: di kho vcd
19:39 reedyesyes   : deo thay mob dau ca
19:39 reedyesyes   : ??
19:40 HinataKagenou: idk
19:40 HinataKagenou: ??
19:40 HinataKagenou: bug r
19:40 HinataKagenou: de t sang dao cua nam
19:41 reedyesyes   : lam nhu loz :v
19:41 HinataKagenou: duong khi di vai
19:42 HinataKagenou: dcm
19:42 HinataKagenou: lay cho t cai thuyen
19:42 HinataKagenou: eee
19:42 HinataKagenou: ra day
19:43 HinataKagenou: claim nguu
19:43 HinataKagenou: chế xẻng mà claim cho thoải mái
19:43 HinataKagenou: claim đc 1 phần rk:))
19:43 HinataKagenou: th off day
19:43 reedyesyes   : idk vro
19:56 TruongThiTam placed suspicious WATER_BUCKET @ world: x224, z256
19:56 TruongThiTam placed suspicious WATER_BUCKET @ world: x217, z269
20:04 TruongThiTam : e
20:04 TruongThiTam : xin ti diamond
20:05 TruongThiTam : e
20:05 TruongThiTam : t treo ti nha
20:27 TruongThiTam : hoa giai
20:28 TruongThiTam placed suspicious WATER_BUCKET @ world: x-731, z-238
20:36 reedyesyes   : đi ngủ đi cha
20:46 TruongThiTam : e
20:46 reedyesyes   : j
20:46 reedyesyes   : ko dc
20:46 reedyesyes   : secret base
20:46 reedyesyes   : bi mat quoc gia
20:46 TruongThiTam : e
20:46 reedyesyes   : j
20:47 TruongThiTam : dem trang mau sao t choi lai
20:47 reedyesyes   : thoi
20:47 reedyesyes   : cho m o nho 1 dem
20:47 TruongThiTam : vay sao dem theo con cho
20:47 reedyesyes   : ko bt
20:48 TruongThiTam : ok
20:50 Geogre_XD    : lo ae
20:50 reedyesyes   : lo
21:01 TruongThiTam : thit cho
21:01 reedyesyes   : troi oi
21:02 reedyesyes   : giup t phat
21:02 reedyesyes   : mine may cai tuong
21:02 reedyesyes   : NHAM CHO ROI
21:03 reedyesyes   : day
21:04 reedyesyes   : bán block đi
21:04 reedyesyes   : dùng lệnh '/sellgui'
21:04 TruongThiTam : 16 do
21:05 TruongThiTam : m nghe thay j ko
21:05 reedyesyes   : co
21:05 reedyesyes   : ngon
21:05 reedyesyes   : crossbow
21:05 TruongThiTam : vo choi di
21:06 reedyesyes   : /w TruongThiTam base ta la bi mat dung noi voi ai ca 
21:06 TruongThiTam : cai dell j vay
21:06 reedyesyes   : can than
21:06 TruongThiTam : danh khon
21:07 reedyesyes   : de t di treu
21:07 reedyesyes   : troi oi
21:07 reedyesyes   : toi anh nem
21:10 Nem          : hi
21:11 reedyesyes   : lam j v
21:12 reedyesyes   : dm chua thoat
21:13 Nem          : đăng
21:13 reedyesyes   : j
21:13 Nem          : ve base t
21:13 reedyesyes   : thoi
21:13 Nem          : base huy
21:14 Nem          : last stand
21:14 Nem          : tu thủ r
21:15 reedyesyes   : vl
21:15 reedyesyes   : bloodmoon ko mat
21:15 Nem          : last stand bro
21:15 Nem          : co food ko?
21:15 reedyesyes   : co
21:15 reedyesyes   : de corate
21:15 reedyesyes   : decorate*
21:17 reedyesyes   : vao di ae
21:17 Nem          : h sao đây
21:17 reedyesyes   : idk
21:17 Geogre_XD    : sao nha nam tan ri
21:17 Nem          : ddaau
21:17 Geogre_XD    : day
21:18 reedyesyes   : t ra check
21:18 Nem          : r xog
21:18 TruongThiTam : trang mau fake
21:18 Nem          : t clamin r mà
21:18 Nem          : la ta
21:18 Geogre_XD    : nay thay set danh
21:18 Nem          : noooo
21:18 Geogre_XD    : sau tao qua thay ri
21:18 Nem          : mất hết đồ rr
21:19 Nem          : ve base huy di
21:20 reedyesyes   : vo base t
21:20 reedyesyes   : eh
21:21 reedyesyes   : chua set home luon
21:21 Nem          : ddu
21:21 TruongThiTam : cho t dau
21:21 reedyesyes   : roi xong
21:22 reedyesyes   : nam lam j v
21:23 TruongThiTam : e
21:23 reedyesyes   : j
21:23 Geogre_XD    : ai do
21:23 reedyesyes   : de t lam setup camping fire
21:23 TruongThiTam : muon sucke
21:23 Nem          : tan the r
21:23 Nem          : bloodmoon vinh vien
21:24 reedyesyes   : .
21:24 TruongThiTam : e
21:24 TruongThiTam : nhin nay
21:24 reedyesyes   : thang nao claimplot.
21:24 TruongThiTam : e
21:24 TruongThiTam : nhin t nay
21:24 TruongThiTam : nhap vo shuce box di
21:24 Nem          : ae ngu di
21:24 reedyesyes   : :rage:
21:24 reedyesyes   : dm truongthitam
21:25 reedyesyes   : dam claim plot trong dat t
21:25 TruongThiTam : t co claim dau
21:25 reedyesyes   : dung lenh '/abandonplot' cho t
21:25 reedyesyes   : ko t duoi ra ngoai
21:26 reedyesyes   : j v tr...
21:27 TruongThiTam : th
21:28 reedyesyes   : .
21:28 TruongThiTam : thk nao co xo lava k
21:29 Nem          : ?
21:29 Geogre_XD    : ko drop dc
21:30 Nem          : thg hai mo r
21:30 reedyesyes   : t nghe tiếng pillager ae ơi 🗣🗣
21:30 TruongThiTam : bo m vuot bien day
21:31 reedyesyes   : lag vl :sob
21:31 Geogre_XD    : =))
21:32 reedyesyes   : pillager raid!!
21:32 Geogre_XD    : where dg len
21:32 reedyesyes   : forever trapped
21:33 Nem          : bon may lm j do
21:33 reedyesyes   : lam j v
21:33 Nem          : base m dau r
21:33 reedyesyes   : day
21:33 reedyesyes   : dang sua tran
21:33 reedyesyes   : roof
21:33 Nem          : base moi à
21:33 reedyesyes   : uk
21:33 Nem          : cho ở vs
21:33 reedyesyes   : ok
21:33 reedyesyes   : ở thì phải làm công
21:34 Nem          : trust ik
21:34 reedyesyes   : mine tường cho t
21:34 Nem          : ok
21:34 reedyesyes   : t chua claim dat nen
21:35 reedyesyes   : bao oiiii
21:35 reedyesyes   : enchant ho t cai
21:36 Geogre_XD    : j day
21:36 reedyesyes   : enchant ho cai
21:36 reedyesyes   : ko du xp
21:36 Geogre_XD    : ko cs kinh nghiem
21:36 reedyesyes   : troi oi
21:36 reedyesyes   : ok
21:37 Geogre_XD    : nhin ne
21:37 Nem          : wwtf
21:37 reedyesyes   : soy tex giahuy
21:38 Geogre_XD    : nhin ne
21:38 Nem          : howw
21:38 reedyesyes   : huh
21:39 Nem placed suspicious LAVA_BUCKET @ world: x-737, z-138
21:39 TruongThiTam : l
21:39 TruongThiTam : cut cai
21:39 TruongThiTam : dm
21:39 TruongThiTam : del chs nx mo
21:39 reedyesyes   : gia huy biết có j hay ko
21:39 Nem placed suspicious LAVA_BUCKET @ world: x-737, z-138
21:39 TruongThiTam : suc vat reviewconnet
21:40 reedyesyes   : gia huy fix hộ cái enchanted pickaxe với 🗣🗣💯💯💯😭😭😭
21:40 TruongThiTam : tha t cai
21:40 TruongThiTam : 7 gao
21:40 Nem          : dung voo
21:43 reedyesyes   : mai hoc j v ae
21:44 reedyesyes   : .
21:44 reedyesyes   : j ma no v
21:44 reedyesyes   : wtf
21:44 reedyesyes   : mai hoc j v ae..
21:44 Geogre_XD    : chs
21:45 reedyesyes   : cồ khổng lặc :)))
21:46 TruongThiTam : adu
21:46 Geogre_XD    : =))
21:46 TruongThiTam : co basroom
21:46 reedyesyes   : bas??
21:46 reedyesyes   : thay r
21:46 reedyesyes   : ah
21:47 reedyesyes   : tuong j
21:47 reedyesyes   : di raid ko ae???
21:47 Nem          : ok
21:47 reedyesyes   : de t
21:47 reedyesyes   : 4
21:47 reedyesyes   : moi thang 1 cai
21:47 reedyesyes   : do mi piglin ae
21:47 reedyesyes   : an
21:48 Geogre_XD    : full netherit
21:48 reedyesyes   : a bao thi dinh r
21:48 reedyesyes   : di thoi ae
21:51 Nem          : ket r
21:52 reedyesyes   : uk...
21:52 Geogre_XD    : tp qua tao
21:52 Geogre_XD    : safe r
21:56 Geogre_XD    : ez
21:57 Nem          : wwin r
21:59 Geogre_XD    : where
21:59 reedyesyes   : idk vro
21:59 reedyesyes   : mat het do roi ae oi...
22:01 reedyesyes   : ve home thoi
22:01 reedyesyes   : mat het shulker
22:01 reedyesyes   : everything
22:01 reedyesyes   : 😭😭😭
22:02 reedyesyes   : troi oi
22:02 Geogre_XD    : bye ae mik di day
22:02 reedyesyes   : bye
22:03 reedyesyes   : chao ba nam t cung di day
22:03 reedyesyes   : ua
22:03 Nem          : len ty
22:03 reedyesyes   : lấplại cho t
22:03 Nem          : okok
22:03 Nem          : tý nx
22:03 reedyesyes   : t disconnect
22:03 Geogre_XD    : lang ne
22:04 Geogre_XD    : lang ne nam
22:05 Nem       : lạc r
22:06 Nem       : du
22:07 Geogre_XD : cho huy
22:07 Geogre_XD : e nam
22:07 Nem       : <
22:07 Nem       : ?
22:07 Geogre_XD : tp qua
22:08 Nem       : t lạc mất nhà r
22:08 Geogre_XD : home di
22:08 Nem       : chet moe ngủ qua nhà reed r
22:08 Nem       : h set ở nhà hn
22:08 Geogre_XD : =))
22:08 Nem       : bt base huy mô ko
22:09 Geogre_XD : ?
22:21 Geogre_XD : huy
