11:31 TruongThiTam: cho
11:31 TruongThiTam: cut
11:36 HinataKagenou: lo
11:36 Geogre_XD    : lo
11:39 HinataKagenou: e bao
11:39 HinataKagenou: test mic de
11:39 Geogre_XD    : ?
11:39 Geogre_XD    : khoan
11:44 Geogre_XD    : mua dell mua lam rua
11:45 HinataKagenou: ai bt
11:46 HinataKagenou: di an com day
11:56 TruongThiTam : e
11:56 TruongThiTam : cho qua voi
11:56 Geogre_XD    : j
11:57 Geogre_XD    : ez
11:58 TruongThiTam : e
11:58 TruongThiTam : cho qua voi
11:58 Geogre_XD    : cho ti
12:04 HinataKagenou: loo
12:08 Geogre_XD    : ez
12:08 HinataKagenou: vcl
12:11 HinataKagenou: ?
12:12 HinataKagenou: dcm
12:12 HinataKagenou: danh len
12:12 HinataKagenou: dcm
12:12 HinataKagenou: đã bảo không đánh rồng mà
12:12 Geogre_XD    : king
12:12 HinataKagenou: dcm
12:12 HinataKagenou: lồn
12:12 Geogre_XD    : ai bao
12:12 HinataKagenou: ngay từ đầu đã kêu không speedrun
12:12 TruongThiTam : 7 gao
12:12 HinataKagenou: kh đánh rồng
12:13 HinataKagenou: smp ai đánh rồng
12:13 HinataKagenou: moe mất vui vcd
12:13 Geogre_XD    : ?
12:13 HinataKagenou: xóa mẹ sv
12:30 TruongThiTam: e huy
12:30 HinataKagenou: j
12:30 TruongThiTam : t tuong m xoa map
12:30 HinataKagenou: đ xóa nx
12:30 HinataKagenou: respawn rồng r
12:30 HinataKagenou: bao gay roi
12:30 TruongThiTam : 7 gao
12:30 HinataKagenou: claim lại đất đi m
12:31 HinataKagenou: nạy xóa file plugin
12:31 HinataKagenou: mấy đất claim cút r
12:31 HinataKagenou: h ph claim lại
12:31 TruongThiTam : t vo da cu
12:32 HinataKagenou: di raid
12:32 HinataKagenou: bastion mo r
12:34 TruongThiTam : lon
12:35 TruongThiTam : mat cup vs riu vs kiem r
12:35 HinataKagenou: bastion mo r
12:35 HinataKagenou: cho riu ne
12:36 HinataKagenou: deo drop dc
12:36 Geogre_XD    : ?
12:36 HinataKagenou: ;v
12:36 TruongThiTam : lon
12:36 HinataKagenou: tra tim ne
12:37 Geogre_XD    : nah
12:37 HinataKagenou: lay tim khong?
12:37 TruongThiTam : t lay mang m
12:37 HinataKagenou: chuot phai la dung dc
12:37 HinataKagenou: tra tim r
12:37 Geogre_XD    : ez 2 tim cua hinata
12:37 TruongThiTam : 2tim
12:38 HinataKagenou: deo drop dc
12:38 HinataKagenou: vai
12:38 HinataKagenou: dg tra thi kill
12:38 HinataKagenou: m dc lam
12:38 HinataKagenou: deo tra nx
12:38 HinataKagenou: vcl
12:39 HinataKagenou: dg tra tim thi m giet
12:39 HinataKagenou: dcm
12:39 TruongThiTam : khai th
12:39 HinataKagenou: ne
12:39 HinataKagenou: lay kh
12:39 TruongThiTam : may may tim r
12:39 TruongThiTam : cho
12:39 TruongThiTam : lam quyen
12:40 HinataKagenou: lạm quyền cái đ j?
12:40 HinataKagenou: m auto accept tpa
12:40 Geogre_XD    : how to check dat cua mik
12:40 HinataKagenou: dùng que
12:40 Geogre_XD    : sau rg
12:40 HinataKagenou: chuột phải
12:40 HinataKagenou: vaii
12:40 HinataKagenou: geogre co 13 tim
12:41 Geogre_XD    : =))
12:41 HinataKagenou: bao claim lai dat de
12:41 Geogre_XD    : o dau
12:44 HinataKagenou: claim lai dat de ae
12:44 HinataKagenou: th di mine day
12:44 Geogre_XD    : =/
12:45 HinataKagenou: uhh
12:45 HinataKagenou: quen cai voice chat r
12:45 HinataKagenou: out ra da
12:45 Geogre_XD    : nah
12:50 TruongThiTam placed suspicious WATER_BUCKET @ world: x-1799, z-2217
12:51 Geogre_XD    : cs khoi vang ko duong
12:51 HinataKagenou: ok r
12:51 HinataKagenou: h bây dùng ./lifesteal recipe de xem cong thuc che tao tim nha
12:51 Geogre_XD    : ok
12:52 HinataKagenou: chet cha lifesteal chx dat lai ctct
12:52 HinataKagenou: wait a min
12:53 HinataKagenou: khoan da che tim nha ...
12:53 TruongThiTam : t co 9 tim
12:54 HinataKagenou: t co 8...
12:54 Geogre_XD    : 13 ...
12:57 TruongThiTam : nem la gia huy a
12:57 HinataKagenou: uh
12:57 HinataKagenou: rg bt
12:57 HinataKagenou: vo thu
13:01 HinataKagenou: ae chiu kho lag ti nha
13:01 HinataKagenou: h t reload lai plugin lifesteal
13:01 HinataKagenou: do ms sua cong thuc che tao
13:01 HinataKagenou: login lai de
13:02 HinataKagenou: ./lifestealz recipe defaultheart
13:02 HinataKagenou: ;v
13:02 HinataKagenou: de che 1 tim da
13:03 HinataKagenou: block netherite dat vaiiiiii
13:04 Geogre_XD    : ko cs thuoc dao nhanh ak
13:04 TruongThiTam placed suspicious WATER_BUCKET @ world: x-2767, z-1573
13:04 HinataKagenou: idk
13:05 HinataKagenou: dcm
13:05 HinataKagenou: voicechat sv loi tiep r
13:06 TruongThiTam : co tao vang can netherite
13:06 HinataKagenou: tao vang enchant
13:06 HinataKagenou: ;v
13:06 TruongThiTam : uk
13:06 HinataKagenou: duu
13:06 HinataKagenou: t cx co ;v
13:06 HinataKagenou: chac de them vao shop
13:06 HinataKagenou: tao vang enchant
13:06 TruongThiTam : th
13:06 HinataKagenou: nen de gia may ae?
13:07 TruongThiTam : dung them vo
13:07 HinataKagenou: de gia cao
13:07 HinataKagenou: 20k?
13:07 HinataKagenou: 30k?
13:07 Geogre_XD    : 30k
13:07 HinataKagenou: ok
13:07 HinataKagenou: 50k me de
13:07 Geogre_XD    : them thuoc dao nhanh vs
13:07 HinataKagenou: ok
13:08 TruongThiTam placed suspicious WATER_BUCKET @ world: x-2848, z-1417
13:08 HinataKagenou: thuoc dao nhanh la gi?
13:08 HinataKagenou: tieng anh a
13:08 Geogre_XD    : gg
13:08 HinataKagenou: uhh
13:08 HinataKagenou: them tao vang enchant trc
13:09 HinataKagenou: ok
13:10 Geogre_XD    : them chx huy
13:13 HinataKagenou: thoi de sau de
13:13 HinataKagenou: d bt ten thuoc
13:13 HinataKagenou: nhac tim vcl
13:13 HinataKagenou: de mine netherite da
13:13 HinataKagenou: 4 cuc r ;v
13:16 TruongThiTam : adu
13:16 TruongThiTam : ae oi
13:16 Geogre_XD    : ?
13:16 TruongThiTam : t thay cai nay
13:16 TruongThiTam : doi t nhan thanh tuu
13:19 TruongThiTam : biet cai j chua
13:20 TruongThiTam : e
13:20 TruongThiTam : thk mo tp qua t di
13:20 HinataKagenou: ahhhhhhh
13:20 HinataKagenou: vaiii
13:21 HinataKagenou: mua 2 block netherite het me tien r
13:21 HinataKagenou: dcm
13:21 TruongThiTam : lon
13:22 TruongThiTam : 2 con warden
13:22 HinataKagenou: moe
13:22 HinataKagenou: it netherite rk
13:22 TruongThiTam : cuu
13:23 HinataKagenou: nay h ms 17 cuc
13:23 HinataKagenou: bao e
13:23 Geogre_XD    : ?
13:23 HinataKagenou: m co dat thua
13:24 HinataKagenou: ban bot de
13:24 Geogre_XD    : how
13:24 HinataKagenou: ./sellclaimbook
13:24 TruongThiTam : nhanh len
13:24 Geogre_XD    : adu
13:24 HinataKagenou: j
13:24 HinataKagenou: vcll
13:25 HinataKagenou: 295k
13:25 Geogre_XD    : tao ko mua nh =))
13:25 Geogre_XD    : sao ban nh rua
13:25 HinataKagenou: ban 5
13:25 HinataKagenou: do ban nhieu dat thoi
13:25 HinataKagenou: chứ còn 1 block có 5$
13:25 TruongThiTam : huy
13:25 TruongThiTam : bao
13:25 HinataKagenou: j
13:25 Geogre_XD    : ? =))
13:26 HinataKagenou: warden mo rk
13:26 TruongThiTam : qua di
13:26 HinataKagenou: vcl
13:27 HinataKagenou: lấy đồ r chạy đi thg ngu
13:27 TruongThiTam : lai gamemode1
13:27 HinataKagenou: co deo
13:27 HinataKagenou: bo may hack wurust
13:27 HinataKagenou: cho m dam
13:27 Geogre_XD    : tat frozen di huy
13:27 HinataKagenou: di hocj day
17:42 HinataKagenou: lo
17:44 TruongThiTam placed suspicious WATER_BUCKET @ world_the_end: x96, z5
17:44 TruongThiTam placed suspicious WATER_BUCKET @ world_the_end: x1, z-8
17:44 TruongThiTam placed suspicious WATER_BUCKET @ world_the_end: x12, z-11
17:44 TruongThiTam placed suspicious WATER_BUCKET @ world_the_end: x19, z-13
17:44 TruongThiTam placed suspicious WATER_BUCKET @ world_the_end: x38, z-10
17:44 TruongThiTam placed suspicious WATER_BUCKET @ world_the_end: x46, z-8
17:44 TruongThiTam placed suspicious WATER_BUCKET @ world_the_end: x57, z-4
17:44 TruongThiTam placed suspicious WATER_BUCKET @ world_the_end: x59, z-3
17:44 TruongThiTam placed suspicious WATER_BUCKET @ world_the_end: x60, z-3
17:46 TruongThiTam placed suspicious WATER_BUCKET @ world: x-47, z-130
17:46 TruongThiTam placed suspicious WATER_BUCKET @ world: x-40, z-135
17:46 TruongThiTam placed suspicious WATER_BUCKET @ world: x-38, z-136
17:50 TruongThiTam placed suspicious WATER_BUCKET @ world: x278, z-477
17:50 HinataKagenou: di mo day
17:50 TruongThiTam : co kim cuong k
17:50 HinataKagenou: khong
17:50 TruongThiTam : cho it
17:50 HinataKagenou: ht r
17:52 TruongThiTam placed suspicious WATER_BUCKET @ world: x202, z-592
17:52 TruongThiTam placed suspicious WATER_BUCKET @ world: x200, z-594
17:56 HinataKagenou: lag riiiiiiiii
18:05 reedyesyes   : giam gia experience bottle di :v
18:13 reedyesyes   : /w TruongThiTam eeeee 
18:14 TruongThiTam : sao
18:14 reedyesyes   : mua cho t 1 stack enchanting bottle v
18:14 reedyesyes   : :v
18:14 TruongThiTam : t ngheo lam
18:14 reedyesyes   : m tien 39,899.48
18:14 HinataKagenou: ;v
18:14 reedyesyes   : dm....
18:15 reedyesyes   : enchant ko du tien
18:15 HinataKagenou: :))
18:15 reedyesyes   : cay vl
18:15 reedyesyes   : gia huy tour nha t ko
18:15 HinataKagenou: thôi
18:15 HinataKagenou: à mà cx đc
18:15 reedyesyes   : tpask cho vui
18:15 HinataKagenou: xg r m tour nhà t đê
18:15 reedyesyes   : tutorial luon
18:15 HinataKagenou: khaonn
18:15 reedyesyes   : ok
18:15 HinataKagenou: lay xeng
18:15 reedyesyes   : co r
18:15 HinataKagenou: a rk ok
18:16 HinataKagenou: accept di
18:16 reedyesyes   : sach ko
18:16 HinataKagenou: uhh
18:16 HinataKagenou: xeng vang dau
18:16 HinataKagenou: chuot phai de
18:17 reedyesyes   : no claim pant during pvp
18:17 reedyesyes   : land
18:17 reedyesyes   : wtf
18:17 HinataKagenou: vcl
18:17 reedyesyes   : 50 block wide??
18:17 reedyesyes   : lam tren tang vay
18:17 HinataKagenou: so khong dc
18:17 HinataKagenou: dao xuong i
18:19 reedyesyes   : huff
18:19 HinataKagenou: di tour nha t i
18:19 reedyesyes   : one second vro
18:19 HinataKagenou: diiiiiiiiii
18:19 reedyesyes   : chua claim
18:19 HinataKagenou: moeeeeeeeeeeeee
18:19 HinataKagenou: 1 claim 1 ô ở dưới xg nhảy lên trên là đc
18:20 HinataKagenou: lai day tra tim ne
18:21 HinataKagenou: ok chx
18:21 HinataKagenou: trong inventory
18:21 HinataKagenou: qua tour nha t kh?
18:21 reedyesyes   : de ve lam...
18:22 HinataKagenou: dc chx
18:22 HinataKagenou: dii
18:22 reedyesyes   : roi
18:22 HinataKagenou: moaaaaaaaa
18:22 HinataKagenou: to vaiiiiiii
18:22 reedyesyes   : hehehheh
18:22 reedyesyes   : ok di tour
18:22 HinataKagenou: ok
18:23 reedyesyes   : fix gia
18:23 reedyesyes   : uhhh
18:23 reedyesyes   : firework
18:23 HinataKagenou: trg nayy
18:23 HinataKagenou: dayy
18:23 HinataKagenou: enchant
18:23 HinataKagenou: :))
18:23 HinataKagenou: deo pha dc
18:23 reedyesyes   : ko pha??
18:23 HinataKagenou: enchant ne
18:23 reedyesyes   : right click
18:23 HinataKagenou: ;v
18:23 HinataKagenou: deo dc
18:23 HinataKagenou: thoi di vo
18:24 HinataKagenou: tv
18:24 HinataKagenou: moeeeeee
18:24 reedyesyes   : them item banner
18:24 HinataKagenou: ;v
18:24 reedyesyes   : do phai lam
18:24 reedyesyes   : white banner*
18:25 HinataKagenou: small wc
18:25 HinataKagenou: big pool
18:25 HinataKagenou: i have a storage too
18:25 HinataKagenou: ;v
18:26 HinataKagenou: len tang 2
18:27 reedyesyes   : xay them
18:27 reedyesyes   : uhh
18:27 reedyesyes   : lan can
18:27 HinataKagenou: never
18:27 reedyesyes   : tre con di la chet!!
18:27 HinataKagenou: dcmmmmmmmmmm
18:27 reedyesyes   : t bao r
18:27 HinataKagenou: diiiiii
18:28 HinataKagenou: big room
18:28 reedyesyes   : them lancan
18:28 HinataKagenou: with the stair to the rooftop
18:28 HinataKagenou: dcm
18:28 HinataKagenou: rg xuong r
18:28 reedyesyes   : tu sat
18:28 reedyesyes   : 44
18:28 reedyesyes   : bye ae...
18:28 reedyesyes   : 44..
18:29 HinataKagenou: tam chung khong?
18:29 HinataKagenou: co bon voi lai voi hoa xen
18:29 TruongThiTam : eo
18:29 reedyesyes   : tu sat
18:29 HinataKagenou: má
18:29 HinataKagenou: mộ ở trong nhà
18:29 HinataKagenou: phong ngu day
18:29 reedyesyes   : t skin ganyu -> female -> tam chung -> bien thai
18:30 reedyesyes   : ua
18:30 reedyesyes   : 4 con luon
18:30 reedyesyes   : .
18:31 reedyesyes   : e dương
18:31 reedyesyes   : tháo giáp phát
18:31 HinataKagenou: hitler
18:31 reedyesyes   : hát cho t
18:31 HinataKagenou: uhhhhhhhh
18:31 reedyesyes   : ẻika!!!
18:31 reedyesyes   : erika*
18:31 HinataKagenou: dcm
18:31 HinataKagenou: nha t deo phai so thu
18:32 reedyesyes   : gia huy oi
18:32 HinataKagenou: j
18:32 reedyesyes   : a thoi
18:32 reedyesyes   : duong oi
18:32 reedyesyes   : cho t 7,000$
18:32 reedyesyes   : :v
18:32 HinataKagenou: dcmmmmmm
18:32 HinataKagenou: cho lam rkk
18:32 reedyesyes   : experience bottle
18:32 reedyesyes   : build sieu cool
18:33 reedyesyes   : DM???
18:33 reedyesyes   : nha t co zombie piglin
18:33 reedyesyes   : cuu
18:33 TruongThiTam : sao?
18:33 reedyesyes   : kill r
18:34 reedyesyes   : item frame lam ntn nhi
18:34 reedyesyes   : a thoi
18:35 TruongThiTam : huy dau r
18:35 HinataKagenou: xuống bể bơi
18:35 HinataKagenou: t đg ở kho
18:36 reedyesyes   : cay vcl
18:36 reedyesyes   : enchant 1 ti ma tan
18:37 reedyesyes   : 5, 6 level
18:37 reedyesyes   : wtf...
18:37 reedyesyes   : ton tien vcl
18:37 reedyesyes   : gia huy ko ay give t tam 5000 xp di :3
18:37 HinataKagenou: ahh
18:37 HinataKagenou: ok
18:37 HinataKagenou: ok
18:38 reedyesyes   : thanks :V
18:38 HinataKagenou: dc chx ae
18:38 reedyesyes   : .
18:38 reedyesyes   : anvil nat luon
18:38 TruongThiTam : wtf\
18:38 TruongThiTam : e
18:38 TruongThiTam : dua doi day
18:38 TruongThiTam : t enchatn cho
18:39 reedyesyes   : mua lố r
18:39 reedyesyes   : cho dương
18:39 TruongThiTam : e
18:39 TruongThiTam : lam rang de chat rieng v
18:39 TruongThiTam : t co ti chuyen
18:40 reedyesyes   : mua lo r
18:40 reedyesyes   : cho duong
18:40 TruongThiTam : e
18:40 reedyesyes   : j
18:40 TruongThiTam : cach chat rieng
18:40 reedyesyes   : ./w
18:40 HinataKagenou: haizz
18:40 HinataKagenou: chat rieng thi t cx doc dc ma ...
18:40 reedyesyes   : de t
18:40 reedyesyes   : build walls
18:41 TruongThiTam : qua mess
18:41 reedyesyes   : giup t pha 1 it
18:43 TruongThiTam : e huy
18:43 HinataKagenou: j
18:44 HinataKagenou: moee
18:45 reedyesyes   : dung
18:45 reedyesyes   : giup t phat duong
18:45 reedyesyes   : a ma thoi
18:45 reedyesyes   : m ban r
18:45 TruongThiTam : ban j
18:50 reedyesyes   : ua
18:50 reedyesyes   : ko co potion of haste a??
18:59 TruongThiTam : lon
18:59 TruongThiTam : creep no chet het cho r
19:00 reedyesyes   : toi anh duong nha ta
19:03 TruongThiTam placed suspicious LAVA_BUCKET @ world: x-747, z-32
19:03 TruongThiTam placed suspicious WATER_BUCKET @ world: x-750, z-32
19:03 TruongThiTam placed suspicious WATER_BUCKET @ world: x-748, z-31
19:03 TruongThiTam placed suspicious WATER_BUCKET @ world: x-738, z-34
19:04 TruongThiTam placed suspicious WATER_BUCKET @ world: x-694, z-45
19:04 reedyesyes   : ngheo phat khoc
19:04 reedyesyes   : .huhu
19:05 reedyesyes   : duong giup t xay nha cai
19:05 reedyesyes   : lap may cho noc voi tuong
19:05 reedyesyes   : ra vao dung lap
19:05 reedyesyes   : t di tam
19:05 TruongThiTam placed suspicious WATER_BUCKET @ world: x-581, z-59
19:05 TruongThiTam placed suspicious WATER_BUCKET @ world: x-581, z-59
19:06 TruongThiTam placed suspicious WATER_BUCKET @ world: x-580, z-60
19:06 TruongThiTam placed suspicious WATER_BUCKET @ world: x-580, z-60
19:06 TruongThiTam placed suspicious LAVA_BUCKET @ world: x-580, z-58
19:06 TruongThiTam placed suspicious LAVA_BUCKET @ world: x-580, z-58
19:06 TruongThiTam placed suspicious LAVA_BUCKET @ world: x-580, z-60
19:06 TruongThiTam placed suspicious LAVA_BUCKET @ world: x-580, z-60
19:07 TruongThiTam placed suspicious WATER_BUCKET @ world: x-580, z-60
19:07 TruongThiTam placed suspicious WATER_BUCKET @ world: x-580, z-60
19:07 TruongThiTam placed suspicious LAVA_BUCKET @ world: x-580, z-61
19:07 TruongThiTam placed suspicious LAVA_BUCKET @ world: x-580, z-61
19:07 TruongThiTam placed suspicious LAVA_BUCKET @ world: x-580, z-59
19:08 TruongThiTam placed suspicious LAVA_BUCKET @ world: x-580, z-60
19:08 reedyesyes   : wtf
19:08 reedyesyes   : HinataKagenou
19:08 reedyesyes   : e
19:09 HinataKagenou: ahh
19:09 HinataKagenou: i come back
19:09 reedyesyes   : fix durability cua anvil
19:09 TruongThiTam : who ask?
19:09 reedyesyes   : gia huy giup t lap roof di
19:11 HinataKagenou: cai j
19:11 reedyesyes   : crossbow dung dc infinity ko
19:12 HinataKagenou: hinh nhu khong
19:12 reedyesyes   : giup t
19:12 reedyesyes   : lap tran base
19:12 reedyesyes   : anvil de break vcl
19:12 HinataKagenou: t dang bann
19:12 TruongThiTam : base cua tui m gan nhau nhi
19:12 reedyesyes   : t cho do de ma lap
19:12 reedyesyes   : giup phat
19:13 reedyesyes   : duong??
19:13 reedyesyes   : day
19:13 reedyesyes   : DUONG
19:13 reedyesyes   : vcl
19:14 reedyesyes   : my glorious king duong...
19:14 TruongThiTam : ko dao voi lap dc
19:15 TruongThiTam : ngu
19:15 reedyesyes   : nham
19:15 reedyesyes   : sorryz
19:15 TruongThiTam : ngu di
19:15 reedyesyes   : dc chx
19:15 TruongThiTam : e
19:15 reedyesyes   : j
19:15 TruongThiTam : co evil ko
19:15 reedyesyes   : netherite
19:15 reedyesyes   : potion a??
19:17 reedyesyes   : ua
19:19 reedyesyes   : decrease gia cua arrow di
19:19 HinataKagenou: ahh
19:19 HinataKagenou: no
19:19 reedyesyes   : :v
19:21 reedyesyes   : may vl
19:21 reedyesyes   : creeper trong base
19:22 reedyesyes   : biet j chua
19:22 reedyesyes   : leak
19:27 reedyesyes   : t dinh
19:28 reedyesyes   : lam cai
19:28 reedyesyes   : door cho base
19:28 reedyesyes   : bang redstone
19:28 reedyesyes   : cho ngau
19:29 reedyesyes   : DM
19:29 reedyesyes   : lỡ giữ shift xong làm mẹ 6 stack que
19:30 TruongThiTam : khun
19:32 TruongThiTam : ae oi
19:32 reedyesyes   : j
19:32 TruongThiTam : di ngu dc ko
19:32 reedyesyes   : gia huy ko bt
19:32 reedyesyes   : t thi ok
19:32 TruongThiTam : ngu di ae
19:32 reedyesyes   : doi ti
19:32 reedyesyes   : chan cua tam thoi
19:34 reedyesyes   : ngu di
19:35 HinataKagenou: ok:))
19:35 HinataKagenou: ngu r
19:35 reedyesyes   : .
19:45 TruongThiTam : e
19:45 reedyesyes   : j
19:45 reedyesyes   : ua
19:46 reedyesyes   : giahuy biet
19:46 HinataKagenou: cai j?
19:46 reedyesyes   : tpask ghuy ay
19:46 HinataKagenou: hoi j day
19:46 reedyesyes   : de ligma duong noi
19:47 HinataKagenou: j day
19:48 TruongThiTam : xin lai
19:48 HinataKagenou: tron tim a
19:49 reedyesyes   : :v
19:49 HinataKagenou: ;v
19:49 HinataKagenou: chs tron tim xg chet o nha t
19:49 HinataKagenou: cayy
19:49 reedyesyes   : a duong ligma
19:50 reedyesyes   : da xay xong bunker
19:50 reedyesyes   : entrance thoi*
19:50 reedyesyes   : kha la cool
19:50 HinataKagenou: tren nay
19:50 HinataKagenou: chs tiep khong?
19:51 HinataKagenou: mua rrrrrrrr
19:51 HinataKagenou: ;v
19:51 reedyesyes   : er
19:52 HinataKagenou: dau r
19:53 HinataKagenou: uaaaaaaaaa
19:53 TruongThiTam : e
19:53 TruongThiTam : huy
19:53 HinataKagenou: j
19:53 TruongThiTam : theo t
19:54 HinataKagenou: di dau day
19:54 reedyesyes   :  placed a sign @ world: x-736, z-160
  CẢNH BÁO:
  NHỮNG NGƯỜI
  KHÔNG ĐƯỢC CHO 
  PHÉP NẾU VÀO SẼ
19:54 HinataKagenou: dcm
19:54 HinataKagenou: xa rkk
19:55 HinataKagenou: vcl
19:55 reedyesyes   :  placed a sign @ world: x-736, z-160
  CHECKPOINT SỐ 1:
  CODENAME:
19:55 HinataKagenou: th t di ve day
19:55 reedyesyes   :  placed a sign @ world: x-736, z-160
  CHECKPOINT SỐ 1:
  CODENAME:
  KSENIA
19:55 HinataKagenou: de afk di tam nx
19:57 reedyesyes   :  placed a sign @ world: x-736, z-146
  NẾU RA VÀO,
  BÁO VỚI CHỦ
  BUNKER:
  'reedyesyes'
20:00 reedyesyes   :  placed a sign @ world: x-736, z-147
  CHECKPOINT SỐ 2:
  CODENAME:
  ZHAO
20:00 reedyesyes   :  placed a sign @ world: x-737, z-147
  CHECKPOINT SỐ 2:
  CODENAME:
20:00 reedyesyes   :  placed a sign @ world: x-737, z-147
  CHECKPOINT SỐ 2:
  CODENAME:
  ZHAO
20:00 HinataKagenou: vcdddđ
20:01 reedyesyes   :  placed a sign @ world: x-736, z-147
  CẢNH BÁO:
  KHÔNG PHẬN SỰ
  MIẼN VÀO.
20:01 HinataKagenou: lên mẹ bedrock r
20:01 HinataKagenou: dcm
20:01 HinataKagenou: súc vật ./back
20:02 reedyesyes   :  placed a sign @ world: x-736, z-160
   CẢNH BÁO:
  KHÔNG PHẬN SỰ
  MIỄN VÀO.
20:03 HinataKagenou: ...
20:03 HinataKagenou: eo oiii
20:03 HinataKagenou: ia bay o nha ngta
20:03 HinataKagenou: boc phot thai duong
20:03 TruongThiTam : tang m giay vs do
20:03 HinataKagenou: ok
20:03 HinataKagenou: m e tang 1 de
20:03 HinataKagenou: t len tang 2
20:04 reedyesyes   :  placed a sign @ world: x-736, z-160
  KHÔNG CÓ SỰ CHO
  PHÉP CỦA CHỦ
  BUNKER ĐỂ VÀO 
  SẼ BỊ TRỪ KHỬ.
20:04 HinataKagenou: day ma...
20:04 HinataKagenou: trong wc tang 2
20:04 HinataKagenou: tf??
20:04 reedyesyes   :  placed a sign @ world: x-736, z-147
  NẾU VÀO MÀ KHÔNG
  CÓ SỰ CHO PHÉP
  CỦA CHỦ BUNKER
  SẼ BỊ TRỪ KHỬ.
20:04 HinataKagenou: m bi dui r
20:05 HinataKagenou: loo
20:05 Geogre_XD    : huy
20:05 HinataKagenou: vcl
20:05 Geogre_XD    : vo hc
20:05 Geogre_XD    : =))
20:05 reedyesyes   : huy check entrance nha t ko
20:05 HinataKagenou: co deo
20:05 TruongThiTam : e huy
20:05 reedyesyes   :  placed a sign @ world: x-735, z-145
  NẾU MUỐN RA,
  HÃY BÁO VỚI 
  CHỦ BUNKER:
  'reedyesyes'
20:05 HinataKagenou: j
20:05 TruongThiTam : tim cho t con ngua vs
20:06 TruongThiTam : de cho 2 con saygex
20:06 reedyesyes   :  placed a sign @ world: x-738, z-158
  NẾU MUỐN RA VÀO,
  HÃY BÁO VỚI CHỦ
  BUNKER:
  'reedyesyes'
20:06 reedyesyes   : chỗ t có
20:06 HinataKagenou: e
20:06 HinataKagenou: khoe khong m
20:06 reedyesyes   : uay
20:06 reedyesyes   : ngua xuong ae oi
20:07 reedyesyes   : skeleton horse
20:07 reedyesyes   : xem ko
20:07 HinataKagenou: ahh
20:07 HinataKagenou: dg hoc discord
20:07 HinataKagenou: check dm
20:11 reedyesyes   : dương check base t ko
20:12 TruongThiTam : okok
20:12 reedyesyes   : 1 ti
20:12 reedyesyes   : skeleton
20:12 TruongThiTam : appect di
20:12 reedyesyes   :  placed a sign @ world: x-737, z-160
  BUNKER:
  NAKAJJIMURA
  OWNER:
  reedyesyes
20:12 HinataKagenou: BUNKER
20:12 HinataKagenou: NAKAJJIMURA
20:13 reedyesyes   : đọc biển đi cha
20:13 reedyesyes   : :v
20:13 reedyesyes   : ra doc bien cho t
20:13 reedyesyes   : !
20:13 TruongThiTam : ske m dau
20:14 reedyesyes   : ske j
20:14 reedyesyes   : lai gan spawn 1 dong thang skeleton cuoi ngua kill het r
20:14 reedyesyes   : de t chia thanh tung room
20:14 reedyesyes   : vao ko
20:14 reedyesyes   : t mo cua cho
20:15 reedyesyes   : de t chia
20:15 reedyesyes   : lam lai*
20:16 reedyesyes   : ua
20:16 reedyesyes   : ghe vay
20:16 TruongThiTam : t xin
20:16 reedyesyes   : xin j
20:16 TruongThiTam : netherite
20:16 reedyesyes   : a ok
20:16 reedyesyes   : may v
20:16 reedyesyes   : 1 hay 2
20:16 reedyesyes   : u la troi
20:16 reedyesyes   : m co may r
20:17 TruongThiTam : 7 phoi
20:17 reedyesyes   : troi oi
20:17 reedyesyes   : cho t
20:17 reedyesyes   : 2 cai
20:17 reedyesyes   : :3
20:17 reedyesyes   : cho t 2 cai :33
20:17 reedyesyes   : ma thoi
20:17 TruongThiTam : co kc ko
20:17 TruongThiTam : cho t di
20:18 reedyesyes   : co
20:18 reedyesyes   : de t check
20:18 TruongThiTam : coi nhu trao doi
20:18 reedyesyes   : có obsibịđần
20:18 TruongThiTam : diamond
20:18 reedyesyes   : ko co...
20:18 HinataKagenou: ahhhhhh
20:18 HinataKagenou: ph off r
20:18 reedyesyes   : mat het shulker r
20:18 reedyesyes   : ph??
20:18 reedyesyes   : a
20:18 reedyesyes   : phai
20:22 reedyesyes   : duong oi
20:22 reedyesyes   : t co kim cuong
20:22 reedyesyes   : nham
20:30 TruongThiTam : e reed
20:30 reedyesyes   : j
20:30 TruongThiTam : m on mess k
20:30 reedyesyes   : ko :v
20:30 TruongThiTam : on di
20:30 TruongThiTam : t chat ti
20:30 reedyesyes   : ok ok
20:44 reedyesyes   : chao nem
20:46 reedyesyes   : chao nem
20:46 reedyesyes   : review new base
20:46 reedyesyes   : di
20:46 Nem          : adu
20:46 Nem          : trust t di
20:46 reedyesyes   : r
20:46 reedyesyes   : di
20:46 Nem          : e
20:46 reedyesyes   : j
20:46 Nem          : neen xay cua reston hay hon
20:47 reedyesyes   : nhac
20:47 reedyesyes   : vcl
20:47 Nem          : e dang
20:47 reedyesyes   : m lam phong m di
20:47 reedyesyes   : ne
20:47 Nem          : ok
20:47 reedyesyes   : DAY
20:47 Nem          : toois qua
20:48 reedyesyes   : t dang dinh
20:48 reedyesyes   : m bo di
20:48 reedyesyes   : t dang fullbright
20:48 reedyesyes   : ko thay j ka
20:48 Nem          : kooo
20:48 Nem          : ko thich may cai ni
20:48 reedyesyes   : ua
20:48 reedyesyes   : thich j
20:49 reedyesyes   : m dat di
20:49 reedyesyes   : hay can mua j ko
20:49 reedyesyes   : duoc?
20:49 reedyesyes   : LAM J V
20:49 Nem          : t tu lm
20:49 reedyesyes   : moe
20:49 reedyesyes   : phòng m to hơn t là đấp
20:49 reedyesyes   : dấm*
20:49 reedyesyes   : ĐẤM*
20:51 reedyesyes   : vl
20:51 reedyesyes   : lam j v
20:52 reedyesyes   : nho viet bang ghi phong m nha
20:52 reedyesyes   :  placed a sign @ world: x-736, z-131
  PHÒNG CỦA
  reedyesyes
20:52 reedyesyes   : ko dùng phản gỗ trả t
20:53 reedyesyes   : j ko dung thi tra t nha
20:53 Nem          : e
20:53 Nem          : eeee
20:53 reedyesyes   : j
20:53 Nem          : co den nhu rk ko?
20:53 reedyesyes   : co
20:53 reedyesyes   : day
20:54 Nem          : e
20:54 Nem          : cho de tam
20:54 reedyesyes   : j
20:54 reedyesyes   : t lam ruong cho
20:55 reedyesyes   : t nho t dua m block r ma
20:55 Nem          : tks
20:56 reedyesyes   : can cua ko
20:56 reedyesyes   : cửa*
20:56 reedyesyes   :  placed a sign @ world: x-734, z-129
  a
20:56 Nem          : tutu
20:56 reedyesyes   : ok
20:57 Nem          : cho t den
20:57 Nem          : den dau
20:57 Nem          : cho t gia sach
20:57 reedyesyes   : ok
20:58 reedyesyes   : gia sach dat vcl
20:58 reedyesyes   : dm
20:58 reedyesyes   : m giau hon ca tao luon ay
20:58 reedyesyes   : ko m cho t tien di
20:58 reedyesyes   : ./pay
20:58 Nem          : tutu
20:58 reedyesyes   : cho t 1 it gia sach
20:58 reedyesyes   : 3 cai
20:59 reedyesyes   : ok
20:59 reedyesyes   : can j nx ko
20:59 reedyesyes   : kinh??
21:01 reedyesyes   : e nam
21:01 reedyesyes   : cho t
21:01 reedyesyes   : 1 it tien
21:01 Nem          : ok
21:01 reedyesyes   : tam
21:01 reedyesyes   : 10,000$
21:01 reedyesyes   : .
21:02 Nem          : di ra ik
21:02 reedyesyes   : 9,990 nx...
21:02 reedyesyes   : 9,990$...
21:02 Nem          : tutu
21:02 reedyesyes   : ok
21:02 Nem          : de t xay xog phong
21:04 Nem          : di ra nao
21:06 reedyesyes   : dell con than luon
21:06 reedyesyes   : hay vai
21:07 reedyesyes   : ae co 60 cuc than ko
21:07 reedyesyes   : voi flint
21:07 reedyesyes   : duong co flint ko??
21:08 TruongThiTam placed suspicious WATER_BUCKET @ world: x95, z-1450
21:09 reedyesyes   : ngon
21:11 reedyesyes   : co do an ko
21:11 reedyesyes   : t sap chet r
21:12 reedyesyes   : ??
21:12 TruongThiTam : adu
21:12 TruongThiTam : tele phat vo trial
21:12 reedyesyes   : t vo voi
21:12 TruongThiTam : tp qua di
21:13 reedyesyes   : di ko
21:14 reedyesyes   : di??
21:15 reedyesyes   : ne
21:17 reedyesyes   : UAY
21:17 reedyesyes   : BLOCK OF DIAMOND
21:18 reedyesyes   : ngon
21:18 Nem          : chia t vs
21:18 reedyesyes   : ok
21:18 reedyesyes   : t cho m luon
21:19 Nem          : ok
21:19 reedyesyes   : ua
21:19 reedyesyes   : duong oi xin lai block :v
21:19 reedyesyes   : t chia moi dua 3 cuc
21:20 reedyesyes   : wind charge
21:21 reedyesyes   : chia chung
21:21 TruongThiTam : thuc an ko
21:21 reedyesyes   : check dispenser
21:21 TruongThiTam : ko co key
21:21 TruongThiTam : len tren di
21:23 reedyesyes   : ngon!!
21:23 TruongThiTam : cai j v
21:23 TruongThiTam : ma ngon
21:23 reedyesyes   : bong tuyet
21:23 reedyesyes   : voi cai do
21:23 reedyesyes   : ko drop dc
21:24 reedyesyes   : lay wind cahrge
21:25 reedyesyes   : t /home day
21:25 reedyesyes   : sao r
21:25 TruongThiTam : con may cai nay
21:25 reedyesyes   : dm...
21:26 Nem          : y kien chi
21:26 reedyesyes   : ai cho ma expand dat
21:27 reedyesyes   : cho it tien nem oi
21:27 Nem          : cho muon long nung
21:27 reedyesyes   : o day
21:27 reedyesyes   : .
21:27 reedyesyes   : y t la
21:27 reedyesyes   : 10000 do
21:27 reedyesyes   : ok
21:28 reedyesyes   :  placed a sign @ world: x-740, z-139
  CHỖ NUNG
21:28 reedyesyes   :  placed a sign @ world: x-738, z-129
  PHÒNG CỦA 
  NEM
21:28 Nem          : cho t lò cs
21:28 Nem          : vs
21:29 reedyesyes   : dung trong phong day ik
21:29 reedyesyes   : communism
21:29 Nem          : th ok
21:29 reedyesyes   : dung chung
21:30 Nem          : e
21:30 reedyesyes   :  placed a sign @ world: x-736, z-129
  PHÒNG CỦA 
  reedyesyes
21:30 reedyesyes   : j
21:30 TruongThiTam : dang
21:30 Nem          : nhin nay
21:30 TruongThiTam : trian chx het dau
21:30 reedyesyes   : nhma nhac
21:30 reedyesyes   : :v
21:30 reedyesyes   : 1 ti nx
21:30 Nem          : ddinh ko?
21:30 reedyesyes   :  placed a sign @ world: x-738, z-131
  PHÒNG CỦA 
21:30 reedyesyes   : lam j v cha
21:30 Nem          : phong bi mat
21:30 reedyesyes   :  placed a sign @ world: x-740, z-137
  CHỖ NUNG
21:30 reedyesyes   : ok..
21:30 Nem          : omsk bonke
21:31 Nem          : e
21:31 Nem          : cho t bed
21:31 reedyesyes   : mau j
21:31 Nem          : j cx dc
21:31 reedyesyes   : dang lag doi ti
21:32 Nem          : lagggg
21:32 Nem          : it the
21:32 reedyesyes   : 1 cai nx chu j
21:33 Nem          : them them
21:33 Nem          : uh
21:34 reedyesyes   :  placed a sign @ world: x-737, z-135
  PHÒNG DÀNH CHO
  NHÂN VẬT CHÍNH 
  TRỊ, CẤP CAO
21:34 reedyesyes   : mat r...
21:35 reedyesyes   : thoi ke
21:35 Nem          : e
21:35 Nem          : co tham ko
21:35 reedyesyes   : ?
21:35 reedyesyes   : co
21:35 Nem          : thảm
21:35 reedyesyes   : trong truong
21:35 reedyesyes   : ruong*
21:35 Nem          : ok
21:35 Nem          :  placed a sign @ world: x-738, z-131
  PHÒNG CỦA 
  Nem
21:36 reedyesyes   :  placed a sign @ world: x-740, z-145
  NHU CẦU
  THIẾT YẾU
21:36 Nem          : cho t cai de luon nha
21:36 reedyesyes   : de t lam banner đảng
21:36 reedyesyes   : .
21:37 TruongThiTam : dc cay no vs dinh ba
21:37 TruongThiTam : e
21:37 TruongThiTam : cho di ra ngoai
21:37 reedyesyes   : mua lố r
21:37 reedyesyes   : cho duong
21:38 TruongThiTam : cho di ra
21:38 reedyesyes   : de dung chung di
21:38 reedyesyes   : communism
21:38 Nem          : ham tru an hat nhan
21:38 Nem          : tno base zakov
21:39 reedyesyes   : yazov*
21:39 Nem          : ok
21:39 reedyesyes   : nhma kho lam
21:39 Nem          : tich tru food di
21:39 Nem          : chuan bi bloodmoon
21:39 reedyesyes   : gia huy xoa bloodmoon r
21:40 reedyesyes   : raid dau ve day
21:40 TruongThiTam : may cai linh tinh
21:40 Nem          : e
21:40 TruongThiTam : trong cho do day
21:40 reedyesyes   : t co idea
21:40 Nem          : cho t gia sach
21:41 Nem          : them them
21:42 reedyesyes   : an di ae oi
21:42 reedyesyes   : wait
21:43 reedyesyes   : doi duong
21:43 TruongThiTam : t tren dau tui m a
21:43 reedyesyes   : xuong an cho t!!!
21:43 Nem          : an no r
21:43 TruongThiTam : t co an dc dau
21:44 Nem          : e
21:44 Nem          : cho t ra nha
21:44 Nem          : bye
21:44 reedyesyes   : ok
21:44 TruongThiTam : raid di
21:44 reedyesyes   : where...
21:44 reedyesyes   : m biet cho nao co village ko
21:45 HinataKagenou: dg hoc online voi bao gay
21:45 HinataKagenou: tron di chs minecraft
21:45 HinataKagenou: ;v
21:45 reedyesyes   : bookshelf voi wool dat v cha
21:45 HinataKagenou: ke de
21:46 Nem          : xay phong tno nx
21:46 reedyesyes   : buy ma phat khoc
21:46 HinataKagenou: j?
21:46 Nem          : e
21:46 Nem          : đến chõ t ik huy
21:46 reedyesyes   : tu 40,000 xuong 5,000,000
21:46 HinataKagenou: doi ty
21:46 HinataKagenou: dg nung netherite
21:47 Nem          : cho tý
21:47 reedyesyes   : nam oi
21:47 reedyesyes   : dat them cuc nx
21:47 Nem          : đến nhà t chs ko
21:47 HinataKagenou: ok
21:47 HinataKagenou: ra day
21:47 Nem          : tp đi
21:47 HinataKagenou: moe
21:47 HinataKagenou: dinh di thuyen cho vui
21:48 HinataKagenou: reedgay123
21:48 Nem          : co cua reston
21:48 HinataKagenou: dcm
21:48 Nem          : laggg
21:48 HinataKagenou: ba nam o nho nha ngta a
21:49 Nem          : doi tutu
21:49 Nem          : lagg
21:49 HinataKagenou: trust t vs
21:49 HinataKagenou: hoac th
21:50 HinataKagenou: dcm
21:50 HinataKagenou: bay sang nha thg dang o ca rii
21:50 HinataKagenou: dcm
21:50 HinataKagenou: co nha ma d o
21:50 Nem          : cua sat o day
21:50 Nem          : iron door here
21:51 reedyesyes   : gia huy cho t 21 cai the thing banner pattern cai
21:51 reedyesyes   : t lam banner sieu cool
21:51 HinataKagenou: nope
21:51 Nem          : an toan hon r
21:51 HinataKagenou: ua m trust t r a
21:52 HinataKagenou: a chx
21:52 HinataKagenou: th de t hoc da
21:52 HinataKagenou: dg hc online
21:52 reedyesyes   : troi oi
21:52 reedyesyes   : dinh lam banner cong san ma huy ko cho
21:52 reedyesyes   : :v
21:53 Nem          : cho do nertherie vs
21:53 HinataKagenou: dang che netherite
21:53 Nem          : cho lai bloodmoon ik
21:53 HinataKagenou: hn bi loi
21:53 HinataKagenou: deo chay dc
21:54 Nem          : off đây
21:54 HinataKagenou: moeeeeee
21:54 HinataKagenou: du netherite block rrrrrrr
21:54 HinataKagenou: che dc tim r
21:54 HinataKagenou: de check lai recipe da
21:55 Nem          : e
21:55 HinataKagenou: du rrrrrrr
21:55 HinataKagenou: yeeeeeeeeeee
21:55 Nem          : có hang này
21:55 reedyesyes   : trooi oi
21:55 HinataKagenou: deo co nether star
21:55 HinataKagenou: dcm
21:56 HinataKagenou: th bo de
21:56 HinataKagenou: de sau
21:56 reedyesyes   : dm deo lam dc
21:56 reedyesyes   : :rage:
21:56 reedyesyes   : hong moe
21:56 reedyesyes   : 16 cai
21:56 TruongThiTam : ngu
21:56 reedyesyes   : them limit cua cat loom lam j v tr
21:58 HinataKagenou: j
22:01 reedyesyes   : ggia huy cho 1 stack yellow wool cai
22:01 reedyesyes   : banner pt 2
22:01 HinataKagenou: ti nxx
22:01 HinataKagenou: dg hoc
22:02 Nem          : e reed
22:02 reedyesyes   : j
22:02 Nem          : discord
22:02 Nem          : xem ik
22:02 reedyesyes   : ok
22:03 Nem          : coi dis ik
22:05 HinataKagenou: alo
22:05 reedyesyes   : j
22:05 HinataKagenou: accpet
22:05 HinataKagenou: accept
22:06 HinataKagenou: nah
22:06 HinataKagenou: nhanhhhh
22:06 HinataKagenou: dcm
22:07 reedyesyes   : j
22:07 HinataKagenou: can banner nx kh
22:07 reedyesyes   : co
22:07 reedyesyes   : the thing
22:07 reedyesyes   : 16 cai
22:07 HinataKagenou: accept
22:07 HinataKagenou: dcm
22:07 reedyesyes   : vietnam oi!!!!
22:07 reedyesyes   : time out r
22:07 reedyesyes   : send lai di
22:09 HinataKagenou: dcm
22:09 HinataKagenou: anti cheat ban
22:09 HinataKagenou: vcl
22:09 HinataKagenou: check dm
22:10 reedyesyes   : ok vro 💯
22:10 reedyesyes   : tpask??
22:10 reedyesyes   : .
22:11 reedyesyes   : banner kiểu thế t làm thừa
22:11 reedyesyes   : ít là
22:11 reedyesyes   : i là*
22:11 reedyesyes   : banner pattern
22:11 HinataKagenou: ahhh
22:11 reedyesyes   : cái icon mojang ấy
22:12 reedyesyes   : thanks vro
22:12 reedyesyes   : :rage:
22:12 HinataKagenou: xin 2 cai nay
22:12 HinataKagenou: bye
22:14 reedyesyes   : lay j v cha
22:14 HinataKagenou: uhhhh
22:14 reedyesyes   : hong ba nam khoc cho
22:14 HinataKagenou: dc r
22:14 HinataKagenou: gia huy khon
22:14 reedyesyes   : co kieu
22:14 reedyesyes   : de dem
22:14 HinataKagenou: gia huy khun
22:15 reedyesyes   : 11 stack coal
22:15 HinataKagenou: bú hết đồnggg
22:15 reedyesyes   : 11 stack coal!!
22:15 HinataKagenou: dm
22:15 reedyesyes   : co 11 stack coal ko
22:15 HinataKagenou: nope
22:15 reedyesyes   : huff
22:16 reedyesyes   : để lại.
22:16 reedyesyes   : 1 cai nx.
22:17 HinataKagenou: nooooooooo
22:17 HinataKagenou: j?
22:18 HinataKagenou: me
22:18 HinataKagenou: lon
22:18 HinataKagenou: xay nha ba nam o gan cho vui
22:18 HinataKagenou: xg biet xu ra day o voi m
22:18 HinataKagenou: chan vcd
22:18 reedyesyes   : :v
22:18 reedyesyes   : ae voi nhau phai the
22:18 HinataKagenou: dm
22:19 HinataKagenou: ae cai lon
22:19 HinataKagenou: bo m deo them chs nx
22:19 HinataKagenou: xoa sv
22:19 reedyesyes   : :v
