00:00 reedyesyes:  placed a sign @ world: x-741, z-129
  tặng 
  NEM
  -reedyesyes
00:01 reedyesyes:  placed a sign @ world: x-743, z-145
  anvil dự phòng
  nếu bể
00:02 reedyesyes:  placed a sign @ world: x-741, z-129
  tặng anh nem
  -reedyesyes
00:21 reedyesyes:  placed a sign @ world: x-723, z-138
  lapis
00:31 reedyesyes:  placed a sign @ world: x-773, z-154
  NHU CẦU THIẾT
  YẾU
00:34 reedyesyes:  placed a sign @ world: x-775, z-154
  ĐĨA NHẠC 
00:49 reedyesyes:  placed a sign @ world: x-774, z-154
  VÌ NƯỚC QUÊN
  THÂN, VÌ DÂN
  PHỤC VỤ
00:50 reedyesyes:  placed a sign @ world: x-773, z-158
  CHÚNG TÔI, NHỮNG
  NGƯỜI CANH LÔ
  CỐT NÀY SẼ BẢO
  VỆ LÔ CỐT ĐẾN
00:50 reedyesyes:  placed a sign @ world: x-773, z-158
  CHÚNG TÔI, NHỮNG
00:50 reedyesyes:  placed a sign @ world: x-772, z-158
  NGƯỜI BẢO VỆ LÔ
00:51 reedyesyes:  placed a sign @ world: x-773, z-158
  CHÚNG TÔI, NHỮNG
  CỐT NÀY SẼ BẢO
00:51 reedyesyes:  placed a sign @ world: x-772, z-158
  NGƯỜI BẢO VỆ LÔ
  VỆ VỮNG CHẮC
00:51 reedyesyes:  placed a sign @ world: x-773, z-158
  CHÚNG TÔI, NHỮNG
  CỐT NÀY SẼ BẢO
  ĐẾN TRÁI TIM
00:51 reedyesyes:  placed a sign @ world: x-772, z-158
  NGƯỜI BẢO VỆ LÔ
  VỆ VỮNG CHẮC
  CUỐI CÙNG!
00:54 reedyesyes:  placed a sign @ world: x-774, z-157
  NHỚ RUNG CHUÔNG
  KHI CÓ TRĂNG MÁU!
00:55 reedyesyes:  placed a sign @ world: x-775, z-156
  QUYẾT TỬ CHO
  TỔ QUÓC QUYẾT
  SINH!
00:56 reedyesyes:  placed a sign @ world: x-773, z-156
  BÁO LẠI VỚI
  BUNKER KHI THẤY
  CÓ NGƯỜI XÂM
  PHẠM LÃNH THỔ!
01:06 reedyesyes:  placed a sign @ world: x-772, z-156
  CẢNH BÁO:
  LŨ NHỆN CHUI QUA
  ĐƯỢC LỖ!
  CẨN THẬN!
01:06 reedyesyes:  placed a sign @ world: x-773, z-158
  CHÚNG TÔI, NHỮNG
  CỐT NÀY SẼ BẢO
  ĐẾN TRÁI TIM
09:45 reedyesyes:  placed a sign @ world: x-736, z-122
  KHU VỰC CẤM
  NGƯỜI KHÔNG CÓ 
  SỰ CHO PHÉP
09:45 reedyesyes:  placed a sign @ world: x-736, z-123
  KHU VỰC CẤM 
09:46 reedyesyes:  placed a sign @ world: x-737, z-123
  NGƯỜI KHÔNG CÓ 
09:46 reedyesyes:  placed a sign @ world: x-736, z-123
  KHU VỰC CẤM 
  SỰ CHO PHÉP CỦA 
09:46 reedyesyes:  placed a sign @ world: x-737, z-123
  NGƯỜI KHÔNG CÓ 
  CHỦ BUNKER, HOẶC
09:46 reedyesyes:  placed a sign @ world: x-736, z-123
  KHU VỰC CẤM 
  SỰ CHO PHÉP CỦA 
  KHÔNG CÓ BỔN 
09:46 reedyesyes:  placed a sign @ world: x-737, z-123
  NGƯỜI KHÔNG CÓ 
  CHỦ BUNKER, HOẶC
  PHẬN CÓ VIỆC Ở
09:47 reedyesyes:  placed a sign @ world: x-736, z-123
  KHU VỰC CẤM 
  SỰ CHO PHÉP CỦA 
  KHÔNG CÓ BỔN 
  DƯỚI BUNKER.
09:49 reedyesyes:  placed a sign @ world: x-728, z-141
  PHÒNG PHÙ PHÉP 
10:31 reedyesyes:  placed a sign @ world: x-742, z-137
  THAN DỰ PHÒNG
10:32 reedyesyes:  placed a sign @ world: x-723, z-138
  LAPIS
12:30 reedyesyes:  placed a sign @ world: x-728, z-146
  PHÒNG TẮM
  +
  WC
12:36 reedyesyes:  placed a sign @ world: x-728, z-146
  PHÒNG TẮM
12:39 reedyesyes: chao truong thi tam
12:40 reedyesyes: .
12:40 reedyesyes:  placed a sign @ world: x-721, z-145
  d
12:43 reedyesyes: check baltop di
12:43 reedyesyes: t giau nhat
12:43 reedyesyes: nham
12:43 reedyesyes: .
12:44 reedyesyes: de t cho m 1 it
12:44 reedyesyes: dc ko
12:46 reedyesyes: .
12:47 reedyesyes: a
12:47 reedyesyes: i co idea
12:47 reedyesyes: a thoi doi i r
12:52 reedyesyes: m co
12:52 reedyesyes: item frame ko??
12:53 reedyesyes:  placed a sign @ world: x-738, z-109
  THÍ NGHIỆM SỐ 1:
12:55 TruongThiTam: e
12:55 reedyesyes  : ?
12:55 TruongThiTam: chon
12:55 reedyesyes  : chon?
12:55 TruongThiTam: co hoac khong
12:55 reedyesyes  : a
12:55 reedyesyes  : co
12:55 reedyesyes  : troi oi
12:55 reedyesyes  : trung tinh thai duong
12:55 reedyesyes  : day r
12:55 reedyesyes  : full r
12:55 TruongThiTam: lo vuong prime
13:00 TruongThiTam: rg m lai pha
13:00 TruongThiTam: im
13:01 TruongThiTam: adoft painter
13:03 TruongThiTam: im so lonely
13:20 reedyesyes  :  placed a sign @ world: x-745, z-108
  VẬT THỂ
  LẠ THƯỜNG SỐ 1.
13:23 reedyesyes  :  placed a sign @ world: x-746, z-104
  CẤM UỐNG.
19:59 reedyesyes: a
19:59 reedyesyes: chao nem
20:00 Nem       : hiii
20:01 reedyesyes: check ruong t gift chx
20:01 Nem       : m để ở đâu?
20:01 reedyesyes: trong phong m a
20:01 Nem       : ok
20:01 Nem       : aduuuuu
20:02 Nem       : thanks
20:02 reedyesyes: doi ti
20:02 reedyesyes: t cho m cai nay
20:02 reedyesyes: nhận đc chx??
20:02 Nem       : ẻ
20:02 reedyesyes: ?
20:02 Nem       : nhaamf
20:02 Nem       : rồi
20:02 Nem       : cam on nha
20:03 reedyesyes: check mấy cái ở dưới đi
20:03 reedyesyes: :v
20:03 Nem       : ok
20:03 Nem       : e
20:04 reedyesyes: ?
20:04 Nem       : t het kinh nghiem r
20:04 reedyesyes: ua
20:04 Nem       : huhuhuhu
20:04 reedyesyes: tpask sang t di
20:04 Nem       : tpask lsao
20:04 reedyesyes: tp sang
20:04 reedyesyes: t cho
20:04 reedyesyes: day
20:05 Nem       : wwhat
20:05 reedyesyes: dc chx
20:05 reedyesyes: ??
20:05 reedyesyes: t lag vcl
20:05 Nem       : wwhattt
20:05 Nem       : sao m co hay vay
20:05 Nem       :  placed a sign @ world: x-745, z-108
  VẬT THỂe
  LẠ THƯỜNG SỐ 1.
20:05 Nem       :  placed a sign @ world: x-745, z-108
  VẬT THỂ
  LẠ THƯỜNG SỐ 1.
20:06 reedyesyes: mua
20:06 reedyesyes: shop
20:06 Nem       : ok
20:06 Nem       : ê
20:06 reedyesyes: j?
20:06 Nem       : sửa lại đèn dưới ni ik
20:06 Nem       : hơi xấu
20:06 reedyesyes: cho m sua
20:06 reedyesyes: t ko bt thiet ke
20:06 Nem       : phong thí nghiệm mà dùng đèn lồng
20:06 reedyesyes: m giàu thứ 2 sv ấy
20:06 reedyesyes: mua đi
20:06 Nem       : eeee
20:06 reedyesyes: dung ./baltop
20:06 Nem       : sao có bedrock
20:06 reedyesyes: gia huy
20:07 reedyesyes: pha
20:07 Nem       : ./baltop
20:07 reedyesyes: .
20:07 reedyesyes: xóa dấu chấm
20:07 Nem       : ok r
20:07 reedyesyes: thấy chx
20:07 reedyesyes: m giàu thứ 2
20:07 Nem       : rr
20:09 Nem       : e lm sao có skin giáp như m thế
20:09 Nem       :  placed a sign @ world: x-743, z-145
  anvil dự phòng
  nếu bể
20:09 reedyesyes: cần làm hộ ko?
20:09 Nem       : yeeee
20:09 reedyesyes: 1 ti
20:10 reedyesyes: r
20:10 reedyesyes: đưa giáp đi
20:10 Nem       : wwhat
20:10 reedyesyes: day*
20:11 reedyesyes: ne
20:11 reedyesyes: cần enchant luôn ko??
20:11 Nem       : wwow
20:11 Nem       : ok
20:11 Nem       : maf lm sao vay
20:11 reedyesyes: decorations
20:12 reedyesyes: đưa giáp đây t enchant
20:12 reedyesyes: ko caafn
20:12 reedyesyes: .
20:12 Nem       :  placed a sign @ world: x-723, z-138
  LAPIS
20:13 reedyesyes: ne
20:13 Nem       : thanks
20:13 reedyesyes: t di lam phong tiep day
20:13 Nem       : ok
20:13 reedyesyes: m muốn sửa gì dưới thì nói*
20:13 reedyesyes: .
20:13 reedyesyes: CREPER
20:13 reedyesyes: dit
20:14 Nem       : e mmm
20:14 reedyesyes: ?
20:14 Nem       : xây máy farm ở dưới đi
20:14 reedyesyes: LAG
20:14 Nem       : để mà kiếm tiền
20:14 Nem       : nhẹ thôi
20:14 reedyesyes: ko cần
20:16 reedyesyes: t có cách riêng
20:16 reedyesyes: tí t nói qua dms
20:16 Nem       : cos iron di
20:16 reedyesyes: bí mật quốc gia
20:16 Nem       : ok
20:16 reedyesyes: cos iron?
20:16 Nem       : uh
20:17 Nem       : lm chỗ xuống nhanh hơn
20:17 reedyesyes: cosplay?
20:17 reedyesyes: giup t phat
20:17 Nem       : m dauuu
20:18 reedyesyes: .
20:18 reedyesyes: đọc mấy cái note t làm chx
20:18 reedyesyes: dit
20:18 reedyesyes: loi r
20:18 Nem       : eeddee xem
20:18 reedyesyes: lỗi r
20:18 Nem       : sao ko đọc đc
20:18 reedyesyes: lỗi
20:18 reedyesyes: .
20:18 reedyesyes: t lag r
20:18 reedyesyes: de rejoin
20:19 reedyesyes: minecraft butg r
20:19 reedyesyes: bug*
20:19 reedyesyes: để t khởi dộng lại mái
20:19 reedyesyes: y
20:21 reedyesyes: ê trương thị tam
20:21 reedyesyes: đừng thoát
20:21 reedyesyes: để t
20:21 reedyesyes: reset lại máy
20:21 reedyesyes: ,máy t bug r
20:24 reedyesyes: ??
20:24 reedyesyes: lag cũng đéo tha
20:25 reedyesyes: máy đỡ lag r
20:25 Nem       : nó mần j thế
20:26 reedyesyes: lag vcl...
20:29 reedyesyes: nam check lô cốt t ko
20:29 Nem       : ok
20:29 reedyesyes: build để chống bloodmoon
20:30 Nem       : sorry
20:30 reedyesyes: ok di
20:30 reedyesyes: ui
20:30 reedyesyes: ne
20:30 reedyesyes: .
20:30 reedyesyes: one second
20:30 reedyesyes: .
20:31 Nem       : di nao
20:31 Nem       : ae
20:31 reedyesyes: di nhan
20:31 reedyesyes: h
20:31 Nem       : trinh sát đoàn
20:31 reedyesyes: eh
20:31 Nem       : wwtf
20:32 Nem       : e m
20:32 reedyesyes: j
20:32 Nem       : xây mấy con người tuyết trên ni á
20:32 Nem       : no bắn giúp
20:32 Nem       : ik
20:32 reedyesyes: m lam di
20:33 reedyesyes: t dang lam meeting room
20:33 Nem       :  placed a sign @ world: x-774, z-157
  NHỚ RUNG CHUÔNG
  KHI CÓ TRĂNG MÁU!
  nguyệt hiến dâng
  con timmm
20:33 Nem       :  placed a sign @ world: x-774, z-157
  NHỚ RUNG CHUÔNG
  KHI CÓ TRĂNG MÁU!
  nguyệt hiến dâng
  con timmm
20:33 reedyesyes: moe
20:33 Nem       : e duong đừng phá
20:33 TruongThiTam: t xay ho bay ma
20:33 reedyesyes  : ??
20:34 Nem         : xay ko?
20:35 Nem         : ?
20:35 reedyesyes  : làm cho trần nhà bằng phẳng cái
20:35 Nem         : ok
20:36 reedyesyes  : nhớ lấp lỗ lại
20:36 reedyesyes  : có.
20:36 reedyesyes  : t làm đc cái này siêu hay luôn
20:36 Nem         : lm cái j mà kiếm dc tiền ik
20:37 reedyesyes  : tí đms
20:37 reedyesyes  : dms
20:37 reedyesyes  : discord
20:37 Nem         : lm đường đến bunker ngoài ik
20:37 reedyesyes  : nhác*
20:38 Nem         : ban đồ sao đây
20:39 reedyesyes  : xong
20:39 Nem         : wow
20:40 reedyesyes  : cho m cái lỗi
20:40 Nem         : ok
20:40 Nem         : cos block j ko
20:40 Nem         : de t trang tri
20:41 reedyesyes  : .
20:41 reedyesyes  : dương bị đéo chi rx??
20:42 Nem         : ko đùa mô nha
20:42 Nem         : chx mần chi
20:43 TruongThiTam placed suspicious LAVA_BUCKET @ world: x91, z-1451
20:43 TruongThiTam placed suspicious LAVA_BUCKET @ world: x91, z-1451
20:43 Nem         : dương phá nx= dương gay bel
20:43 TruongThiTam placed suspicious LAVA_BUCKET @ world: x90, z-1451
20:43 TruongThiTam placed suspicious LAVA_BUCKET @ world: x90, z-1451
20:43 TruongThiTam placed suspicious LAVA_BUCKET @ world: x90, z-1451
20:43 TruongThiTam placed suspicious LAVA_BUCKET @ world: x90, z-1451
20:43 TruongThiTam: nam cay ngu
20:44 Nem         : chx mần chi
20:44 Nem         : mà phá ngta
20:44 TruongThiTam: e
20:44 Nem         : thì chx bt ai ngu
20:44 TruongThiTam: dang
20:44 TruongThiTam: choc
20:44 TruongThiTam: cho t ở ké đi
20:45 reedyesyes  : không.
20:45 Nem         : ko phá nx ik
20:45 reedyesyes  : cho mày phá à??
20:45 TruongThiTam: t ko pha dau
20:45 Nem         : tht ko đó
20:45 TruongThiTam: chan qua nen ms lm v
20:45 Nem         : bị j ko vậy
20:46 reedyesyes  : nam check trong phong cửa gỗ có j đi :v
20:46 Nem         : coi r
20:46 reedyesyes  : đọc gi chép chx
20:46 reedyesyes  : ghi*
20:46 reedyesyes  : day
20:46 Nem         : đâu
20:47 reedyesyes  : ê
20:47 Nem         : what
20:47 reedyesyes  : giúp t lấp tường với trần
20:47 Nem         : ok
20:47 Nem         : nhma tối quá
20:48 reedyesyes  : ne
20:48 Nem         : đèn đèn
20:48 reedyesyes  : để tam.
20:48 reedyesyes  : tí nx làm hoàn chỉnh
20:49 Nem         : off tí
20:49 reedyesyes  : kk
20:49 TruongThiTam: enchant
20:49 reedyesyes  : gia huy check baltop cho t 😎😎😎
20:50 reedyesyes  : t hết block r
20:50 Nem         : t cx rk
20:50 reedyesyes  : ne
20:51 TruongThiTam: dat cua gia bao
20:51 TruongThiTam: e huy
20:51 TruongThiTam: cho t kinh nghiem di
20:51 TruongThiTam: nem nay gio ms dc co 40 lv
20:51 Nem         : cho moonight nhiều đi
20:52 reedyesyes  : xong
20:52 reedyesyes  : meeting room
20:53 reedyesyes  : bá nam sửa đen phòng thí nghiệm luôn với
20:53 reedyesyes  : :v
20:55 Nem         : ê có miếng nửa gỗ ko
20:55 reedyesyes  : co
20:56 Nem         : tks
20:56 reedyesyes  : trang tri luon v
20:57 reedyesyes  : doi t 1 ti
20:58 Nem         : theem flag nx
20:58 reedyesyes  : ne
20:58 reedyesyes  : đay
20:58 reedyesyes  : đây*
20:58 HinataKagenou: đù
20:58 HinataKagenou: chất rk
20:58 reedyesyes   : đay
20:58 reedyesyes   : ĐÂY
20:58 HinataKagenou: where
20:58 reedyesyes   : moe
20:58 reedyesyes   : banner
20:58 HinataKagenou: no mo roi
20:59 HinataKagenou: cho bedrock
20:59 HinataKagenou: tinh trung thai duong...
21:00 HinataKagenou: e reed
21:00 reedyesyes   : j
21:00 HinataKagenou: cho t xin co cong san
21:00 Nem          : đẹp ko
21:00 HinataKagenou: dep v
21:00 HinataKagenou: cho t o lai voi ;v
21:00 Nem          : ok
21:01 reedyesyes   : m thấy cái lô cốt đc ko hay cần trang trí 1 ít nx
21:01 HinataKagenou: hoi t hay hoi ai v ;v
21:01 reedyesyes   : nem
21:01 HinataKagenou: by the way
21:01 HinataKagenou: m chua claim dat ne
21:01 Nem          : cos
21:02 reedyesyes   : lúc trc claim r nnma lag
21:02 reedyesyes   : chắc chưa nhận
21:02 HinataKagenou: de t ban claimbook
21:02 HinataKagenou: hoho
21:02 HinataKagenou: free money
21:02 Nem          : cos glass ko
21:04 reedyesyes   : lag vl
21:06 Nem          : eeee reed
21:06 reedyesyes   : ?
21:06 Nem          : unblock dis huy kìa
21:06 Nem          : tội bạn
21:06 reedyesyes   : lmj
21:06 Nem          : nos bảo thế
21:11 reedyesyes   : e ghuy
21:11 TruongThiTam : e ghuy
21:11 TruongThiTam : cai giay t enchant nhieu dong qua
21:11 TruongThiTam : gio hn bao qua dat
21:12 reedyesyes   :  placed a sign @ world: x-747, z-116
  PHÒNG HỌP TÁC 
  CHIẾN 
21:12 reedyesyes   : t co claim o tren ma duoi ko nhan
21:12 reedyesyes   : :v
21:14 reedyesyes   : -737.259 / 20.0000 / -118.577
21:14 reedyesyes   : t check lai xem claim cua t co ko
21:14 reedyesyes   : a ok
21:15 reedyesyes   : overlap
21:15 reedyesyes   : claim của t ở trên r
21:17 reedyesyes   : troi
21:17 reedyesyes   : roi*
21:17 reedyesyes   : xong!!
21:17 reedyesyes   : woohoo
21:17 reedyesyes   : thiệt hại: 1 claim siêu to phải bị abandon
21:18 reedyesyes   : idk vro
21:18 reedyesyes   : .
21:18 reedyesyes   : home
21:18 reedyesyes   : .
21:18 reedyesyes   : a ghuy
21:18 reedyesyes   : mấy cái tim với stuff ở cái lifeitems outdated r
21:18 reedyesyes   : dùng ko dc
21:18 reedyesyes   : :v
21:18 reedyesyes   : lúc trc giàu mua 2 cái dùng ko đc
21:19 reedyesyes   : ib?
21:19 reedyesyes   : ghuy vo sv phat
21:19 reedyesyes   : t flex may cai t viet sieu cool
21:20 reedyesyes   : er
21:20 TruongThiTam : cuu
21:20 reedyesyes   : idk vro
21:21 reedyesyes   : book and quill ma??
21:21 TruongThiTam : hdang cuu
21:21 reedyesyes   : broadcast la j v ae
21:22 reedyesyes   : :v
21:22 TruongThiTam : huh
21:22 TruongThiTam : tự bóp dái
21:22 reedyesyes   : :vv
21:23 reedyesyes   : ???
21:23 reedyesyes   : villager??
21:24 reedyesyes   : ghuy join phat
21:24 reedyesyes   : villager o nether
21:24 TruongThiTam : e
21:25 TruongThiTam : e
21:25 TruongThiTam : co i tuong j ko
21:25 TruongThiTam : xay tiep di
21:26 reedyesyes   : alo??
21:26 reedyesyes   : ko xem villager a
21:26 reedyesyes   : uay
21:26 reedyesyes   : diamond
21:26 reedyesyes   : GHAST
21:27 reedyesyes   : bao ve thang villager
21:27 HinataKagenou: vcl
21:27 HinataKagenou: trust cai
21:27 HinataKagenou: thank vro
21:27 reedyesyes   : eh
21:27 HinataKagenou: haha
21:28 HinataKagenou: i stole "tinh trung thai duong"
21:28 HinataKagenou: accept
21:28 reedyesyes   : villager
21:28 HinataKagenou: vl
21:29 HinataKagenou: dcm lag rii
21:29 reedyesyes   : villager??
21:29 HinataKagenou: de di lay chuot da
21:29 HinataKagenou: dang dung touchpad
21:29 reedyesyes   : wheres the villagefr..
21:29 HinataKagenou: ma thoi ke di
21:29 HinataKagenou: uhh
21:31 reedyesyes   : thang duong ma lai la t cho chet luon
21:31 HinataKagenou: oh shit
21:31 reedyesyes   : giam lay shulker cua t
21:31 HinataKagenou: noooo
21:31 HinataKagenou: i dont have any flint and steel
21:31 HinataKagenou: chac ssai chinh ta
21:31 HinataKagenou: nhm dang hoc tieng anh ;v
21:32 HinataKagenou: my soldiers
21:32 HinataKagenou: kill him
21:33 reedyesyes   : vcl no t dau
21:33 reedyesyes   : :v
21:34 HinataKagenou: cai j
21:34 reedyesyes   : thay j ko
21:34 reedyesyes   : nha giau
21:35 HinataKagenou: yes
21:35 HinataKagenou: youre rich
21:35 HinataKagenou: de t ban dat tiep
21:35 HinataKagenou: ;v
21:35 HinataKagenou: vl
21:35 reedyesyes   : j
21:35 HinataKagenou: duong gay completed the challenge
21:36 TruongThiTam : dang cap
21:36 TruongThiTam : me
21:36 TruongThiTam : l
21:36 TruongThiTam : ngu ak
21:36 HinataKagenou: :))
21:36 reedyesyes   : :v
21:36 reedyesyes   : j v
21:36 TruongThiTam : lon cho
21:37 TruongThiTam : me m
21:37 reedyesyes   : lag r vcl :v
21:37 HinataKagenou: lag vcl
21:37 HinataKagenou: btw
21:37 HinataKagenou: dung enchant thorn
21:37 HinataKagenou: nhanh hu giap
21:37 HinataKagenou: fr fr
21:37 reedyesyes   : no worries
21:37 reedyesyes   : t giau
21:37 HinataKagenou: ;v
21:37 reedyesyes   : m quen a
21:38 HinataKagenou: t giau hon roi :)
21:38 reedyesyes   : give money thi ko choi
21:38 reedyesyes   : con ga
21:38 reedyesyes   : leu leu
21:38 HinataKagenou: give deo
21:38 HinataKagenou: check dm
21:38 reedyesyes   : block r
21:38 reedyesyes   : a nham
21:38 reedyesyes   : ignore r
21:38 reedyesyes   : leu leu
21:38 reedyesyes   : blehhh
21:39 HinataKagenou: moe
21:39 HinataKagenou: unblock dee
21:39 reedyesyes   : noi duong tra shulker r unblock
21:40 HinataKagenou: ne
21:40 HinataKagenou: roi doo
21:40 reedyesyes   : bloodmoon
21:40 reedyesyes   : check lo cot t ko
21:40 reedyesyes   : :sunglasses:
21:41 HinataKagenou: okay
21:41 reedyesyes   : doc may cai
21:41 reedyesyes   : ghi chep chx
21:41 HinataKagenou: chx
21:41 HinataKagenou: moe
21:41 HinataKagenou: trust de
21:41 reedyesyes   : :v
21:41 reedyesyes   : r
21:41 reedyesyes   : vl
21:41 HinataKagenou: vl
21:41 reedyesyes   : ban tung nay chac dc tien
21:41 HinataKagenou: :))
21:42 reedyesyes   : eyeee
21:42 reedyesyes   : yeeeeeeee
21:42 reedyesyes   : $2.72
21:42 TruongThiTam : ngu de
21:42 HinataKagenou: ha
21:43 HinataKagenou: unblock ...
21:43 reedyesyes   : m thay ko
21:44 HinataKagenou: j
21:44 reedyesyes   : o giua doan nay co vung chua claim
21:44 reedyesyes   : .
21:44 HinataKagenou: vl
21:44 HinataKagenou: ms claim den day
21:44 TruongThiTam : mo cua
21:44 reedyesyes   : /whisper HinataKagenou hình như thằng dương có hack 
21:44 HinataKagenou: /r rg bt:)? 
21:45 reedyesyes   : /whisper HinataKagenou mấy lúc trc chưa claim đang pvp tự nhiên bay lên cây, etc 
21:46 HinataKagenou: /r nhm han co elytra ma 
21:46 reedyesyes   : hinh nhu t lag r ae oi
21:46 HinataKagenou: /r bt dau duoc 
21:46 HinataKagenou: vl 21 emeraild
21:46 HinataKagenou: *emerald
21:46 HinataKagenou: dau ra v
21:46 reedyesyes   : /w HinataKagenou hồi hấn còn đồ kim cưong ấy 
21:46 reedyesyes   : /w HinataKagenou lúc đó hấn nghèo vcl 
21:46 HinataKagenou: dùng sẻng vàng vào góc của claim để tăng diện tích claim
21:47 HinataKagenou: /r hmmm 
21:47 HinataKagenou: ;v
21:48 HinataKagenou: *knock knock
21:48 HinataKagenou: hi sir
21:48 reedyesyes   : get the fuck out of my property
21:48 HinataKagenou: im from Kangaroo Goverment
21:49 HinataKagenou: pay your taxes
21:49 HinataKagenou: bro
21:49 HinataKagenou: ?
21:49 reedyesyes   : lag*
21:50 reedyesyes   : cho m ne
21:50 reedyesyes   : :v
21:50 HinataKagenou: :))
21:50 HinataKagenou: band duong roi ;v
21:50 HinataKagenou: dang
21:50 reedyesyes   : tra nao
21:50 HinataKagenou: dung netherite de lam hoe
21:50 reedyesyes   : nhac hay ko
21:50 HinataKagenou: ok
21:51 HinataKagenou: rg out rk cu
21:51 TruongThiTam : cut
21:51 reedyesyes   : :v
21:51 HinataKagenou: cai deo j
21:51 TruongThiTam : t thua biet
21:51 HinataKagenou: :))
21:52 reedyesyes   : bien thai
21:52 reedyesyes   : cut
21:52 reedyesyes   : dm
21:52 HinataKagenou: oh shiet
21:52 reedyesyes   : lam tro j v
21:52 HinataKagenou: dang tam
21:52 HinataKagenou: lam gi dau
21:52 reedyesyes   : bye
21:52 reedyesyes   : :v
21:52 HinataKagenou: haaaa
21:52 reedyesyes   : ra lo cot
21:53 HinataKagenou: vl
21:53 HinataKagenou: farm bloodmoon a
21:53 reedyesyes   : yup
21:53 reedyesyes   : ngau ko
21:53 reedyesyes   : dong ho
21:53 HinataKagenou: ngau tht
21:53 reedyesyes   : kha la dat
21:53 HinataKagenou: ye
21:53 TruongThiTam : dong ho dong ho dang hat ru
21:54 HinataKagenou: hai cái tay này cầm nặng trĩu cu ù
21:54 reedyesyes   : trong nay co golden apple normal ko
21:54 reedyesyes   : :v
21:54 HinataKagenou: cos
21:54 HinataKagenou: shop co
21:54 reedyesyes   : where
21:54 HinataKagenou: im not sure...
21:54 reedyesyes   : vl
21:54 reedyesyes   : thoi ke
21:54 HinataKagenou: thôi về tắm tiếp đi da
21:55 reedyesyes   : a
21:55 reedyesyes   : gan day co lang
21:55 HinataKagenou: ye
21:55 reedyesyes   : ve home t lay bad omen
21:55 HinataKagenou: quyet tu cho to quoc quyet sinh
21:55 HinataKagenou: t cung co bad omen
21:55 reedyesyes   : lag r doi t 1 ti
21:56 HinataKagenou: lo nem
21:56 HinataKagenou: nem gay123
21:56 HinataKagenou: reed di tam tiep di
21:56 HinataKagenou: khong he co y do xau
21:56 TruongThiTam : eo
21:56 HinataKagenou: for real
21:56 reedyesyes   : kêu thằng nem đi tắm người hôi rình
21:56 reedyesyes   : :v
21:56 TruongThiTam : cai dell j v
21:56 HinataKagenou: :))
21:56 Nem          : ?
21:57 TruongThiTam : im so lonely
21:57 reedyesyes   : di
21:57 HinataKagenou: e nam
21:57 reedyesyes   : raid village
21:57 HinataKagenou: yeeeee
21:57 HinataKagenou: reaid
21:57 HinataKagenou: raid
21:57 Nem          : ok
21:57 TruongThiTam : e dang
21:57 reedyesyes   : di
21:57 TruongThiTam : lay tim ko
21:57 reedyesyes   : over here
21:57 HinataKagenou: here
21:57 Nem          : ddaau r
21:57 HinataKagenou: wait
21:57 reedyesyes   : ok
21:57 HinataKagenou: de tau lay chuot
21:57 reedyesyes   : tpask di
21:58 reedyesyes   : di raid
21:58 TruongThiTam : dung di
21:58 reedyesyes   : tpask di anh em
21:58 HinataKagenou: an trom
21:58 HinataKagenou: an cap
21:58 Nem          : e
21:58 Nem          : co food ko
21:58 HinataKagenou: nguoi cua đảng ma nhu n
21:58 reedyesyes   : di
21:59 reedyesyes   : r
21:59 TruongThiTam : t co
21:59 reedyesyes   : raid omen
21:59 reedyesyes   : omaigod
21:59 reedyesyes   : chuan bi
21:59 TruongThiTam : cai lang nay t di qua 1 lan r
21:59 reedyesyes   : raid!!
21:59 Nem          : e co food ko
21:59 reedyesyes   : day
21:59 TruongThiTam : nam
21:59 HinataKagenou: vo shop mua de
21:59 TruongThiTam : lai day
21:59 Nem          : chet moe ko co tao vang
22:00 reedyesyes   : t co enchant tao vang
22:00 reedyesyes   : ed
22:00 Nem          : cho vs
22:00 HinataKagenou: lau rkkk
22:00 Nem          : cho t vs
22:00 reedyesyes   : dm lag r ae bao ve t phat
22:00 HinataKagenou: ook sir
22:00 Nem          : tao vangggg
22:00 Nem          : cho t vs
22:00 HinataKagenou: tf
22:00 HinataKagenou: duong nhanh v
22:01 HinataKagenou: vcl
22:01 reedyesyes   : bao ve xong t cho moi dua 3 enchanted golden apple
22:01 HinataKagenou: deo dung thoi gian roi
22:01 Nem          : ok sirr
22:01 TruongThiTam : x2
22:01 reedyesyes   : ve locot t choi ko
22:01 reedyesyes   : ok het lag r
22:01 Nem          : ok
22:01 reedyesyes   : duong
22:02 reedyesyes   : ve locot t di :v
22:02 HinataKagenou: x2 :))
22:03 HinataKagenou: raid da
22:03 HinataKagenou: dau dau roi
22:03 Nem          : ve basse ik'
22:03 HinataKagenou: raid nx maaaaaaaa
22:03 reedyesyes   : VO DI
22:04 reedyesyes   : TROI OI
22:04 reedyesyes   : e nam
22:04 reedyesyes   : tset
22:04 reedyesyes   : test
22:04 reedyesyes   : thao giap phat
22:05 reedyesyes   : vo base di
22:05 reedyesyes   : troi oi
22:05 HinataKagenou: tpaacept
22:05 reedyesyes   : nam di dau v
22:05 HinataKagenou: ty
22:05 Nem          : my soldiers push forward
22:05 reedyesyes   : cho ne
22:05 reedyesyes   : :v
22:06 HinataKagenou: ;v
22:06 HinataKagenou: camon
22:06 reedyesyes   : ra giup di
22:06 reedyesyes   : dung giet creeper
22:06 HinataKagenou: oops
22:07 HinataKagenou: idk
22:09 reedyesyes   : de t kiep
22:09 reedyesyes   : kiem
22:09 reedyesyes   : creeper
22:09 reedyesyes   : charged creeper
22:09 HinataKagenou: what do you want to do
22:09 reedyesyes   : lay dau mobs
22:10 reedyesyes   : ma thoi
22:10 reedyesyes   : nhac vl
22:10 reedyesyes   : vl
22:11 HinataKagenou: j?
22:11 reedyesyes   : di kiem stronghold ko
22:11 reedyesyes   : :vv
22:11 HinataKagenou: rule: khong danh rong
22:11 reedyesyes   : ok sure
22:11 reedyesyes   : e nam
22:11 reedyesyes   : t nghi nen them phong kho bo thuc an, ore, etc
22:12 Nem          : wwin r
22:12 reedyesyes   : di kiem
22:12 reedyesyes   : uhhh
22:12 reedyesyes   : a nham
22:12 reedyesyes   : di lam phong kho
22:12 Nem          : e cai dinh ba no lay mo ra rk
22:12 reedyesyes   : mua
22:12 reedyesyes   : shop
22:12 HinataKagenou: enchant
22:12 HinataKagenou: dinh ba mua o shop
22:12 reedyesyes   : ae vo bunker
22:12 reedyesyes   : :v
22:12 HinataKagenou: con quay ve thi la enchant
22:12 reedyesyes   : ghuy vo ko
22:12 HinataKagenou: ok
22:13 TruongThiTam : e
22:13 reedyesyes   : troi oi
22:13 TruongThiTam : bay quen cai raid lang a
22:13 reedyesyes   : uk :v
22:13 reedyesyes   : lam phong ko di nem
22:13 reedyesyes   : di
22:13 HinataKagenou: ae xay phong cho t vs ;v
22:14 Nem          : ddepj ko
22:14 HinataKagenou: dep
22:14 Nem          : ok
22:14 HinataKagenou: 9/10
22:14 HinataKagenou: nhm cua nhin kho chiu vaiiiii
22:14 Nem          : phong t vs reed phong nao dep hon
22:14 reedyesyes   : cai j dep
22:14 reedyesyes   : eh
22:15 HinataKagenou: reed
22:15 HinataKagenou: chim dep
22:15 reedyesyes   : di lam phong kho di
22:15 Nem          : okkk
22:15 Nem          : di
22:15 HinataKagenou: ok lam voi
22:15 reedyesyes   : .
22:15 HinataKagenou: xay phong cho t voi ...
22:15 reedyesyes   : wtf
22:15 HinataKagenou: vl :))
22:15 Nem          : co nc ko
22:15 reedyesyes   : cho ghuy ngủ ở lô cốt
22:16 HinataKagenou: noooooo
22:16 reedyesyes   : hoac phong kho
22:16 HinataKagenou: ok phong kho duoc
22:16 reedyesyes   : cho ghuy ngủ cạnh tinh trùng thái dương
22:16 HinataKagenou: nooo
22:16 HinataKagenou: uhh
22:16 HinataKagenou: trust me bro
22:16 TruongThiTam : dung
22:16 Nem          : trust t ik
22:16 TruongThiTam : qua xuc pham tinh cua t
22:17 HinataKagenou: mấy nhân mấy đây
22:17 HinataKagenou: 10x10?
22:17 reedyesyes   : 15x15
22:17 Nem          : trust tttt vs
22:17 reedyesyes   : big size
22:17 reedyesyes   : trust r ma
22:17 Nem          : ko dc
22:17 reedyesyes   : troi oi anh duong
22:17 reedyesyes   : :v
22:17 Nem          : dung tnt cho nhanh
22:17 reedyesyes   : 15
22:17 Nem          : ddaof mat cong
22:17 HinataKagenou: tnt cc
22:18 TruongThiTam : can t giup ko
22:18 HinataKagenou: nổ hư form
22:18 reedyesyes   : cho m ngoi xem
22:18 reedyesyes   : troi oi
22:18 Nem          : lm phong chung ik
22:18 reedyesyes   : .
22:18 TruongThiTam : phong chung de saygex ak
22:18 HinataKagenou: để t ở phòng kho
22:18 reedyesyes   : say gex
22:19 reedyesyes   : :sob:
22:19 HinataKagenou: phòng t ở bunker sẽ là hầm ở dưới kho
22:19 HinataKagenou: yeeeee
22:19 reedyesyes   : cho ghuy ngu o phong tinh trung tduong
22:19 HinataKagenou: khongggg
22:19 reedyesyes   : ko than
22:19 TruongThiTam : ca cai raid dc 1 cai totem
22:19 reedyesyes   : thang mo than la ngu voi thai duong lo vuong
22:20 HinataKagenou: vay de gia huy roleplay thành tiến sĩ j j đó ha
22:20 reedyesyes   : ko
22:20 reedyesyes   : cut
22:20 reedyesyes   : :rage:
22:20 reedyesyes   : cho ghuy chà toilet
22:20 Nem          : my soldiers push forward!!!
22:20 Nem          : my soldiers scream out
22:20 HinataKagenou: my soldiers clean the bathroom
22:20 Nem          : my soldiers rageeee
22:20 reedyesyes   : cho trần cao 5 bloc
22:20 reedyesyes   : k
22:21 reedyesyes   : tin duong lan nay
22:21 reedyesyes   : boc lot kho sai
22:21 reedyesyes   : lam cho t tran cao 5 block
22:21 reedyesyes   : troi oi
22:21 TruongThiTam : hitler la anh hung cua ngoi laong
22:21 reedyesyes   : :v
22:21 HinataKagenou: :v
22:21 Nem          : duowng dao dung ko do?
22:22 HinataKagenou: em dâu của t đâu ròiiiiiiii
22:22 reedyesyes   : :v
22:22 TruongThiTam : te
22:22 TruongThiTam : huy goi hai dang sao ko trl
22:22 HinataKagenou: ;v
22:22 reedyesyes   : thu 6 t go dau chet
22:23 Nem          : rang ma block rk??
22:23 HinataKagenou: vl
22:23 reedyesyes   : ghuy tu ke
22:23 reedyesyes   : t ko ke cho nem
22:23 HinataKagenou: ghuy joke lien quan den ky su Kien
22:23 HinataKagenou: nen bi block
22:23 Nem          : aghhh
22:23 HinataKagenou: joke qua mat day
22:23 Nem          : uh ddr
22:24 HinataKagenou: dc roi maaaa
22:24 HinataKagenou: dinh lam 6 block a
22:24 reedyesyes   : LÀM ĂN KIỂU J ĐÂY!??!?
22:24 Nem          : cayyy\
22:24 reedyesyes   : LỖ KHẮP NƠI!!!!!!
22:24 reedyesyes   : KO TRẢ TIỀN LƯƠNG (5 enchanted golden apple)
22:24 HinataKagenou: noooooooooo
22:24 HinataKagenou: sir
22:25 HinataKagenou: im gonna suck ur dick
22:25 reedyesyes   : bỏ tường với trần r t trả tiền(polished andesite)
22:25 TruongThiTam : -1 lava
22:25 reedyesyes   : cả trang trí nữa
22:25 HinataKagenou: ok
22:25 TruongThiTam : tutu
22:25 reedyesyes   : day
22:25 TruongThiTam : de t ve cat bot do
22:25 Nem          : t trang tri cho
22:26 reedyesyes   : block o tren
22:26 Nem          : eeee
22:26 reedyesyes   : lay ma xay
22:26 Nem          : block ni xau
22:26 Nem          : doi ik
22:26 HinataKagenou: moeeee
22:26 reedyesyes   : doi sang j
22:26 HinataKagenou: vua mua 5 stack
22:26 reedyesyes   : moe
22:26 Nem          : t chi cho
22:26 reedyesyes   : troi oi
22:26 reedyesyes   : quartz?
22:26 Nem          : uh
22:26 reedyesyes   : ta ko phai hy lap
22:26 reedyesyes   : nen la ko
22:27 Nem          : nooooo
22:27 Nem          : moe bunker nhin j u am the
22:27 HinataKagenou: dep maaaaaa
22:27 reedyesyes   : quan trọng là sống đc ko
22:27 Nem          : ko dep
22:27 reedyesyes   : chứ ko phải là thẩm mỹ
22:27 Nem          : nhu kieu thoi 1980s 1970s
22:27 reedyesyes   : dung roi
22:27 reedyesyes   : tno
22:27 HinataKagenou: i love this style
22:27 Nem          : eo oi
22:28 reedyesyes   : ko can cho lam
22:28 reedyesyes   : ma thoi
22:28 Nem          : xaau vcl
22:28 reedyesyes   : ultramilitarist
22:29 Nem          : nhu kieu nha ve sinh cu cua nha t
22:29 reedyesyes   : a thang loz
22:29 HinataKagenou: nhà vệ sinh t đẹp nhất
22:29 reedyesyes   : t pha phong may
22:29 reedyesyes   : moe
22:29 Nem          : noooo
22:29 Nem          : sorrry
22:29 reedyesyes   : ok lil vro
22:29 reedyesyes   : troi oi
22:29 reedyesyes   : what the hell
22:29 reedyesyes   : duong lam j v
22:30 Nem          : e thấy sai sai
22:30 Nem          : phong ni xay a rang
22:31 HinataKagenou: chủ thầu e
22:31 HinataKagenou: xin thức ăn
22:31 Nem          : gia Huy ko ở nhà huy nx à
22:31 HinataKagenou: có chơ
22:31 HinataKagenou: nhà to ở sướng mắc chi ra đây
22:31 Nem          : sao h chuyển đến đây r
22:32 HinataKagenou: xây thêm phòng nữa cho vui thôi
22:32 HinataKagenou: ban đầu t thích ở gần nhau cho vui mà ;v
22:32 HinataKagenou: vl cu dai rk
22:32 reedyesyes   : NHANH LÊN KHÔNG T KO TRẢ LƯƠNG
22:32 reedyesyes   : ok
22:33 TruongThiTam : dau vai gay
22:33 reedyesyes   : xếp hàng t trả lương
22:33 TruongThiTam : moi co
22:33 reedyesyes   : nói mấy bọn kia xếp hàng
22:33 reedyesyes   : nhanh
22:33 HinataKagenou: xep hang di may thg nigg a
22:33 reedyesyes   : may r
22:34 HinataKagenou: 5 roi a
22:34 reedyesyes   : cut
22:34 reedyesyes   : ra
22:34 reedyesyes   : duong mo
22:34 reedyesyes   : moe
22:34 HinataKagenou: duong lam freeeee
22:34 reedyesyes   : ua
22:34 reedyesyes   : ko dc
22:34 HinataKagenou: dm nha tau
22:34 TruongThiTam : day
22:34 reedyesyes   : t ko phai con ng tan doc
22:34 reedyesyes   : dm
22:34 reedyesyes   : lo vuong
22:34 HinataKagenou: thằng bảo xây cổng đào cả nhà t lên xg vẫn chưa làm xg
22:34 reedyesyes   : DM
22:34 reedyesyes   : HUY
22:34 HinataKagenou: cai
22:34 reedyesyes   : dit
22:34 reedyesyes   : soc lo vuong
22:34 HinataKagenou: cai j??
22:35 TruongThiTam : lam ti
22:35 reedyesyes   : dm
22:35 reedyesyes   : ra day
22:35 HinataKagenou: haaaaaaaa
22:35 HinataKagenou: t lm j dau
22:35 HinataKagenou: da em day
22:35 reedyesyes   : do
22:35 reedyesyes   : EO
22:35 TruongThiTam : wth
22:35 reedyesyes   : TINH TRUNG THAI DUONG DO THANG LON
22:35 HinataKagenou: cai gi?!
22:35 HinataKagenou: roi goi t ra day lam j
22:35 reedyesyes   : nam thêm đèn đi
22:35 reedyesyes   : để t sắp xếp
22:36 HinataKagenou: thoi t ve nha day
22:36 reedyesyes   : ok
22:36 HinataKagenou: dcm
22:36 HinataKagenou: trước cửa nhà công trình đang thi công
22:36 reedyesyes   : piglin??
22:36 HinataKagenou: nhờ bảo xây cổng
22:36 HinataKagenou: xong hấn đào 1 đống trc nhà
22:36 HinataKagenou: vẫn chưa hoàn thành công trình
22:36 reedyesyes   : moe anh duong
22:37 reedyesyes   : de t
22:39 Nem          : eeee
22:39 reedyesyes   : ??
22:39 Nem          : có cái hàng rào gỗ ko
22:39 reedyesyes   : co
22:39 reedyesyes   : a ko
22:39 reedyesyes   : nhac lam vcl
22:39 reedyesyes   : noi duong
22:40 TruongThiTam : day
22:40 Nem          : dau
22:41 Nem          :  placed a sign @ world: x-747, z-95
  khu vực 
  đồ ăn
  thực phẩm
22:41 TruongThiTam : e
22:41 TruongThiTam : mo cua
22:41 reedyesyes   : ??
22:41 reedyesyes   : m co trust ma
22:41 Nem          : ddaay la khu j đâyww
22:41 TruongThiTam : m co 2 dat
22:41 reedyesyes   : kho
22:41 reedyesyes   : ua
22:42 HinataKagenou: ae sang nha t di boi xa stress de
22:42 HinataKagenou: ;v
22:42 Nem          : tks
22:43 Nem          : xay tiep ik
22:43 reedyesyes   : de t phan loai
22:43 reedyesyes   :  placed a sign @ world: x-742, z-91
  ĐỒ ĂN 
22:43 Nem          : choox nay la khu j
22:43 reedyesyes   :  placed a sign @ world: x-742, z-88
  KHOÁNG 
22:43 HinataKagenou: sang nha t choi khongg
22:43 reedyesyes   : troi oi
22:44 reedyesyes   :  placed a sign @ world: x-742, z-88
  KHOÁNG SẢN 
22:44 Nem          :  placed a sign @ world: x-747, z-95
  ss
22:44 Nem          :  placed a sign @ world: x-747, z-95
  khu:?
22:44 reedyesyes   : kiem them ruong cho t cai
22:44 reedyesyes   : chest
22:44 Nem          : khu vu khi nx
22:44 reedyesyes   : ok
22:44 Nem          : khu giap
22:45 reedyesyes   :  placed a sign @ world: x-747, z-86
  VŨ KHÍ 
22:45 reedyesyes   :  placed a sign @ world: x-746, z-94
  KHU ĐÒ LẶT 
22:45 reedyesyes   :  placed a sign @ world: x-746, z-94
  KHU ĐÒ LẶT VẶT
22:45 reedyesyes   : t nghi
22:45 reedyesyes   : nen thay bien
22:45 reedyesyes   : toi qua
22:45 Nem          : ti nx ik
22:45 reedyesyes   : ok
22:46 TruongThiTam : lay riu
22:46 reedyesyes   : r
22:46 TruongThiTam : a
22:46 TruongThiTam : t cao het r
22:47 reedyesyes   : huy
22:47 reedyesyes   : cho t it ruong
22:47 reedyesyes   : 1 stack
22:47 reedyesyes   : :3
22:47 Nem          : co iron door ko?
22:47 reedyesyes   : co
22:47 reedyesyes   : ??
22:48 Nem          :  placed a sign @ world: x-747, z-91
  khu vũ khí
  giáp
22:48 HinataKagenou: j
22:48 HinataKagenou: ms afk
22:49 Nem          : xay phong giam ik
22:49 HinataKagenou: xây phòng style phòng giam để t ở!!
22:49 Nem          : okkk
22:50 Nem          :  placed a sign @ world: x-746, z-94
  phòng biệt giam
22:50 HinataKagenou: nhuw n to qua
22:50 HinataKagenou:  placed a sign @ world: x-746, z-94
  phòng biệt giam
22:50 reedyesyes   :  placed a sign @ world: x-747, z-91
   KHU VỰC DÀNH
  CHO VŨ KHÍ, GIÁP.
22:50 HinataKagenou:  placed a sign @ world: x-746, z-94
  PHÒNG BIỆT GIAM
22:52 HinataKagenou:  placed a sign @ world: x-747, z-91
   KHU VỰC DÀNH
  CHO VŨ KHÍ, GIÁP.
22:52 Nem          :  placed a sign @ world: x-747, z-94
  phòng biệt giam
22:52 HinataKagenou: yeee
22:52 HinataKagenou: ;v
22:52 reedyesyes   : t nghi nem lam lever
22:52 reedyesyes   : a thoi
22:53 HinataKagenou: ;v
22:53 reedyesyes   :  placed a sign @ world: x-747, z-94
  PHÒNG BIỆT GIAM
  (ĐỐI TƯỢNG GAY
  VÀ NGUY HIỂM.)
22:53 reedyesyes   :  placed a sign @ world: x-747, z-94
  PHÒNG BIỆT GIAM
  (ĐỐI TƯỢNG GAY
  VÀ NGUY HIỂM.)
22:53 HinataKagenou: giong phong biet giam hon r
22:53 reedyesyes   : ghuy
22:53 reedyesyes   : doc di
22:53 HinataKagenou: dcm
22:53 HinataKagenou:  placed a sign @ world: x-747, z-94
  PHÒNG BIỆT GIAM
  (ĐỐI TƯỢNG GÂY
  NGUY HIỂM.)
22:54 reedyesyes   : ghuy cho 1 stack chest
22:54 HinataKagenou: dcm
22:55 reedyesyes   :  placed a sign @ world: x-742, z-88
  KHOÁNG 
22:55 reedyesyes   :  placed a sign @ world: x-742, z-88
  KHOÁNG SẢN
22:55 TruongThiTam :  placed a sign @ world: x-747, z-94
  PHÒNG BIỆT GIAM
  (ĐỐI TƯỢNG GÂY
  NGUY HIỂM.)
22:55 reedyesyes   :  placed a sign @ world: x-742, z-91
  ĐỒ ĂN 
22:56 Nem          :  placed a sign @ world: x-745, z-88
  phong
  vu khi va giap
22:56 TruongThiTam :  placed a sign @ world: x-748, z-94
  Tội hiếp dâm trẻ 
  trên 80 tuổi 
22:57 reedyesyes   :  placed a sign @ world: x-745, z-88
  vu khi va giap
22:57 reedyesyes   :  placed a sign @ world: x-745, z-88
  VŨ KHÍ VÀ GIÁP.
22:57 TruongThiTam :  placed a sign @ world: x-749, z-94
  favorite food
  8==D
22:57 TruongThiTam :  placed a sign @ world: x-746, z-93
  gay
22:57 TruongThiTam :  placed a sign @ world: x-749, z-94
  favorite food
  8==D
22:57 reedyesyes   :  placed a sign @ world: x-747, z-94
  PHÒNG BIỆT GIAM
  (ĐỐI TƯỢNG GÂY
  NGUY HIỂM.)
22:57 reedyesyes   :  placed a sign @ world: x-747, z-94
  PHÒNG BIỆT GIAM
  ĐỐI TƯỢNG NGUY
  HIỂM.
22:58 Nem          :  placed a sign @ world: x-744, z-93
  phong giam
22:58 reedyesyes   :  placed a sign @ world: x-750, z-94
   ĐỒ LẶT VẶT 
22:58 Nem          :  placed a sign @ world: x-744, z-93
  khu giam giữ
  nguy hiểm
  không phân sự
  miễn vào
22:58 reedyesyes   : e ghuy
22:58 HinataKagenou: j
22:58 reedyesyes   : cho t
22:58 reedyesyes   : item frame
22:58 reedyesyes   : 1 stack
22:58 HinataKagenou: okay sir
22:59 HinataKagenou: unblock di
22:59 reedyesyes   : lao động là vinh quang
22:59 Nem          :  placed a sign @ world: x-744, z-93
  khu giam
  nguy hiểm
  không phân sự
  miễn vào
22:59 HinataKagenou: khu giam nguy hiem
23:00 HinataKagenou: khong phan su mien vaoo
23:00 reedyesyes   :  placed a sign @ world: x-745, z-87
  KHỐI.
23:00 HinataKagenou: yeeeee
23:00 HinataKagenou: KHỐI
23:00 reedyesyes   :  placed a sign @ world: x-741, z-87
  ĐỒ LẶT 
23:00 reedyesyes   :  placed a sign @ world: x-741, z-87
  ĐỒ LẶT VẶT 
23:00 HinataKagenou: ĐỒ LẶT vẶT
23:01 reedyesyes   :  placed a sign @ world: x-741, z-87
  ĐỒ LẶT VẶT 
23:01 reedyesyes   :  placed a sign @ world: x-747, z-89
  ÁO GIÁP 
23:02 Nem          : de do di
23:02 TruongThiTam : hey teacher
23:02 TruongThiTam : he
23:03 Nem          : e dang
23:03 Nem          : sửa trần trong khu giam vs
23:04 reedyesyes   :  placed a sign @ world: x-747, z-87
  VŨ KHÍ 
23:04 Nem          :  placed a sign @ world: x-743, z-94
  EXIT
23:05 Nem          :  placed a sign @ world: x-743, z-96
  KHU NHÀ KHO
  NHÀ GIAM
23:05 Nem          :  placed a sign @ world: x-741, z-102
  KHU VỰC 
  ĐẶC BIỆT
23:06 reedyesyes   : one second gang
23:06 HinataKagenou: di raaaaa
23:06 Nem          : LM CHI ĐÂY
23:06 HinataKagenou: dm
23:06 HinataKagenou: xây đường trốn chứ còn j
23:06 reedyesyes   : cut
23:06 reedyesyes   : ko dc
23:07 reedyesyes   : untrust ghuy cho t
23:07 reedyesyes   : :rage:
23:07 HinataKagenou: moe
23:07 HinataKagenou: rk cung untrust
23:07 HinataKagenou: ve day
23:07 reedyesyes   : phai lam cai nai
23:07 reedyesyes   : nay
23:07 HinataKagenou: moeeeee
23:08 HinataKagenou: rk cung untrust
23:08 HinataKagenou: chan rkkkk
23:11 TruongThiTam :  placed a sign @ world: x-751, z-100
  w
23:11 HinataKagenou: trust chua :rage:
23:11 reedyesyes   : r
23:11 reedyesyes   : cha oi
23:11 HinataKagenou: ok de quai lai
23:11 reedyesyes   : m len la trust lai r
23:12 HinataKagenou: lo
23:12 HinataKagenou: dcm
23:12 reedyesyes   : :v
23:12 HinataKagenou: thg mo đái vô chộ t ngủ
23:12 HinataKagenou: dcm
23:12 HinataKagenou: nước đái đóng băng
23:12 HinataKagenou: vl
23:13 HinataKagenou: ngoi hoc bai
23:13 HinataKagenou: sv tatc
23:13 HinataKagenou: dcm
23:13 HinataKagenou: phòng tối riii
23:13 HinataKagenou: ok
23:14 HinataKagenou: đái dầm rrrrrrrr
23:14 HinataKagenou: ddeer nude ngu cho de
23:14 HinataKagenou: naked sleeping
23:14 HinataKagenou: pornhub.com
23:15 TruongThiTam : tu binh hoc thuc
23:15 HinataKagenou: ye
23:16 HinataKagenou:  placed a sign @ world: x-749, z-100
  Anh re cua Reed
23:17 HinataKagenou: tắm phê quá
23:17 HinataKagenou: yeyey
23:17 TruongThiTam : e huy
23:18 TruongThiTam : cho t gian de giap
23:18 HinataKagenou: ok
23:18 reedyesyes   : ??
23:19 TruongThiTam :  placed a sign @ world: x-743, z-87
  food
23:19 TruongThiTam : huy
23:19 HinataKagenou: j cu
23:19 TruongThiTam : gian de giap dau
23:19 HinataKagenou: hỏi reed
23:22 HinataKagenou:  placed a sign @ world: x-748, z-94
  Tội hiếp dâm trẻ 
  trên 80 tuổi 
23:22 HinataKagenou: vl
23:22 TruongThiTam : nuoc inf
23:22 HinataKagenou: tre tren 80tuoi
23:22 reedyesyes   : j a
23:23 TruongThiTam : ko lo chet khat
23:23 reedyesyes   : gia ao giap day
23:23 reedyesyes   : e
23:23 HinataKagenou: ;v
23:23 HinataKagenou: UNBLOCK DI
23:23 reedyesyes   : gui request di
23:23 reedyesyes   : :v
23:24 HinataKagenou: roi
23:24 HinataKagenou: dm
23:24 HinataKagenou: nhà giam như n không ổn
23:24 HinataKagenou: ẻ đái j ai cũng thấy
23:24 HinataKagenou: sục ai cx thấy
23:24 reedyesyes   : :v
23:24 HinataKagenou: VI PHẠM NHÂN QUYỀN
23:24 reedyesyes   : lo thien
23:24 reedyesyes   : ke me may
23:24 TruongThiTam : cut ra ngoai
23:24 HinataKagenou: dcm
23:25 reedyesyes   : hitler canh phong giam cho t
23:25 TruongThiTam : suc di
23:25 reedyesyes   : no ra la dot chet luon
23:25 TruongThiTam : ko lo
23:25 HinataKagenou: vl
23:26 HinataKagenou: di san bloodmoon de
23:26 HinataKagenou: ke t
23:26 reedyesyes   : ra lo cot cho t di
23:26 reedyesyes   : :v
23:27 reedyesyes   : doi ti
23:28 reedyesyes   : nhan
23:28 reedyesyes   : h
23:28 reedyesyes   : gia huy farm ko
23:28 HinataKagenou: cai j
23:29 reedyesyes   : bloodmoon
23:29 HinataKagenou: ok
23:29 reedyesyes   : biet j chx
23:29 HinataKagenou: j
23:29 HinataKagenou: làm cái bồn cầu có cần gạt:))
23:29 HinataKagenou: ez escape
23:30 HinataKagenou: thoi off day
23:30 HinataKagenou: mac ia vcl
23:30 reedyesyes   : ua
23:30 reedyesyes   : ok
23:30 TruongThiTam : t dau co qua
23:30 TruongThiTam : phai ngu
23:31 reedyesyes   : can dat giuong ko
23:31 TruongThiTam : real life
23:31 reedyesyes   : ko choi voi ng mac ia
23:32 reedyesyes   : thoi
23:32 reedyesyes   : m dau co thi thoat di
23:32 reedyesyes   : t o lai sap xep nha kho
23:32 reedyesyes   : roi leave luon
23:35 reedyesyes   : j
23:35 reedyesyes   : ok
23:40 reedyesyes   : bận sắp xếp kho r
23:40 reedyesyes   : than nữa t block
23:40 reedyesyes   : ua
23:40 reedyesyes   : creative r
23:41 reedyesyes   : thoi ke
23:41 reedyesyes   : sap cho nhanh
23:41 reedyesyes   : ok
23:41 reedyesyes   : ko
