23:57 reedyesyes   :  placed a sign @ world: x-745, z-87
  KHỐI.
08:40 reedyesyes:  placed a sign @ world: x-745, z-88
  DỤNG CỤ VÀ GIÁP.
08:57 reedyesyes:  placed a sign @ world: x-744, z-93
  KHU VỰC NGUY
  HIỂM, KHÔNG PHẬN
  SỰ MIỄN VÀO.
08:57 reedyesyes:  placed a sign @ world: x-743, z-94
  EXIT
  LỐI THOÁT.
08:58 reedyesyes:  placed a sign @ world: x-743, z-96
  KHU PHÒNG GIAM
  NHÀ KHO.
08:59 reedyesyes:  placed a sign @ world: x-747, z-94
  TỘI ÁC BAO GỒM:
  ẤU DÂM, HÃM HIẾP,
  BIÊN THÁI , ĐỊT
  BÀ GIÀ 120 TUỔI.
09:20 HinataKagenou: lo
09:20 reedyesyes   : lo
09:21 reedyesyes   : check nha kho voi
09:21 reedyesyes   : phong biet giam
09:21 reedyesyes   : nha kho sieu ton tien
09:21 reedyesyes   : dm...
09:21 HinataKagenou: check khi sang roi
09:21 reedyesyes   : moi them may cai moi hon
09:21 HinataKagenou: refill chest
09:21 HinataKagenou: cai j day
09:21 reedyesyes   : thay den
09:22 HinataKagenou:  placed a sign @ world: x-745, z-87
  KHỐI.
09:22 HinataKagenou: vl tht
09:22 reedyesyes   : trong nay
09:22 reedyesyes   : kha la ton tien
09:22 HinataKagenou: ;v
09:22 reedyesyes   : day nua
09:23 reedyesyes   : a
09:23 reedyesyes   : doc cai nay
09:23 HinataKagenou: dcm
09:23 reedyesyes   : de t di thay den
09:23 HinataKagenou: can j nx khong t lm cho
09:24 reedyesyes   : EO
09:24 HinataKagenou: cai j
09:24 reedyesyes   : de thay lantern luon
09:25 reedyesyes   : layout unorganized vai
09:25 reedyesyes   : pha ho tau may cai lantern
09:25 reedyesyes   : may cai trong goc dung pha
09:25 reedyesyes   : :v
09:25 reedyesyes   : hai cai day thi chac la thoi
09:26 reedyesyes   : dua het day
09:26 reedyesyes   : moe
09:26 reedyesyes   : cu misaligned sao sao
09:26 HinataKagenou: la sao ;v
09:28 reedyesyes   : .
09:28 reedyesyes   : ma thoi ke
09:28 HinataKagenou: ha
09:30 reedyesyes   : afk
09:30 HinataKagenou: moe
09:30 HinataKagenou: untrust nx
09:30 HinataKagenou: dcm
09:32 HinataKagenou: m chx claim het ne
09:32 reedyesyes   : biet r
09:32 reedyesyes   : ke di
09:32 reedyesyes   : nhac vcl
09:32 reedyesyes   : kieu j cung bao overlap
09:32 HinataKagenou: ye
09:32 HinataKagenou: giet dc bat r
09:33 HinataKagenou: test bloodmoon moi khong ;v
09:33 reedyesyes   : idk
09:33 reedyesyes   : may ngay nx
09:33 HinataKagenou: 3
09:33 reedyesyes   : ngau ko
09:33 HinataKagenou: nhm t start h cx dc
09:33 HinataKagenou: ngau
09:33 reedyesyes   : dan duong
09:33 reedyesyes   : di test di
09:34 reedyesyes   : de t cat do
09:34 HinataKagenou: okay
09:34 reedyesyes   : a
09:34 HinataKagenou: ra bunker de
09:34 HinataKagenou: h dong quai lam
09:34 reedyesyes   :  placed a sign @ world: x-741, z-87
  KHỐI PHÁT ÁNH
  SÁNG
09:34 reedyesyes   :  placed a sign @ world: x-739, z-87
  ĐỒ LẶT VẶT
09:35 reedyesyes   : de ve sap tiep
09:35 HinataKagenou: di de
09:36 HinataKagenou: vlc
09:36 HinataKagenou: vcl
09:36 reedyesyes   : j
09:36 HinataKagenou: teleport
09:37 reedyesyes   :  placed a sign @ world: x-774, z-157
  NHỚ RUNG CHUÔNG
  KHI CÓ TRĂNG MÁU!
09:37 HinataKagenou: ye
09:37 HinataKagenou: buff bamn
09:37 HinataKagenou: buff ban
09:37 reedyesyes   : de t
09:38 reedyesyes   : decorate nhu kieu
09:38 HinataKagenou: update boss the tough one
09:38 reedyesyes   : linh o trong nay viet
09:43 reedyesyes   : mat cay dinh ba r ae oi.....
09:47 reedyesyes   : troi oi
09:47 HinataKagenou: yee
09:47 reedyesyes   : moe
09:47 reedyesyes   : mat cay dinh ba r
09:48 reedyesyes   : cai cay ma co set danh ay
09:48 HinataKagenou: ;v
09:48 HinataKagenou: idk
09:48 reedyesyes   : moe............
09:49 reedyesyes   :  placed a sign @ world: x-772, z-155
  ê
  gì?
  biết ngọt ko?
  ngọt??
09:49 reedyesyes   : di ngu time
09:49 reedyesyes   : :rage:
09:49 reedyesyes   : ngau ko
09:49 HinataKagenou: ngau
09:50 HinataKagenou:  placed a sign @ world: x-772, z-155
  ê
  gì?
  biết ngọt ko?
  ngọt??
09:50 HinataKagenou:  placed a sign @ world: x-773, z-154
  NHU CẦU THIẾT
  YẾU
09:50 reedyesyes   : di xem nha ghuy gay
09:50 HinataKagenou: di khong ;v
09:51 reedyesyes   : ok
09:51 HinataKagenou: len i
09:51 reedyesyes   : vui ko
09:51 reedyesyes   : lo to vl
09:51 reedyesyes   : ma lam j v
09:52 HinataKagenou: m dau r
09:54 reedyesyes   : e
09:54 reedyesyes   : trust t phat t lay cai nay
09:54 reedyesyes   : shulker
09:55 reedyesyes   : alo
09:55 reedyesyes   : :rage:
09:56 reedyesyes   : eh
09:56 reedyesyes   : nha gia bao
09:56 HinataKagenou: ;v
09:57 HinataKagenou: e dang
09:57 reedyesyes   : ngua xuong
09:57 reedyesyes   : j
09:57 reedyesyes   : UAY
09:57 reedyesyes   : VKAWAIKI
09:57 HinataKagenou: t nhat dc 1 cai trident ne
09:57 reedyesyes   : vkawaiki dung lenh /tpaccept
09:57 reedyesyes   : .
09:58 reedyesyes   : trust t phat t lay trong shulker
09:58 reedyesyes   : dung cua t r m oi
09:58 HinataKagenou: ;v
09:58 HinataKagenou: idk
09:58 reedyesyes   : trust phat
09:58 reedyesyes   : moe
09:59 reedyesyes   : lam 1 cai painting
09:59 reedyesyes   : xong de o tren cai tv
09:59 reedyesyes   : er
09:59 reedyesyes   : can di ho ko
10:00 reedyesyes   : cai cua m la phai de o trung tam
10:00 reedyesyes   : wtf
10:00 reedyesyes   : cai do nha t ma
10:00 HinataKagenou: ua v ha
10:00 reedyesyes   : uk
10:01 reedyesyes   : can qua xem ko
10:01 HinataKagenou: do nha t ma
10:01 HinataKagenou: sorry
10:01 HinataKagenou: my bad
10:01 reedyesyes   : nhin
10:01 HinataKagenou: hop li tht
10:01 reedyesyes   : tpask ko t
10:01 reedyesyes   : cho t
10:01 HinataKagenou: tpa reedyesyes
10:01 HinataKagenou: dep qua
10:01 reedyesyes   : nhin
10:02 reedyesyes   : day
10:02 reedyesyes   : o cho nay
10:02 reedyesyes   : xem giong ko
10:02 reedyesyes   : MOE
10:02 reedyesyes   : DAY
10:02 reedyesyes   : xem giong ko
10:02 HinataKagenou: ok
10:02 Nem          : tp t đi
10:02 reedyesyes   : chao nem
10:03 reedyesyes   : ghuy can t lam cho m may cai map ko
10:03 reedyesyes   : t sap xong nha kho r ngau ko
10:03 reedyesyes   : NAM
10:03 reedyesyes   : TROI OI
10:03 reedyesyes   : vo day
10:04 Nem          : phong t
10:04 reedyesyes   : gia huy can lam map ko
10:04 reedyesyes   : TRA LOI
10:04 reedyesyes   : DM
10:05 reedyesyes   : TRA LOI
10:05 reedyesyes   : moe
10:05 reedyesyes   : go anh dao
10:05 reedyesyes   : cherry blossom
10:05 reedyesyes   : dua day
10:06 reedyesyes   : .
10:06 reedyesyes   : trong khong
10:06 reedyesyes   : deo co j ka
10:06 reedyesyes   : t xin may cai map t di
10:06 reedyesyes   : lam
10:06 HinataKagenou: ne
10:06 Nem          : bao lm j day
10:07 HinataKagenou: tiep di m
10:07 HinataKagenou: lam map cho taoo
10:07 Nem          : e huy
10:07 HinataKagenou: j
10:07 Nem          : xay lai dao base t ko
10:07 reedyesyes   : mat phao hoa r ae oi
10:08 reedyesyes   : 😎😎😎
10:08 reedyesyes   : ok t di day
10:08 Nem          : trust t di huy
10:08 reedyesyes   : bye bye
10:08 HinataKagenou: lam map de
10:08 Nem          : huy trust t ik
10:09 reedyesyes   : thang bach la thang mo v
10:11 Nem          : cho duy sat
10:11 Nem          : md rk huy
10:12 Nem          : e duy
10:12 Nem          : cho food nay
10:14 Nem          : aduuu
10:15 Nem          : e
10:15 reedyesyes   : dit
10:15 reedyesyes   : roi cmnr
10:15 Nem          : reed
10:15 reedyesyes   : j
10:15 Nem          : cho t cuc ocsiden
10:15 reedyesyes   : lay di
10:15 Nem          : tks
10:15 reedyesyes   : di
10:15 reedyesyes   : roi qua
10:17 Nem          : e bay
10:17 Nem          : t co đầu duy này
10:17 reedyesyes   : ngon
10:18 reedyesyes   : huy
10:18 HinataKagenou: j cu
10:18 reedyesyes   : t can tien luong
10:18 reedyesyes   : 5 enchanted golden apple
10:18 HinataKagenou: tu mua de
10:18 reedyesyes   : nha deo j nho giot v
10:18 reedyesyes   : phe vat
10:18 reedyesyes   : ok di lam tiep
10:20 HinataKagenou: ez tim
10:20 Nem          : huyyyyy
10:20 HinataKagenou: tra tim ne
10:20 Nem          : tra tim
10:20 reedyesyes   : .
10:20 HinataKagenou: tra roi ne
10:20 reedyesyes   : dit
10:20 reedyesyes   : rối vãi
10:21 Nem          : lagg
10:21 Nem          : th
10:21 reedyesyes   : roi vai cut
10:21 reedyesyes   : dm
10:22 Nem          : tra tim
10:22 HinataKagenou: tim trong ruong
10:23 Nem          : mat toem r
10:23 Nem          : thg huy lm mất toem của t r
10:23 reedyesyes   : dit
10:24 reedyesyes   : vai cut
10:24 HinataKagenou: hay qua
10:24 reedyesyes   : dua day
10:24 reedyesyes   : vl
10:27 reedyesyes   : hmmm
10:27 Nem          : cho huy tra toem
10:27 reedyesyes   : kho vai cut moe
10:27 HinataKagenou: ae chs tiep de
10:27 HinataKagenou: t di rua bat
10:27 reedyesyes   : rua bat
10:28 reedyesyes   : vl
10:28 reedyesyes   : ghuy di dau v
10:29 Nem          : dung cham vô
10:29 Nem          : ke di
10:30 Nem          : dung dung
10:30 Nem          : dung chạm vooooo
10:31 Nem          : laaps lại đi
10:31 Nem          : keej no
10:31 Nem          : wwall
10:31 Nem          : dep ma
10:33 Nem          : chetmoe
10:33 Nem          : nham nham
10:33 Nem          : sorry
10:37 Nem          : thg hai mo r
10:39 Nem placed suspicious WATER_BUCKET @ world: x-338, z20
10:39 Nem placed suspicious WATER_BUCKET @ world: x-339, z20
10:40 Nem          : :)))
10:40 Nem placed suspicious WATER_BUCKET @ world: x-336, z23
10:40 Nem placed suspicious WATER_BUCKET @ world: x-350, z27
10:40 Nem placed suspicious WATER_BUCKET @ world: x-356, z24
10:41 Nem placed suspicious WATER_BUCKET @ world: x-360, z56
10:41 Nem placed suspicious WATER_BUCKET @ world: x-360, z56
10:41 Nem placed suspicious WATER_BUCKET @ world: x-360, z56
10:42 Nem placed suspicious WATER_BUCKET @ world: x-328, z49
10:42 Nem placed suspicious WATER_BUCKET @ world: x-328, z48
10:42 Nem placed suspicious WATER_BUCKET @ world: x-328, z48
10:42 Nem placed suspicious WATER_BUCKET @ world: x-328, z48
10:42 Nem placed suspicious WATER_BUCKET @ world: x-328, z48
10:48 reedyesyes   : thằng nào hiện tại đang đánh t là gay
10:48 Nem          : lagg vcl
10:50 Nem          :  placed a sign @ world: x-738, z-130
  phòng của
  nem
10:50 reedyesyes   : bay dung elytra
10:51 reedyesyes   : nhin
10:51 reedyesyes   : xem dai ca bay
10:52 reedyesyes   : de lai d cha
10:52 reedyesyes   : moe
10:52 reedyesyes   : blood moon
10:53 reedyesyes   : ne
10:53 reedyesyes   : cho luon ne
10:54 davidgamingprp: /t 
10:54 reedyesyes    : mam bell
10:55 vkawaiki0     : mam beo
10:55 Nem placed suspicious WATER_BUCKET @ world: x-350, z28
10:56 davidgamingprp: nam
10:56 davidgamingprp: tp t tới chỗ thg duy cấy
10:56 reedyesyes    : cuu
10:56 reedyesyes    : ghuy
10:57 reedyesyes    : loan vai
10:57 reedyesyes    : nhin deo ra j ca
11:00 reedyesyes    : zombie mo
11:00 reedyesyes    : a
11:01 reedyesyes    : zombie
11:01 reedyesyes    : xanh xanh
11:02 reedyesyes    : ???
11:02 reedyesyes    : ua
11:03 reedyesyes    : cua bloodmoon ma??
11:03 HinataKagenou : ke de
11:03 reedyesyes    : dam lay kiem bloodmoon qua t
11:03 reedyesyes    : cua*
11:03 reedyesyes    : t ko lam map nx :rage:
11:03 HinataKagenou : dcm
11:03 HinataKagenou : do dc chx
11:03 HinataKagenou : dcm
11:07 HinataKagenou : ty bro
11:08 reedyesyes    : loan vai cut
11:08 reedyesyes    : dit
11:10 reedyesyes    : hmmm
11:14 reedyesyes    : .
11:14 reedyesyes    : .
11:14 HinataKagenou : hop li hon ne
11:15 Nem           : ko xây cửa nx à
11:15 reedyesyes    : t chiu r
11:16 reedyesyes    : roi vcl
11:16 reedyesyes    : ve locot co thu day
11:16 reedyesyes    : ve locot di nam ei
11:16 Nem           : vee bunker
11:17 HinataKagenou : trang mauuuu
11:17 reedyesyes    : qua locot t ko ae
11:17 reedyesyes    : ba nam tpask di
11:17 reedyesyes    : a thoi
11:17 reedyesyes    : gia huy qua locot ko
11:17 reedyesyes    : CHEM
11:17 Nem           : co cung ko
11:18 reedyesyes    : de t ra chem
11:18 reedyesyes    : co
11:18 reedyesyes    : cam tam di
11:18 reedyesyes    : ne
11:18 reedyesyes    : NAM
11:21 reedyesyes    : t qua
11:22 reedyesyes    : tf
11:22 reedyesyes    : ne nam
11:23 HinataKagenou : ./sellgui
11:24 Nem placed suspicious WATER_BUCKET @ world: x-801, z-132
11:25 reedyesyes    : nam ei
11:25 reedyesyes    : may thai cay dinh ba cua t ko
11:26 reedyesyes    : woohoo
11:26 reedyesyes    : :rage:
11:34 TruongThiTam placed suspicious WATER_BUCKET @ world: x-384, z223
11:34 TruongThiTam placed suspicious WATER_BUCKET @ world: x-387, z223
11:34 TruongThiTam placed suspicious WATER_BUCKET @ world: x-387, z223
11:35 Geogre_XD     : yo
11:35 TruongThiTam placed suspicious WATER_BUCKET @ world: x-388, z225
11:36 HinataKagenou : ;v
11:36 HinataKagenou : di an com day
11:36 TruongThiTam placed suspicious WATER_BUCKET @ world: x-397, z206
11:36 HinataKagenou : vcl
11:36 TruongThiTam placed suspicious WATER_BUCKET @ world: x-397, z213
11:36 HinataKagenou : rg h sv dong ri
11:37 TruongThiTam placed suspicious WATER_BUCKET @ world: x-400, z210
11:37 TruongThiTam placed suspicious WATER_BUCKET @ world: x-400, z209
11:37 Geogre_XD placed suspicious LAVA_BUCKET @ world: x-393, z210
11:37 Geogre_XD placed suspicious LAVA_BUCKET @ world: x-393, z210
11:37 Geogre_XD placed suspicious LAVA_BUCKET @ world: x-393, z210
11:37 Geogre_XD placed suspicious LAVA_BUCKET @ world: x-393, z210
11:37 Geogre_XD placed suspicious LAVA_BUCKET @ world: x-393, z210
11:38 Geogre_XD placed suspicious LAVA_BUCKET @ world: x-393, z210
11:39 Geogre_XD placed suspicious WATER_BUCKET @ world: x-392, z210
11:40 Geogre_XD placed suspicious LAVA_BUCKET @ world: x-393, z210
11:56 reedyesyes    : er
11:56 HinataKagenou : qua day
11:56 HinataKagenou : t đẩy thằng dương từ trg nhà t ra đây :))
11:57 reedyesyes    : chua lam cai day a
11:57 reedyesyes    : moe
11:57 reedyesyes    : thoi t lam cho
11:57 HinataKagenou : de t lamm
11:57 HinataKagenou : t muon thu
11:57 reedyesyes    : m biet lam deo
11:59 HinataKagenou : vcl lạc r
12:00 HinataKagenou : vcl
12:01 reedyesyes    : j
12:01 HinataKagenou : dang oi m lam ho t vs
12:01 HinataKagenou : deo bt lam
12:02 reedyesyes    : tim dc nha m roi
12:02 reedyesyes    : DM
12:02 reedyesyes    : CHICKEN JOCKEY
12:02 reedyesyes    : ghuy tpa sang di
12:02 reedyesyes    : chicken jockey
12:03 reedyesyes    : trust phat
12:03 HinataKagenou : ua roi ma
12:03 HinataKagenou : dung oi
12:03 HinataKagenou : dung roi
12:04 HinataKagenou : sai roi
12:04 reedyesyes    : wait
12:04 HinataKagenou : woa
12:05 reedyesyes    : de t t lam
12:05 HinataKagenou : ua dau roiiii
12:05 reedyesyes    : ve nha tien duong di lam
12:05 HinataKagenou : e dc roi ne
12:07 HinataKagenou : yeeeeeeee
12:07 reedyesyes    : roi
12:07 reedyesyes    : chac the
12:07 HinataKagenou : danggggg/
12:07 HinataKagenou : thank you bro
12:07 reedyesyes    : chua dc
12:08 reedyesyes    : de t lam lai
12:08 HinataKagenou : di voi
12:11 HinataKagenou : thay t ghe khong
12:11 HinataKagenou : đấy m từ trong ra ngoài
12:14 reedyesyes    : dm
12:14 reedyesyes    : elytra be r
12:14 HinataKagenou : ;v
12:14 HinataKagenou : đưa đây
12:14 HinataKagenou : đổi đê
12:14 HinataKagenou : m lấy cái của t
12:17 TruongThiTam  : di
12:17 reedyesyes    : er
12:17 TruongThiTam  : khong mang gi
12:17 TruongThiTam  : cu the di
12:17 TruongThiTam  : khong mang theo gi
12:19 TruongThiTam  : e hdang
12:19 reedyesyes    : ?
12:19 TruongThiTam  : tp qua t di
12:19 reedyesyes    : doi ti
12:19 reedyesyes    : village raid
12:23 reedyesyes    : a pao
12:25 reedyesyes    : ve nha di cu
12:25 reedyesyes    : t con bo map nx
12:25 HinataKagenou : ok
12:26 reedyesyes    : dm
12:26 reedyesyes    : t cua di het
12:26 HinataKagenou : sai tiep
12:27 reedyesyes    : t muon choi dirty
12:27 reedyesyes    : claim dat nha duy voi bao
12:27 reedyesyes    : a nham
12:27 reedyesyes    : duy voi hai
12:27 HinataKagenou : ác v
12:27 HinataKagenou : bỏ đi cu
12:27 reedyesyes    : r
12:27 reedyesyes    : song
12:27 reedyesyes    : sao tum lum
12:27 reedyesyes    : sai*
12:27 HinataKagenou : ./abandonclaim
12:27 HinataKagenou : de
12:27 reedyesyes    : chua claim nx
12:28 HinataKagenou : e ae
12:29 HinataKagenou : cái enchant cho trident mà ra lighting là j v
12:29 HinataKagenou : quên r
12:29 reedyesyes    : chanelling
12:29 Geogre_XD     : ko bt
12:29 reedyesyes    : wahtever it is
12:30 HinataKagenou : rg khong dc v ae
12:30 reedyesyes    : lag vl
12:30 reedyesyes    : :rage:
12:30 HinataKagenou : reed
12:30 reedyesyes    : de t lam lai tu dau
12:30 HinataKagenou : cua t khong ra lighting
12:30 reedyesyes    : thunderstorm moi ra
12:30 reedyesyes    : :v
12:31 HinataKagenou : lag quaaaaaaa
12:32 reedyesyes    : .
12:33 reedyesyes    : hm
12:34 reedyesyes    : wtf
12:34 reedyesyes    : hinh nhu
12:34 reedyesyes    : may map tren sai r
12:35 HinataKagenou : t cung thay v
12:35 reedyesyes    : de t lam lai
12:36 HinataKagenou : noooooo
12:36 HinataKagenou : moe rg khong co lighting
12:36 HinataKagenou : dcm
12:36 reedyesyes    : thunderstorm
12:36 reedyesyes    : bloodmoon lamdc
12:38 Geogre_XD     : tpa tao di aw
12:38 Geogre_XD     : ae
12:39 HinataKagenou : accpet
12:39 HinataKagenou : accept
12:41 reedyesyes    : .
12:41 reedyesyes    : coi nhu xong r
12:41 reedyesyes    : met vl
12:41 HinataKagenou : hoi sai sai...
12:41 reedyesyes    : tu lam di ba
12:41 reedyesyes    : met r
12:41 HinataKagenou : dạ vâng ạ
12:42 HinataKagenou : e reed
12:42 reedyesyes    : j
12:42 HinataKagenou : m khoe khong
12:42 reedyesyes    : khoe j
12:42 HinataKagenou : khỏe không
12:42 reedyesyes    : normal
12:42 reedyesyes    : average
12:43 HinataKagenou : ahhhhhh
12:43 HinataKagenou : yamate
12:43 HinataKagenou : tắm chung đi m
12:43 reedyesyes    : cút xuống biệt giam
12:44 HinataKagenou : đi tắm đi reed
12:44 reedyesyes    : y la t thay particle a...
12:45 Geogre_XD     : qua day
12:45 TruongThiTam  : lay di
12:46 Geogre_XD     : bruh
12:49 TruongThiTam  : e
12:49 Geogre_XD     : ?
12:49 TruongThiTam  : gia huy
12:50 HinataKagenou : j
12:50 TruongThiTam  : sao m tat cai gay chay block r
12:51 HinataKagenou : ai bt
12:51 HinataKagenou : co luon
12:59 TruongThiTam  : eo
13:00 TruongThiTam  : han cho cha lam do
13:01 TruongThiTam  : ae tp qua tau di
13:01 TruongThiTam  : tp qua nhanh
13:02 reedyesyes    : t co lo cot ma
13:02 TruongThiTam  : tp qua tau di
13:02 reedyesyes    : can qua ko
13:02 reedyesyes    : ok
13:02 reedyesyes    : .
13:02 reedyesyes    : lag vcl
13:02 reedyesyes    : t quay lai day
13:07 reedyesyes    : e
13:07 TruongThiTam  : j
13:07 reedyesyes    : qua xem nha kho ko
13:07 TruongThiTam  : t mat het do r
13:07 reedyesyes    : t vua lam xong sieu ngau
13:07 reedyesyes    : .
13:12 TruongThiTam  : e
13:12 reedyesyes    : ?
13:12 TruongThiTam  : appect di
13:12 TruongThiTam  : t qua
13:12 reedyesyes    : t dang sap lai
13:12 TruongThiTam  : e
13:13 reedyesyes    : co cai trong phong ghuy sieu so
13:13 TruongThiTam  : lay dong nay xay j ko
13:13 reedyesyes    : vo xem di
13:13 reedyesyes    : ko biet
13:13 reedyesyes    : a
13:13 reedyesyes    : doc cai nay
13:13 TruongThiTam  : thua
13:13 reedyesyes    : :v
13:14 TruongThiTam  : e
13:14 TruongThiTam  : xay phong chua do ngon di
13:15 TruongThiTam  : e
13:16 TruongThiTam  : e
13:16 reedyesyes    : ?
13:16 TruongThiTam  : craft voi enchant t may cai dung cu vs
13:16 TruongThiTam  : t mat het r
13:16 reedyesyes    : dua
13:16 TruongThiTam  : nay chet
13:17 TruongThiTam  : di
13:18 reedyesyes    : thua r
13:18 reedyesyes    : thừa
13:18 TruongThiTam  : e
13:18 reedyesyes    : cho m ne
13:19 TruongThiTam  : phong giam nguy hiem
13:19 TruongThiTam  : tra nay
13:19 reedyesyes    : tra t cay pickaxe
13:19 reedyesyes    : ok
13:19 reedyesyes    : ua
13:20 TruongThiTam  : co hai ong gia
13:20 TruongThiTam  : 1 ong dang ngoi dai
13:20 TruongThiTam  : co ong choi lay
13:21 TruongThiTam  : bu dai ong con lai
13:21 reedyesyes    : dung
13:23 reedyesyes    : .
13:23 TruongThiTam  : e
13:23 reedyesyes    : ?
13:23 TruongThiTam  : o day lam loi di bi mat ko
13:23 reedyesyes    : hoi ba nam
13:23 reedyesyes    : t ngu trang tri + thiet ke
13:24 TruongThiTam  : thi cu dao mot phong di
13:24 TruongThiTam  : xong de do
13:24 TruongThiTam  : hoi han lam ko
13:24 reedyesyes    : nhac vl
13:24 TruongThiTam  : ko thi lap lai
13:24 reedyesyes    : :sob:
13:24 TruongThiTam  : vl
13:24 TruongThiTam  : cam t roi a
13:24 reedyesyes    : a
13:24 reedyesyes    : ha
13:25 reedyesyes    : 1 cai nx
13:26 reedyesyes    : dung
13:26 reedyesyes    : o gia ko hop
13:26 reedyesyes    : giua
13:27 reedyesyes    : de do di
13:27 reedyesyes    : de t trang tri
13:28 reedyesyes    : cho m ne
13:28 reedyesyes    : xong
13:30 reedyesyes    : cho m ne
13:30 reedyesyes    : dang thua
13:31 reedyesyes    : a duong
13:31 reedyesyes    : no
13:31 TruongThiTam  : e
13:31 TruongThiTam  : tra t tim
13:31 reedyesyes    : tim??
13:32 reedyesyes    : co a
13:32 TruongThiTam  : xem trong kho di
13:32 TruongThiTam  : inventory
13:32 reedyesyes    : ko co
13:32 TruongThiTam  : v
13:32 reedyesyes    : NO
13:33 reedyesyes    : back di
13:33 reedyesyes    : t cho qua enchanted apple ma chong lava
13:33 TruongThiTam  : l
13:33 TruongThiTam  : tu 11 tim
13:33 TruongThiTam  : h con 9
13:33 reedyesyes    : an di
13:33 reedyesyes    : .
13:33 TruongThiTam  : l
13:33 reedyesyes    : can cho ko
13:34 TruongThiTam  : cho j
13:34 reedyesyes    : golden apple
13:34 reedyesyes    : di con strider di
13:35 reedyesyes    : duong??
13:35 reedyesyes    : m dau r
13:37 TruongThiTam  : adu
13:37 TruongThiTam  : zombie horse
13:37 reedyesyes    : .
13:41 TruongThiTam  : e
13:41 reedyesyes    : ?
13:41 TruongThiTam  : mo cua
13:42 reedyesyes    : dang o duoi nether
13:42 reedyesyes    : m di ko
13:42 reedyesyes    : i ruoc cho m 1 con strider
13:42 TruongThiTam  : tp qua tau di
13:43 reedyesyes    : 1 ti
13:43 TruongThiTam  : trush t e
13:43 TruongThiTam  : trush t di
13:43 TruongThiTam  : sap bi bon quai giet r
13:44 TruongThiTam  : di ngu
13:50 reedyesyes    : lam j v
13:51 TruongThiTam  : e
13:51 reedyesyes    : j
13:51 TruongThiTam  : lam thang tu dong di
13:52 reedyesyes    : nhac
13:52 reedyesyes    : + nhieu redstone
13:52 reedyesyes    : ton tien
13:52 TruongThiTam  : 1
13:52 TruongThiTam  : e
13:52 TruongThiTam  : han con nua cay nx
13:52 reedyesyes    : o duoi co nuoc
13:52 reedyesyes    : ko sao
13:52 reedyesyes    : doi t 1 ti
13:52 reedyesyes    : .
13:52 reedyesyes    : DUNG
13:53 reedyesyes    : dc roi
13:53 reedyesyes    : lam di
13:53 reedyesyes    : cai kho nhat
13:54 reedyesyes    : m tra google xem ngua xuong an j
13:54 reedyesyes    : ma hoi mau
13:54 TruongThiTam  : tao
13:54 TruongThiTam  : ma con do kh an dau
13:56 reedyesyes    : eee
13:56 reedyesyes    : giup t phat
13:56 reedyesyes    : lap thang
13:56 reedyesyes    : lam*
13:57 reedyesyes    : het thang cmnr
13:57 reedyesyes    : doi ti
13:59 TruongThiTam  :  placed a sign @ world: x-739, z-87
  ĐỒ LẶT VẶT
13:59 reedyesyes    : huygay123
13:59 HinataKagenou : cai j
14:01 HinataKagenou : ./abandonclaim
14:03 HinataKagenou : ./abandonclaim
14:07 HinataKagenou: ./abandonallclaims
14:10 reedyesyes   : .
14:11 reedyesyes   :  placed a sign @ world: x-736, z-116
  VẬT THỂ LẠ SỐ 2 
14:11 HinataKagenou: VẬT THỂ LẠ SỐ 2
14:15 reedyesyes   : ghuy qua rate
14:15 reedyesyes   : :sunglasses:
14:15 HinataKagenou: wait a min
14:16 reedyesyes   : qua rate cho t :v
14:17 reedyesyes   : j
14:17 reedyesyes   : dm mang 1 cuc
14:19 reedyesyes   : ae sao lai dung giuong mau trang
14:20 reedyesyes   : phải dùng đúng tone màu sàn
14:20 reedyesyes   : mau hong
14:20 reedyesyes   : thì đúng tone sàn mà??
14:20 reedyesyes   : ghuy qua rate vat the la so 2 cho t
14:21 reedyesyes   : voi ca
14:21 reedyesyes   : t ranh qua t lam lai pphong hop
14:21 HinataKagenou: normal thing
14:22 reedyesyes   : EO
14:22 reedyesyes   : untrust
14:22 reedyesyes   : e
14:22 HinataKagenou: j
14:22 reedyesyes   : ngau ko
14:22 HinataKagenou: ngau v troiii
14:22 reedyesyes   : day nx
14:22 HinataKagenou: vl
14:22 reedyesyes   : doc cai do cho tl
14:22 reedyesyes   : t
14:23 reedyesyes   : doc
14:23 HinataKagenou: riii
14:23 reedyesyes   : NOI DUNG
14:23 HinataKagenou: roi
14:23 reedyesyes   : moe
14:23 HinataKagenou: mấy chức vụ
14:23 reedyesyes   : nội dung...
14:23 reedyesyes   : t viet het toan bo luon ay
14:24 HinataKagenou: vật thể lạ 1 hết rrôiì mà
14:24 vkawaiki0    : .shop
14:24 HinataKagenou: ./bal
14:24 reedyesyes   : t con
14:24 reedyesyes   : lam lai
14:24 reedyesyes   : cai ruongs
14:25 HinataKagenou: teo chim
14:25 reedyesyes   : .
14:25 reedyesyes   : a
14:25 reedyesyes   : cho baoduy sang
14:25 reedyesyes   : .
14:25 HinataKagenou: troi oi dang oi
14:25 HinataKagenou: lộ bản chất thật
14:25 reedyesyes   : thai duong ma
14:27 reedyesyes   : :V
14:27 HinataKagenou: mèo của t
14:28 reedyesyes   : phai di treu bao duy bang piglin brute
14:29 reedyesyes   : :v
14:29 reedyesyes   : bao biet j chx
14:29 reedyesyes   : trust t phat t dat cai nay
14:29 Geogre_XD    : ?
14:30 reedyesyes   : trust t phat....
14:30 reedyesyes   : 💔
14:30 HinataKagenou: dont...
14:30 reedyesyes   : moe
14:30 reedyesyes   : ma thoi
14:31 reedyesyes   : nha bao duy dau nhi ae
14:31 reedyesyes   : /w HinataKagenou ghuy qua nha bao duy t 
14:31 HinataKagenou: ok
14:31 reedyesyes   : /w HinataKagenou treu 
14:31 HinataKagenou: /r doi t sang 
14:31 HinataKagenou: /r mat elytra roi ph di bo 
14:32 reedyesyes   : david biet j chx
14:34 reedyesyes   : =))))
14:34 reedyesyes   : t mà tức là spam piglin brute
14:34 reedyesyes   : cẩn thận t đó
14:35 HinataKagenou: lanh te chim
14:35 reedyesyes   : de t lam redstone
14:36 reedyesyes   : trust t phat
14:37 reedyesyes   : redstone
14:37 HinataKagenou: okay
14:37 reedyesyes   : tra t
14:39 reedyesyes   : nho qua ko dc
14:40 reedyesyes   : dc roi anh ghuy oi
14:40 reedyesyes   : da lam nhu anh yeu cau
14:41 HinataKagenou: cam on
14:41 HinataKagenou: ;v
14:41 reedyesyes   : troi oi
14:41 reedyesyes   : a bao thu soy tex gia huy
14:42 reedyesyes   : jjk tap 25 ra r
14:42 reedyesyes   : bye ae
14:42 reedyesyes   : t di mua
14:42 reedyesyes   : afk
14:43 reedyesyes   : a ma thoi het tien r ae oi mai di mua....................
14:44 reedyesyes   : để t làm đồ cho ae hải với duy nha!!!!
14:45 davidgamingprp: ok
14:45 HinataKagenou : /w reedyesyes 
14:45 HinataKagenou : /w reedyesyes nhanh nhanh 
14:45 davidgamingprp: ms mat do
14:45 reedyesyes    : /w HinataKagenou cho t 1 stack tnt voi flint and steel 💯💯 
14:45 HinataKagenou : /r thoi ac qua m 
14:46 reedyesyes    : dm
14:46 reedyesyes    : :rage:
14:46 reedyesyes    : piston ko di chuyen do ngoai land claim
14:46 davidgamingprp: e
14:46 reedyesyes    : ?
14:46 davidgamingprp: xin bo giap
14:46 reedyesyes    : t ko co
14:46 reedyesyes    : dc chac bo nay
14:47 reedyesyes    : a
14:47 reedyesyes    : cho m cai nay
14:47 reedyesyes    : ne
14:47 reedyesyes    : e thang lon
14:47 reedyesyes    : co chx
14:47 reedyesyes    : DM
14:47 reedyesyes    : tren noc co lava
14:48 reedyesyes    : deo ngu dc ae oi
14:49 reedyesyes    : /w HinataKagenou cho t flint and steel dm quen den de lam cong nether 
14:52 HinataKagenou : ký sinh trùng
14:52 reedyesyes    : cut
14:52 reedyesyes    : tranh
14:52 reedyesyes    : A
14:52 reedyesyes    : de t
14:52 reedyesyes    : muehehehrhe
14:52 reedyesyes    : e huy
14:52 reedyesyes    : lam cai n cho t
14:53 reedyesyes    : de t CLAIM!!!
14:53 reedyesyes    : hahahhaha
14:54 HinataKagenou : reed xóa claim đi
14:54 HinataKagenou : ăn trộm !!
14:55 davidgamingprp: e
14:56 reedyesyes    : de t bao ve ae
14:56 reedyesyes    : ko lo
14:56 reedyesyes    : DUNG DANH
14:56 reedyesyes    : DANH LA M CHET DAY
14:56 davidgamingprp: xin cai de tao giap neth
14:56 reedyesyes    : cam on di thang lon
14:56 reedyesyes    : dm
14:56 reedyesyes    : CAM ON DI THANG LON
14:56 davidgamingprp: xin cay de t giap neth
14:56 reedyesyes    : NGU
14:56 reedyesyes    : NGUUUU
14:57 reedyesyes    : bao ve ae
14:58 reedyesyes    : de t mo nhac
14:58 reedyesyes    : tough one
15:00 HinataKagenou : reed lai day
15:11 vkawaiki0     : gia huy cho tau bay
15:17 Nem           : nha duy day ha?
15:18 Nem placed suspicious WATER_BUCKET @ world: x-383, z218
15:18 Nem placed suspicious WATER_BUCKET @ world: x-383, z218
15:18 Nem placed suspicious WATER_BUCKET @ world: x-383, z218
15:18 Nem placed suspicious WATER_BUCKET @ world: x-383, z218
15:18 Nem placed suspicious WATER_BUCKET @ world: x-383, z218
15:18 Nem placed suspicious WATER_BUCKET @ world: x-383, z218
15:18 Nem placed suspicious WATER_BUCKET @ world: x-383, z218
15:19 Nem placed suspicious WATER_BUCKET @ world: x-378, z208
15:19 Nem placed suspicious WATER_BUCKET @ world: x-377, z212
15:19 Nem placed suspicious WATER_BUCKET @ world: x-376, z212
15:20 Nem placed suspicious WATER_BUCKET @ world: x-369, z211
15:21 Nem placed suspicious WATER_BUCKET @ world: x-388, z209
15:22 Nem placed suspicious WATER_BUCKET @ world: x-381, z214
15:22 Nem placed suspicious WATER_BUCKET @ world: x-378, z206
15:24 reedyesyes placed suspicious PUFFERFISH_BUCKET @ world: x-388, z211
15:25 Nem placed suspicious WATER_BUCKET @ world: x-395, z211
15:25 Nem placed suspicious WATER_BUCKET @ world: x-394, z210
15:25 Nem placed suspicious WATER_BUCKET @ world: x-376, z209
