23:59 reedyesyes   :  placed a sign @ world: x-745, z-137
  Chai nước.
23:59 reedyesyes   :  placed a sign @ world: x-745, z-137
  Nguyên vật liệu.
08:34 HinataKagenou: duuu
08:34 HinataKagenou: lo
08:34 vkawaiki0    : lo :v
08:35 vkawaiki0    : cho t bay
08:35 vkawaiki0    : okay
08:38 HinataKagenou:  placed a sign @ world: x-441, z26
  Be careful
08:40 vkawaiki0    : moe
08:40 HinataKagenou: j?
08:40 vkawaiki0    : tu nhien bi out sv
08:42 HinataKagenou: e
08:42 HinataKagenou: sang nha t khong
08:42 HinataKagenou: 1 ty thoi
08:42 vkawaiki0    : okay
08:42 HinataKagenou: khoe cai n:))
08:43 vkawaiki0    : what
08:43 HinataKagenou: ;v
08:43 vkawaiki0    : lm rg de co cai ni
08:43 HinataKagenou: mua
08:43 HinataKagenou: day ne
08:43 HinataKagenou: e
08:43 vkawaiki0    : m khoe tren discord r ma ;-;
08:43 HinataKagenou: xuong day
08:43 vkawaiki0    : :v
08:43 HinataKagenou: ;-;
08:43 vkawaiki0    : oh
08:44 HinataKagenou: chuot phai
08:44 vkawaiki0    : rang ngan ri :V
08:44 HinataKagenou: len day ;v
08:44 HinataKagenou: shift
08:44 HinataKagenou: va da len nui :))
08:44 vkawaiki0    : W
08:45 HinataKagenou: reedgay
08:45 vkawaiki0    : wt?
08:45 vkawaiki0    : rg t ko tp dc ve nha t nx ma la ve nha thg ba nam
08:45 reedyesyes   : dm hom qua t sieu ranh
08:45 reedyesyes   : nha t*
08:45 HinataKagenou: ;v
08:45 HinataKagenou: vkawaiki sethome o nha de
08:45 reedyesyes   : ghuy tp sang phat
08:45 vkawaiki0    : r ma hay :v
08:46 HinataKagenou: ./home de
08:46 vkawaiki0    : a dc r
08:46 reedyesyes   : doc cai nay
08:46 reedyesyes   : moe
08:46 reedyesyes   : DI DAU V
08:46 reedyesyes   : sieu ranh
08:46 reedyesyes   : 7 to
08:46 reedyesyes   : hay 7
08:46 reedyesyes   : ranh vai cut :v
08:47 reedyesyes   : e ghuy
08:47 HinataKagenou: vl
08:47 HinataKagenou: m bi ranh roi
08:47 reedyesyes   : m biet ba nam xay mat cai nay la j ko
08:47 HinataKagenou: j?
08:47 reedyesyes   : tuongs
08:47 HinataKagenou: e qua nha t de ;v
08:48 reedyesyes   : 1 second
08:51 vkawaiki0    :  placed a sign @ world: x-393, z204
  gay
08:51 vkawaiki0    :  placed a sign @ world: x-393, z204
  gay
08:51 vkawaiki0    :  placed a sign @ world: x-396, z207
  a
08:51 vkawaiki0    :  placed a sign @ world: x-396, z207
  s
08:51 HinataKagenou: vkawaiki0 placed a sign @ world: x-396 z207
08:51 HinataKagenou: gay
08:51 HinataKagenou: gay
08:51 HinataKagenou: a
08:51 vkawaiki0    : :v
08:51 HinataKagenou: .s
08:51 HinataKagenou: dat bang cai deo j v cu
08:51 vkawaiki0    : wtf
08:52 vkawaiki0    : rang t ko dat thang dc
08:52 vkawaiki0    : ma lai nam ngang
08:52 vkawaiki0    : a dc r :v
08:52 vkawaiki0    : lm rang thap sang dc cai nene
08:52 HinataKagenou: dung bat lua
08:52 HinataKagenou: sat vs soi
08:53 vkawaiki0    : idk
08:53 vkawaiki0    : lm ran g :v
08:53 HinataKagenou: đốt cái nến
08:53 reedyesyes   :  placed a sign @ world: x-745, z-132
  Phòng thí nghiệm
  (CẤM VÀO, CẨN
  THẬN BỊ BÀ ĐÂY
  THẮT CỔ CHẾT.)
08:53 HinataKagenou: chuột phải vô cái nến
08:53 vkawaiki0    : a ok
08:53 reedyesyes   : sieu cap cos ksenia
08:53 reedyesyes   : brewing moment
08:54 reedyesyes   : xong
08:55 HinataKagenou: dc chua reed...
08:55 reedyesyes   : đang viết book and quill
08:55 HinataKagenou: m ranh vll
08:55 HinataKagenou: afk day
08:55 HinataKagenou: co j nhan dis
08:56 reedyesyes   : e
08:56 reedyesyes   : cho t 1 it xp
08:56 reedyesyes   : rename
08:56 reedyesyes   : troi oi
08:56 reedyesyes   : time to ranh
09:01 HinataKagenou: dc chx...
09:02 HinataKagenou: ma thoi khong can nx;v
09:02 reedyesyes   : dang enchant tung quyen sach
09:02 reedyesyes   : a nham
09:02 reedyesyes   : rename
09:02 reedyesyes   : voi viet 1 cai dang do do
09:02 reedyesyes   : 12 trang
09:03 HinataKagenou: ahhhhh
09:03 HinataKagenou: off day
09:03 HinataKagenou: me bat len ong ba
09:30 vkawaiki0    : t xay lai nha m tren r nay :v
09:30 reedyesyes   : can giup lam ban do ko
09:30 reedyesyes   : t lam sieu dinh
09:30 vkawaiki0    : cs ;=;
09:30 reedyesyes   : dung /trust phat
09:30 reedyesyes   : t lam cho
09:30 reedyesyes   : a
09:30 vkawaiki0    : r ds
09:31 reedyesyes   : 3x3 nha
09:31 vkawaiki0    : okay
09:32 reedyesyes   : de t di
09:33 reedyesyes   : e duy
09:33 reedyesyes   : dua giap m day t lam cai nay phat
09:33 reedyesyes   : 1 ti
09:34 reedyesyes   : e
09:34 vkawaiki0    : what
09:34 reedyesyes   : dua toan bo giap luon ay
09:35 reedyesyes   : ne
09:35 vkawaiki0    : wow
09:35 reedyesyes   : t di day
09:35 reedyesyes   : bye
09:35 reedyesyes   : lam map
09:35 vkawaiki0    : okay
09:41 reedyesyes   : xong r nha
09:41 reedyesyes   : 1
09:41 reedyesyes   : a
09:41 reedyesyes   : 1 ti
09:42 reedyesyes   : ntn dc chx
09:43 reedyesyes   : afk
09:52 vkawaiki0    : moe
09:52 vkawaiki0    : quen la minh dang choi mc :))
09:52 reedyesyes   : :v
09:53 vkawaiki0    : bruh
09:54 reedyesyes   : ra lay di
09:54 reedyesyes   : a doi ti
09:57 reedyesyes   : troi oi
09:58 reedyesyes   : t lam map dc ko
09:58 vkawaiki0    : cs cua nao dep k
09:58 reedyesyes   : t ko biet ro
09:59 vkawaiki0    : lap vao day
09:59 reedyesyes   : j a
09:59 reedyesyes   : ??
09:59 vkawaiki0    : door
09:59 vkawaiki0    : beautiful door ?
09:59 vkawaiki0    : u have ?
09:59 vkawaiki0    : okay
10:00 reedyesyes   : dm game lag r
10:00 reedyesyes   : out 1 ti
10:00 reedyesyes   : quay lai
10:10 vkawaiki0    : e
10:10 reedyesyes   : ?
10:10 vkawaiki0    : rg t dap cai nay mai k be
10:10 vkawaiki0    : hey
10:10 reedyesyes   : dua pickaxe day t enchant cho
10:11 vkawaiki0    : sao k dap dc
10:11 reedyesyes   : ko biet nx
10:11 reedyesyes   : de t lam cho
10:11 vkawaiki0    : e do nuoc vao cay
10:11 vkawaiki0    : t lam 1 con song
10:11 reedyesyes   : a ok
10:12 reedyesyes   : shop
10:12 reedyesyes   : .
10:12 vkawaiki0    : ziczac
10:12 reedyesyes   : ne
10:12 reedyesyes   : e
10:13 vkawaiki0 placed suspicious WATER_BUCKET @ world: x-360, z196
10:13 vkawaiki0 placed suspicious WATER_BUCKET @ world: x-358, z198
10:13 reedyesyes placed suspicious WATER_BUCKET @ world: x-361, z197
10:13 reedyesyes placed suspicious WATER_BUCKET @ world: x-356, z194
10:13 reedyesyes placed suspicious WATER_BUCKET @ world: x-359, z200
10:17 vkawaiki0    : bao quanh nha t luon :))
10:17 reedyesyes   : :v
10:21 reedyesyes placed suspicious WATER_BUCKET @ world: x-360, z209
10:21 reedyesyes placed suspicious WATER_BUCKET @ world: x-366, z213
10:26 reedyesyes placed suspicious WATER_BUCKET @ world: x-380, z224
10:26 vkawaiki0    : cai xeng t sap hu r
10:26 reedyesyes   : cho muon nay
10:26 reedyesyes   : trong do
10:26 vkawaiki0    : oh
10:26 vkawaiki0    : vl 1 hit 1 block
10:26 reedyesyes   : :v
10:27 reedyesyes   : t de nho shulker trong nha m nha
10:27 vkawaiki0    : ok
10:28 reedyesyes placed suspicious WATER_BUCKET @ world: x-391, z223
10:28 vkawaiki0    : de vai cai duoc o ngoai river di cho sang
10:28 vkawaiki0    : toi qau
10:28 vkawaiki0    : toi qua
10:28 reedyesyes   : t dung fullbright...
10:29 vkawaiki0    : bruh
10:29 vkawaiki0    : che tao duoc di :v
10:29 reedyesyes   : t biet 1 cai sang hon
10:29 vkawaiki0    : whut ?
10:29 reedyesyes   : de t lam
10:30 reedyesyes   : dao nhanh len cai t doi lai cay xeng
10:30 reedyesyes placed suspicious WATER_BUCKET @ world: x-356, z193
10:32 reedyesyes   : dc chx
10:32 vkawaiki0    : roi
10:32 reedyesyes   : xin lai xeng
10:34 vkawaiki0    : lo
10:36 vkawaiki0    : de t thap ti nen cho dep ;))
10:42 vkawaiki0    : het bat lua r :v
10:45 reedyesyes placed suspicious WATER_BUCKET @ world: x-402, z210
10:47 vkawaiki0    : t out ti nau com
10:48 reedyesyes placed suspicious WATER_BUCKET @ world: x-382, z225
11:07 reedyesyes   :  placed a sign @ world: x-731, z-118
  LỐI DẪN ĐẾN
  VẬT THỂ LẠ 2 VÀ
  3.
11:07 reedyesyes   :  placed a sign @ world: x-729, z-116
  VẬT THỂ SỐ 2
11:07 reedyesyes   :  placed a sign @ world: x-729, z-113
  VẬT THỂ SỐ 3.
11:08 reedyesyes   : chao nem
11:08 reedyesyes   : e nam
11:08 Nem          : ?
11:08 reedyesyes   : thay cai t gui tren discord chx
11:08 Nem          : de xem
11:10 Nem          : đọc r
11:11 reedyesyes   :  placed a sign @ world: x-736, z-113
  VẬT THỂ LẠ SỐ 3.
11:11 reedyesyes   : nhin
11:11 reedyesyes   : lay may quyen sach o cho nay di
11:11 reedyesyes   : hay cuc
11:11 reedyesyes   : ca buoi sang cua t
11:12 reedyesyes   : may quyen o tren ke sach
11:12 reedyesyes   : quyen j cung co ten
11:12 reedyesyes   : doan nay la truyen viet
11:12 Nem          : ok
11:12 reedyesyes   : a
11:12 reedyesyes   : viet luon cai
11:12 reedyesyes   : e
11:12 Nem          :  placed a sign @ world: x-739, z-87
  ĐỒ LẶT VẶTe
11:13 reedyesyes   : may cai nay t viet het r
11:13 reedyesyes   : viet cai ben kia
11:13 reedyesyes   : ok t di lam may tro con bo day
11:13 Nem          : e dang..
11:13 reedyesyes   : j
11:13 Nem          : chetmoe r
11:13 Nem          : mất sách r
11:13 reedyesyes   : ne...
11:13 reedyesyes   : sach ten j ay nhi
11:13 Nem          : t lấy ra rơi cái xog clear lag mất luôn
11:14 Nem          : e
11:14 Nem          : xây base ms của t ko
11:14 reedyesyes   : ne
11:14 reedyesyes   : nHAM
11:14 reedyesyes   : xin lai
11:14 reedyesyes   : viet nhu may cai kia nha
11:15 reedyesyes   : doc thu la biet
11:15 reedyesyes   : (ngoai tru cai cua t)
11:16 Nem          : e
11:17 Nem          : xây base trên trời ik
11:17 Nem          : tàu bay
11:17 reedyesyes   : hoi kho
11:17 reedyesyes   : m muon thi chac la ok
11:17 Nem          : yen tam t lm dc
11:17 Nem          : chọn vị trí ik
11:17 reedyesyes   : m muon o dau
11:17 Nem          : t nghĩ là chỗ gần thg hUY
11:18 reedyesyes   : gần chỗ huy hấn claim đất hết r
11:18 reedyesyes   : :v
11:18 Nem          : Trên trời mà
11:18 Nem          : lm thế nó sẽ cay đỏ
11:18 reedyesyes   : claim do duoi dat voi tren troi ma
11:18 Nem          : hmmm
11:18 reedyesyes   : m nghi j ma t co dat duoi dat
11:18 reedyesyes   : claim*
11:18 Nem          : choox gần nhà duy
11:18 reedyesyes   : ok
11:18 Nem          : ok
11:18 Nem          : điii
11:19 reedyesyes   : nham cho r cha
11:19 reedyesyes   : nguoc lai
11:20 Nem          : reeed dau r
11:20 Geogre_XD    : bruh
11:21 Nem          : eeee
11:21 reedyesyes   : afk an com
11:21 reedyesyes   : xay o doan
11:21 Nem          : noooo
11:21 reedyesyes   : doi ti
11:21 Nem          : xaay dau?
11:21 Nem          : trêm chỗ thg duy ik
11:21 Nem          : cho nó bất ngờ
11:21 reedyesyes   : do doan nay
11:22 reedyesyes   : NAY
11:22 reedyesyes   : ok afk
11:22 reedyesyes   : an com
11:22 Nem          : ok
11:22 Nem          : eeeee
11:22 Nem          : giá treooo
11:22 Nem          : cho t vs
11:59 reedyesyes   : t quay lai r
11:59 Nem          : ok
11:59 reedyesyes   : sao r
11:59 Nem          : back đi
11:59 reedyesyes   : an bun cha nuoc
11:59 reedyesyes   : nuong*
11:59 Nem          : e dang
11:59 reedyesyes   : ??
11:59 Nem          : t nhờ
11:59 Nem          : h m á
11:59 reedyesyes   : gio sao??
12:00 Nem          : laaps phần nền dưới bằng cục t cầm á
12:00 Nem          : laaps dưới gỗ
12:00 reedyesyes   : ok
12:00 Nem          : dưới gỗ nha
12:00 Nem          : gỗ là sàn
12:00 Nem          : nos là ở ngoài
12:00 Nem          : off đây ăn cơm
12:58 reedyesyes   :  placed a sign @ world: x-381, z185
  afk
  t trust m rồi nha 
  nam
13:12 reedyesyes   : shop
13:37 reedyesyes   : hello
13:37 Nem          : e
13:37 Nem          : ddeer map cho khac ik
13:37 reedyesyes   : t lap duoi r do m thay chx
13:37 Nem          : de tam cx dc
13:37 Nem          : ok
13:37 reedyesyes   : can giup j ko
13:37 Nem          : xaay vs t
13:38 Nem          : xay giong t
13:39 Nem          : lm giong kinh khi cau
13:39 reedyesyes   : lam xong cai nay chuyen sang ten lua nha
13:39 Nem          : ok
13:40 Nem          : conf dda xam xam nx ko
13:40 Nem          : cho t vs
13:40 reedyesyes   : con
13:40 reedyesyes   : de t mua them
13:40 Nem          : e tutu
13:41 reedyesyes   : ne
13:41 Nem          : lm ban che tao ho t luon ik
13:43 Nem          : looi
13:43 reedyesyes   : ?
13:43 reedyesyes   : a
13:43 reedyesyes   : dung ma
13:43 reedyesyes   : ua
13:44 Nem          : ok dr
13:44 reedyesyes   : bun cha nuong
13:44 Nem          : laaps mai
13:45 reedyesyes   : lam 2 tang cho ngau
13:45 reedyesyes   : :v
13:45 Nem          : uh chu sao
13:45 reedyesyes   : ua
13:46 reedyesyes   : lap bang go??
13:46 Nem          : lap mai bang cuc xam xam
13:46 reedyesyes   : ok
13:46 reedyesyes   : lay loai
13:46 reedyesyes   : uhh
13:46 reedyesyes   : phien da
13:46 reedyesyes   : 1/2
13:46 Nem          : tutu
13:46 Nem          : t nghi la
13:46 Nem          : ngoai cung la cuc xam
13:46 Nem          : tam 2 block
13:46 reedyesyes   : trong la go
13:47 Nem          : trong la go
13:47 Nem          : dr
13:47 reedyesyes   : lam bang phien da di
13:47 reedyesyes   : cho tiet kiem khong giam
13:47 Nem          : tuy m
13:47 reedyesyes   : ok
13:48 Nem          : e tutu
13:48 reedyesyes   : ?
13:48 Nem          : hay la nhu nay
13:48 Nem          : dc ko?
13:48 reedyesyes   : t thay
13:48 reedyesyes   : cai cu dc hon
13:48 Nem          : ok tuy m
13:48 Nem          : cai cu ddr maf
13:49 Nem          : dung pha
13:49 reedyesyes   : .
13:49 Nem          : nhma toon block qua
13:49 reedyesyes   : t giau
13:49 reedyesyes   : ko lo
13:49 reedyesyes   : chac the
13:49 reedyesyes   : may cai o dau thi sao
13:50 reedyesyes   : t lam luon cho
13:50 Nem          : ty nx lm
13:50 reedyesyes   : a
13:50 Nem          : lm ben nay nx
13:50 reedyesyes   : de mua cai nay do ton block hon
13:51 reedyesyes   : lay block binh thuong xong dung cai stonecutter do ton block hon ay
13:51 Nem          : uh m lm ik
13:52 Nem          : t lm phan nay
13:53 Nem          : lm mai ik
13:53 reedyesyes   : dang lam ma
13:53 Nem          : ok
13:55 reedyesyes   : do
13:55 reedyesyes   : xong phong lai
13:55 Nem          : e ben nay thieu
13:55 reedyesyes   : quen
13:55 reedyesyes   : roi
13:55 Nem          : ok
13:56 reedyesyes   : de lam mai
13:56 Nem          : ty nx lm cua so
13:56 Nem          : wwindow
13:57 Nem          : offf r af?
13:58 reedyesyes   : chx
13:59 reedyesyes   : cai hoi ma
13:59 reedyesyes   : lap o day
13:59 reedyesyes   : dm roi chet 8 lan
13:59 reedyesyes   : elytra deo hieu sao ko bay dc
14:00 reedyesyes   : e nam
14:00 Nem          : ?
14:00 reedyesyes   : cho m cai nay
14:00 reedyesyes   : dang thua ko can
14:00 reedyesyes   : con nx ma
14:05 Nem          : e them glass
14:05 reedyesyes   : ok
14:06 reedyesyes   : ne
14:06 reedyesyes   : xong tran nha r do
14:06 Nem          : block ?
14:06 reedyesyes   : ca block ca pane
14:06 Nem          : ok
14:07 reedyesyes   : de t ve bunker 1 ti
14:07 Nem          : ok
14:13 HinataKagenou: lo
14:13 reedyesyes   : lo
14:14 HinataKagenou: tu nha ong ba ve roi
14:14 HinataKagenou: dcm
14:14 HinataKagenou: bi bat ngu o lai
14:14 reedyesyes   : vui ko
14:14 reedyesyes   : :v
14:14 HinataKagenou: vui:))
14:14 reedyesyes   : ua
14:14 reedyesyes   : nam left
14:14 HinataKagenou: t ngoi xem het tap 21 aot roi
14:14 reedyesyes   : e huy
14:14 HinataKagenou: j
14:14 reedyesyes   : biet ca buoi sang t lam j ko
14:14 reedyesyes   : :v
14:14 HinataKagenou: lam j
14:14 reedyesyes   : doi 1 ti
14:15 reedyesyes   : nghi lai cung thay minh ranh that
14:16 reedyesyes   : day
14:16 reedyesyes   : lay 1 quyen sach bat ky
14:16 reedyesyes   : DM
14:16 reedyesyes   : NGU
14:16 reedyesyes   : KHONG PHAI
14:16 reedyesyes   : day
14:16 reedyesyes   : ben nay nx
14:16 HinataKagenou: vl
14:16 reedyesyes   : tom lai dau cung co
14:16 HinataKagenou: m bi dien roi
14:17 reedyesyes   : tren la tac pham cua ksenia
14:17 HinataKagenou: cach that co...
14:17 reedyesyes   : duoi la tac pham van hoc viet nam
14:17 reedyesyes   : ben nay la
14:17 HinataKagenou: nc ngoai
14:17 reedyesyes   : tren la nuoc ngoai
14:17 reedyesyes   : duoi la nga
14:17 reedyesyes   : tai vi ksenia la nga
14:17 reedyesyes   : :sunglasses:
14:17 reedyesyes   : a nham
14:17 reedyesyes   : wait
14:18 reedyesyes   : m thay ngau ko
14:18 reedyesyes   : rename toan sach
14:18 HinataKagenou: thay m dien thi co
14:18 HinataKagenou: rranh vcd
14:18 reedyesyes   : ben nay thi chua co idea
14:18 reedyesyes   : phong m t cai tien r
14:18 reedyesyes   : qua check la biet
14:18 HinataKagenou: lac me roi
14:18 reedyesyes   : lay cai
14:18 reedyesyes   : saddle ra ntn nhi
14:19 reedyesyes   : cam ve ma trang tri
14:19 HinataKagenou: t co roi
14:19 reedyesyes   : lai phai lam tiem
14:19 HinataKagenou: đừng đọc sách á
14:19 reedyesyes   : a
14:19 reedyesyes   : j a
14:20 HinataKagenou: sách...
14:20 HinataKagenou: tren ban
14:20 reedyesyes   : de t nghi tem idea
14:20 HinataKagenou: di ve day
14:20 reedyesyes   : roi rename may cai trong phong + khap base
14:20 reedyesyes   : 1 base moi thi t cung rename luon
14:20 reedyesyes   : base moi sieu caooo
14:20 HinataKagenou: ;v
14:20 reedyesyes   : landmark 128 block
14:24 HinataKagenou: ua
14:25 HinataKagenou: m co tpa t khong ;v
14:25 reedyesyes   : j a
14:25 reedyesyes   : ko
14:25 HinataKagenou: rg ma t tu den day v ;v
14:25 reedyesyes   : base moi
14:25 reedyesyes   : leak tren dms ai
14:25 reedyesyes   : ay*
14:25 HinataKagenou: h ms ve
14:25 reedyesyes   : nhin xuong
14:25 HinataKagenou: chx mo dis nx
14:25 HinataKagenou: adu
14:25 reedyesyes   : .
14:25 reedyesyes   : NGU
14:26 HinataKagenou: quen mac elytra:))
14:26 reedyesyes   : elytra m mo
14:26 reedyesyes   : ngu vl..
14:26 reedyesyes   : huy ngu 123
14:26 reedyesyes   : de change pass thanh huynguvagay123
14:26 HinataKagenou: trong n cx co map roi ne
14:26 reedyesyes   : t lam aya
14:26 reedyesyes   : han keu
14:26 HinataKagenou: Nem died here
14:27 HinataKagenou: ngu
14:27 reedyesyes   : eh
14:27 reedyesyes   : a quen
14:27 reedyesyes   : quen lam banner
14:27 reedyesyes   : ngu ngua 123
14:31 reedyesyes   :  placed a sign @ world: x-736, z-130
  PHÒNG CỦA
  'reedyesyes'
14:33 reedyesyes   : ghuy ko accept la gay
14:39 HinataKagenou: lo
14:39 HinataKagenou: afk
14:39 reedyesyes   : tra nen cho t
14:39 reedyesyes   : moe
14:39 reedyesyes   : :rage:
14:40 HinataKagenou: ai biet j dau
14:40 reedyesyes   : ngu ngua
14:40 HinataKagenou: dit con ngua cho t
14:41 reedyesyes   : ??
14:42 HinataKagenou: phe qua
14:42 HinataKagenou: ;v
14:42 reedyesyes   : dung troi
14:42 reedyesyes   : t se
14:42 reedyesyes   : chuyen sang
14:42 reedyesyes   : a nham
14:42 reedyesyes   : cho t 1 dong xp
14:42 reedyesyes   : de rename sach
14:42 HinataKagenou: m ranh vclllll
14:42 reedyesyes   : ok
14:42 reedyesyes   : rename sang
14:43 reedyesyes   : asian literature
14:43 reedyesyes   : check dsicord
14:43 reedyesyes   : discord
14:43 reedyesyes   : gia huy ko check discord la gay
14:44 reedyesyes   : ok
14:44 reedyesyes   : rename time
14:44 HinataKagenou: dit tiep
14:44 HinataKagenou: chs khong?
14:44 reedyesyes   : ko
14:44 reedyesyes   : ban rename r
14:44 HinataKagenou: okay
14:44 reedyesyes   : m quen a
14:44 HinataKagenou: i forgot
14:44 HinataKagenou:  placed a sign @ world: x-743, z-123
  Phòng TẠM THỜI 
  của 'Ksenia'
  CHỈ ĐƯỢC CHỦ 
  TỊCH VÀ 'Ksenia'
14:45 HinataKagenou: ve day ;v
14:45 reedyesyes   : e
14:45 HinataKagenou: j
14:45 reedyesyes   : cho m cai nay ne
14:45 reedyesyes   : dung do
14:45 HinataKagenou: co j dau:00
14:45 reedyesyes   : vui ko
14:45 HinataKagenou: tu huy ne:))
14:46 reedyesyes   : thang ga ko biet brewing
14:46 reedyesyes   : phai ghi 1 cai ma
14:46 reedyesyes   : 7 trang
14:46 HinataKagenou: ;v
14:46 reedyesyes   : huong dan brewing
14:46 HinataKagenou: t deo ranh nhu m:))
14:46 reedyesyes   : gaaaaaa
14:46 HinataKagenou: for real
14:46 reedyesyes   : con gaaaaa
14:46 HinataKagenou: thoi ve nha xay nnha moi ;v
14:46 reedyesyes   : dau hang ko
14:46 HinataKagenou: yes
14:52 HinataKagenou: afk ti da
15:06 reedyesyes   : xong r ae oiiii
15:06 HinataKagenou: uhh
15:07 reedyesyes   : check ko
15:07 HinataKagenou: de sau de
15:07 HinataKagenou: moe
15:07 HinataKagenou: rg teleport dc hay rk
15:07 HinataKagenou: con chua accept
15:07 HinataKagenou: ranh vclllllll
15:07 HinataKagenou: t ve xay tiep day
15:07 reedyesyes   : duoi cung la lebien
15:20 reedyesyes   : game lag rq
15:20 HinataKagenou: ua bth ma
15:20 reedyesyes   : rejoin rqrq
15:20 reedyesyes   : cua t
15:20 HinataKagenou: kk
15:30 HinataKagenou: lo
15:30 HinataKagenou: :))
15:31 TruongThiTam :  placed a sign @ world: x-745, z-132
  Phòng thí nghiệm
  (CẤM VÀO, CẨN
  THẬN BỊ BÀ ĐÂY
  THẮT CỔ CHẾT.)
15:46 HinataKagenou: j?
15:53 HinataKagenou:  placed a sign @ world: x-393, z-39
  d
15:53 HinataKagenou:  placed a sign @ world: x-393, z-39
  d
16:10 TruongThiTam : e
16:10 HinataKagenou: j
16:10 TruongThiTam : t tim dc con ngua
16:10 TruongThiTam : nhay cao vl
16:10 HinataKagenou: v ha
16:10 HinataKagenou: dit no di
16:13 HinataKagenou: dcm ban che t tao mo roi hay
16:13 HinataKagenou: dcm
16:13 HinataKagenou: e test ngua
16:14 HinataKagenou: chat v bay
16:14 TruongThiTam : keo no ra
16:14 TruongThiTam : day trong claim cua m
16:14 HinataKagenou: :))
16:14 HinataKagenou: chiu roi
16:14 HinataKagenou: t claim het ca nui nay:)0
16:14 TruongThiTam : thua
16:15 HinataKagenou: tien nhieu de lam gi:))
16:15 HinataKagenou: sang nha bao duy khong
16:15 TruongThiTam : ok
16:15 HinataKagenou: how to cho ngua an
16:15 HinataKagenou: ngua sap chet r ;v
16:15 TruongThiTam : con do ko an
16:15 HinataKagenou: lai ngu
16:16 HinataKagenou: day
16:16 HinataKagenou: vcl
16:16 TruongThiTam : e
16:16 TruongThiTam : tra
16:16 HinataKagenou: j
16:36 HinataKagenou: lo
16:37 vkawaiki0    : wth ?
16:37 vkawaiki0    : thg hai dang claim dat nha t :v
16:37 HinataKagenou: trên kia là nhà thg đăng :))
16:37 vkawaiki0    : ten han la chi hay
16:37 TruongThiTam : e huy
16:37 HinataKagenou: reedyesyes
16:37 HinataKagenou: j
16:37 TruongThiTam : tp qua t di
16:38 HinataKagenou: vl
16:38 HinataKagenou: cai deo j lam ngua v
16:38 HinataKagenou: dit het cho t
16:38 TruongThiTam : e
16:38 TruongThiTam : rg t ko thay m v
16:38 TruongThiTam : thay r
16:38 HinataKagenou: chac la lag
16:38 vkawaiki0    : e
16:38 HinataKagenou: j
16:39 vkawaiki0    : lam rang de lap nuoc phang lai hay
16:39 vkawaiki0    : thay han cu xien xien
16:39 HinataKagenou: cai n thi t chiu
16:39 vkawaiki0    : lm rg de thang kieu ri
16:39 HinataKagenou: a tutu
16:39 vkawaiki0    : xien qua
16:39 HinataKagenou: trust t di
16:40 vkawaiki0    : r
16:40 vkawaiki0    : ben nay ne
16:41 vkawaiki0    : nuoc mmua o mo hay
16:41 HinataKagenou: yên ngựa
16:41 HinataKagenou: nước có mấy con cá à
16:43 HinataKagenou: làm nước vĩnh cửu mà đổ cho nhanh
16:43 vkawaiki0    : oh
16:43 HinataKagenou: múc nước đây cho nhanh nè
16:45 vkawaiki0    : cai xeng lam kieu rg hay
16:46 HinataKagenou: xeng j?
16:46 vkawaiki0    : xeng j cung dc
16:46 vkawaiki0    : dao dat nhanh la dc
16:46 reedyesyes   : xeng j cung dc
16:46 HinataKagenou: que ở 2 ô dưới xg sắt hoặc j j đó trên cùng
16:48 HinataKagenou: reed mat day v m
16:48 reedyesyes   : ja
16:48 reedyesyes   : j a
16:48 HinataKagenou: xay base treen dau nha ngta:))
16:48 HinataKagenou: xg claim
16:48 reedyesyes   : dung r
16:48 reedyesyes   : :v
16:48 vkawaiki0    : rg claim ?
16:48 reedyesyes   : trinh sat
16:48 reedyesyes   : e duong
16:48 TruongThiTam : ?
16:48 reedyesyes   : thu lay 1 quyen sach o tren may cai ke
16:49 vkawaiki0    : bro
16:49 vkawaiki0    : claim dat gan nha t ?
16:49 reedyesyes   : ca buoi sang cua t do
16:49 reedyesyes   : ngau ko
16:49 TruongThiTam : ko trach j
16:49 TruongThiTam : t thay sv on ca sang
16:49 HinataKagenou: vkawaiki0 đâm đơn kiện đi rồi để t lôi thằng reed ra tòa
16:49 reedyesyes   : :v
16:50 reedyesyes   : untrust ca lu xong tron trong nha
16:50 reedyesyes   : ko ai lam dc j tao ca
16:50 HinataKagenou: duy e
16:50 reedyesyes   : 🗣
16:50 HinataKagenou: tpa qua t de
16:50 HinataKagenou: nha moi cua t
16:51 HinataKagenou: h t oi 2 nha
16:51 vkawaiki0    : okay :v
16:51 HinataKagenou: dep khong ;v
16:51 HinataKagenou: ca buoi chieu
16:51 vkawaiki0    : uh
16:51 reedyesyes   : moe...
16:51 HinataKagenou: tổng thiệt hại hết gần 50k
16:51 reedyesyes   : m muon t nhot 2 con ngua xuong xuong a??
16:51 reedyesyes   : de fix do phat
16:52 TruongThiTam : nen lam farm ko
16:52 reedyesyes   : thoi
16:52 reedyesyes   : nhac + lag
16:52 TruongThiTam : farm dong vat
16:52 HinataKagenou: dua mo co ngua khong
16:52 HinataKagenou: t dit
16:52 reedyesyes   : .
16:52 reedyesyes   : duong
16:52 reedyesyes   : dung de ghuy qua ben nay troi oi
16:53 reedyesyes   : han dit ca 2 con ngua xuong ca con lua ca 2 con ngua
16:53 TruongThiTam : e
16:53 reedyesyes   : ?
16:53 TruongThiTam : tim con creeper di
16:53 reedyesyes   : doi troi toi
16:55 TruongThiTam : theo t
16:55 reedyesyes   : ?
16:56 reedyesyes   : sell di cha
16:56 reedyesyes   : troi oi
16:56 HinataKagenou: di choi day
16:58 TruongThiTam : e dang
16:58 reedyesyes   : ?
16:58 TruongThiTam : lam thien thach di
16:58 reedyesyes   : nhac troi oi
16:59 vkawaiki0    : thg hai dang go claim dat de t lam nha nao
16:59 reedyesyes   : nhat kieu the thon gon lam r day
16:59 vkawaiki0    : e
16:59 vkawaiki0    : go claim
16:59 vkawaiki0    : bro
16:59 TruongThiTam : lam becon ko
16:59 reedyesyes   : m lam di
17:00 vkawaiki0    : alo
17:00 vkawaiki0    : go claim dm
17:00 reedyesyes   : lam di
17:01 vkawaiki0    : wtf ?
17:01 vkawaiki0    : mu a
17:02 reedyesyes   : blood moon r
17:03 reedyesyes   : ve lo cot di duong ei
17:10 reedyesyes   : back
17:10 reedyesyes   : q
17:15 TruongThiTam : mat me con creeper dien r
17:15 reedyesyes   : :v
17:15 TruongThiTam : ngon
17:15 reedyesyes   : dem di sell
17:16 TruongThiTam : dc 1 cai dau
17:16 reedyesyes   : nha t cung co
17:16 reedyesyes   : doi
17:16 TruongThiTam : xay them may cai becon di
17:17 reedyesyes   : e
17:17 TruongThiTam : ?
17:17 reedyesyes   : mua ho t 1 cai anvil
17:18 reedyesyes   : enchant
17:18 reedyesyes   : mua chx
17:18 reedyesyes   : .
17:19 reedyesyes   : test
17:28 reedyesyes   : j
17:29 reedyesyes   : hoi ae chet duoi
17:30 reedyesyes   : ok di xay base 2 tiep day
17:32 reedyesyes   : join r lai out r lai join
17:32 reedyesyes   : :v
17:33 vkawaiki0    : vl
17:33 vkawaiki0    : chet trung cho thg reed claim dat
17:33 vkawaiki0    : k danh dc
17:35 reedyesyes   : ??
17:36 vkawaiki0    : bỏ cái kiểu claim vô nhà ngta đê
17:36 reedyesyes   : thế t claim quanh nhà
17:36 vkawaiki0    : rồi t chuyển cấy nớ ra chộ khác cho
17:36 reedyesyes   : ko vo vô là đc
17:39 HinataKagenou: đất thì cả nhả
17:39 reedyesyes   :  placed a sign @ world: x-743, z-96
  NHÀ KHO.
17:39 HinataKagenou: tội chi claim vô nhà ngta nả
17:39 HinataKagenou: moe
17:39 HinataKagenou: h m claim thoai mai r
17:39 HinataKagenou: chuyen cho m r a
17:40 HinataKagenou: phí giải tỏa nhà
17:41 reedyesyes   : ý là thằng nam xây thì nói kiểm đéo chi?
17:41 HinataKagenou: Nam xây ngu thì nói hn
17:41 HinataKagenou: đừng claum
17:41 HinataKagenou: đừng claim
17:42 HinataKagenou: h claim di te
17:42 HinataKagenou: t chuyển đc nhà ;v
17:43 HinataKagenou: ;v
17:43 HinataKagenou: làm đúng chơ kh sai mô mà cay
17:43 HinataKagenou: claim sát nhà ngta rk làm ăn chi nựa
17:44 HinataKagenou: t hay hn có chửi thì t xin lỗi
17:44 HinataKagenou: nhm rứa không hay
17:44 reedyesyes   :  placed a sign @ world: x-749, z-93
  KHO 2.
17:46 reedyesyes   :  placed a sign @ world: x-749, z-93
  KHO 2.
  PHÂN LOẠI:
  gì cũng đc 
17:48 TruongThiTam : e
17:48 reedyesyes   : ?
17:48 TruongThiTam : t xay nha
17:48 reedyesyes   : j cx dc
17:48 HinataKagenou: rk cũng giận
17:48 HinataKagenou: con chịu bố
17:49 reedyesyes   :  placed a sign @ world: x-750, z-93
  KHO 2
  i guess......
  gì cũng có type
  shit 💯
17:49 TruongThiTam : e ae
17:49 TruongThiTam : ngu di
17:50 TruongThiTam : ae
17:57 TruongThiTam : e hai dang
17:57 TruongThiTam : e
17:58 TruongThiTam : e
17:58 HinataKagenou: e reed
17:58 reedyesyes   : j
17:58 HinataKagenou: coi nha moi t khong
17:58 TruongThiTam : muon cay cuoc
17:58 reedyesyes   : silk touch dc ko
18:00 HinataKagenou: lo
18:01 HinataKagenou: năm ngoái t hay phá nhà m nên năm n t đã thêm claim đất vô khỏi bị phá rồi
18:01 HinataKagenou: m lợi dụng hấn để không cho thg duy xây
18:02 HinataKagenou: nếu có sai thì t xin lỗi
18:02 HinataKagenou: nhm cứ giận dai rứa t nghỉ server đ chs nx mô nả
18:02 HinataKagenou: đã chs thì chơi cho vui
18:03 reedyesyes   :  placed a sign @ world: x-831, z-175
  afk an com
18:03 HinataKagenou: còn giận vs giả điếc nx thì nghỉ mẹ đi
18:04 HinataKagenou: dcm deo fairplay j ca
18:21 Nem          : chao duy
18:21 vkawaiki0    : hi
18:21 Nem          : lên xem thuyền t ko
18:22 vkawaiki0    : okay
18:29 Nem          : e dang
18:29 TruongThiTam : dang afk
18:30 Nem          : e
18:30 TruongThiTam : sao
18:31 Nem          : koko
18:31 Nem          : e dang
18:32 reedyesyes   : xin lai cai pickaxe :v
18:35 Nem          : e
18:35 reedyesyes   : ?
18:35 Nem          : cho t cai gia treo hay thang treo
18:36 reedyesyes   : thang
18:36 reedyesyes   : ok
18:36 reedyesyes   : ne
18:36 reedyesyes   : dung ko
18:36 reedyesyes   : ?
18:36 Nem          : ok
18:36 reedyesyes   : ok
18:36 reedyesyes   : 1 ti
18:38 reedyesyes   : hm
18:40 Nem          : e dangggg
18:40 reedyesyes   : ?
18:40 Nem          : phá cái rào nớ đi ko đẹp
18:40 reedyesyes   : m pha di
18:40 reedyesyes   : nhac :v
18:41 reedyesyes   : xay 3 tang ko
18:41 reedyesyes   : :v
18:42 Nem          : ê
18:42 reedyesyes   : ?
18:42 Nem          : laaps tran
18:42 reedyesyes   : ok
18:43 Nem          : ok j cx dc tuy m
18:43 reedyesyes   : de tang 3 nhu kieu
18:43 reedyesyes   : kieu kieu
18:43 reedyesyes   : phong hop type shit
18:43 reedyesyes   : idk
18:43 reedyesyes   : tom lai muc dich quan sua
18:43 reedyesyes   : su*
18:43 reedyesyes   : nuoc nha
18:43 Nem          : yea
18:43 Nem          : t cx vay
18:44 Nem          : cai deo j dayyy
18:44 reedyesyes   : co tren nay a
18:45 reedyesyes   : troi oi
18:45 reedyesyes   : de cau thang o giua di
18:45 Nem          : lap trần ikkkk
18:45 reedyesyes   : o 2 ben de rot
18:45 Nem          : có đường đi lên r mà
18:46 reedyesyes   : de nhu kieu
18:46 Nem          : choox ni để bay r đáp vào
18:46 reedyesyes   : hang rao khoi rot
18:46 reedyesyes   : a
18:46 reedyesyes   : ok
18:47 reedyesyes   : tiem kich ve dich
18:47 reedyesyes   : phe*
18:49 reedyesyes   : dung pha
18:49 reedyesyes   : base lam cau thang
18:49 Nem          : noooo
18:50 Nem          : phá di
18:50 TruongThiTam : e
18:51 Nem          : ?
18:51 TruongThiTam : m danh blood moom dc sat ko
18:51 TruongThiTam : cho t
18:51 reedyesyes   : ko
18:51 Nem          : cos
18:51 reedyesyes   : ba nam co
18:51 Nem          : laaps trần đi đănggg
18:51 reedyesyes   : roi roi
18:51 reedyesyes   : dm
18:51 reedyesyes   : nham loai
18:54 reedyesyes   : xong
18:54 TruongThiTam : back
18:54 Nem          : lm cái lan can
18:54 reedyesyes   : bang j
18:54 reedyesyes   : a
18:56 reedyesyes   : huh
18:57 Nem          : e nx
18:57 reedyesyes   : ?
18:57 Nem          : đắp mấy cái nền nửa block lên cả lan can đi
18:58 reedyesyes   : ok
18:59 reedyesyes   : can j nx ko
19:00 Nem          : hmmm ok
19:00 Nem          : cho block xam xam đi
19:00 TruongThiTam : can su tro giup
19:00 reedyesyes   : 1 ti
19:00 reedyesyes   : doi
19:00 Nem          : bước cuối này
19:00 TruongThiTam : noi chs thoi
19:00 TruongThiTam : t tu lam dc
19:03 Nem          : e danggg
19:03 reedyesyes   : ?
19:03 Nem          : bước cuối
19:03 reedyesyes   : j
19:03 Nem          : h lm hộ t cái bong bóng trên cái kinh khí cầu á
19:03 reedyesyes   : troi oi
19:03 reedyesyes   : block la j
19:03 reedyesyes   : a ma thoi
19:03 Nem          : dài dài thon thon ôm trọn cả cái tàu là đc
19:04 reedyesyes   : hoi ko
19:04 Nem          : block trắng là đc
19:04 reedyesyes   : kho t m oi
19:04 Nem          : chúc may mắn
19:04 Nem          : t off đi tắm
19:04 reedyesyes   : t ma chet thi dung thay la
19:04 Nem          : mong m hoàn thành nhiệm vụ quốc gia
19:04 reedyesyes   : giup t phat
19:05 Nem          : t tắm đã
19:05 reedyesyes   : a
19:05 reedyesyes   : ko
19:05 reedyesyes   : t noi duong
19:05 Nem          : eeeee
19:05 reedyesyes   : j
19:05 reedyesyes   : a ma thoi duong
19:05 reedyesyes   : t thay m toi
19:05 Nem          : gắn vs mấy cái cột trên ni này
19:05 reedyesyes   : tra la dc
19:05 TruongThiTam : e
19:05 reedyesyes   : ?
19:05 TruongThiTam : lam chi
19:05 reedyesyes   : j a
19:05 Nem          : đó
19:05 Nem          : off
19:05 reedyesyes   : ok
19:06 reedyesyes   : duong tra cho t la dc
19:06 reedyesyes   : con lai t tu lam cho
19:06 reedyesyes   : ok
19:06 TruongThiTam : e
19:06 TruongThiTam : cho t qua nha m cai
19:06 TruongThiTam : e
19:06 reedyesyes   : e duong
19:07 reedyesyes   : co cai ma
19:07 reedyesyes   : cat
19:07 TruongThiTam : cho t qua base cua m vs
19:07 reedyesyes   : long ko
19:07 TruongThiTam : keo ha
19:07 reedyesyes   : uk
19:07 TruongThiTam : craft di
19:07 reedyesyes   : ok
19:07 TruongThiTam : do
19:08 TruongThiTam : tp qua t di
19:08 reedyesyes   : j
19:08 reedyesyes   : troi oi
19:08 reedyesyes   : t raft r
19:08 reedyesyes   : craft
19:08 reedyesyes   : de trong kho 2 di
19:17 vkawaiki0    :  placed a sign @ world: x-358, z207
  sa
19:22 vkawaiki0    : cho t bay
19:42 HinataKagenou: vl
19:42 HinataKagenou: deo chi dong ri roi
19:42 vkawaiki0    : wtf rang t ko nhat dc do nx
19:42 HinataKagenou: idk
19:42 vkawaiki0    : loi me r
19:43 HinataKagenou: out sv ra vo lai
19:43 vkawaiki0    : bruh
19:43 vkawaiki0    : ko nhat dc
19:43 vkawaiki0    : m nhat cho t cai
19:44 HinataKagenou: thu lai de
19:44 vkawaiki0    : a full do
19:44 vkawaiki0    : e
19:44 HinataKagenou: dcm
19:44 HinataKagenou: j
19:44 vkawaiki0    : ma rg m mac giap ma k hien giap v
19:44 HinataKagenou: co mac mo
19:44 HinataKagenou: dang mac chac elytra
19:44 vkawaiki0    : mac giap nhin xau vl
19:44 HinataKagenou: ;v
19:44 HinataKagenou: t để đồ trong rương
19:44 vkawaiki0    : cho t bay
19:45 vkawaiki0    : biet xau cau thang k
19:45 vkawaiki0    : xay cho t cay
19:45 HinataKagenou: nhà tối như chó
19:45 HinataKagenou: xay cho
19:45 vkawaiki0    : kbt che tao duoc
19:45 reedyesyes   : xây cầu thang dễ mà...
19:45 HinataKagenou: que với lại đuốc
19:45 vkawaiki0    : r do
19:45 HinataKagenou: que với lại than
19:45 vkawaiki0    : trust
19:45 HinataKagenou: ok
19:45 HinataKagenou: e tutu da
19:46 vkawaiki0    : xay o day di :v
19:46 HinataKagenou: tutu da
19:46 vkawaiki0    : okay
19:46 Nem          : e rrreddd
19:46 reedyesyes   : lech r
19:47 Nem          : chx lm ha
19:47 reedyesyes   : dang lam
19:47 vkawaiki0    : nam
19:47 Nem          : aduuu
19:47 vkawaiki0    : biet che tai duoc ko
19:47 Nem          : cos
19:47 vkawaiki0    : che tao t vai cai vs
19:47 Nem          : ok
19:47 vkawaiki0    : 10 cai
19:47 Nem          : cr777
19:47 Nem          : e
19:47 vkawaiki0    : ?
19:48 Nem          : cho t que go vs than
19:48 HinataKagenou: ae dung lenh ./recipe [tên vật phẩm] để xem công thức chế tạo nhá
19:48 vkawaiki0    : how to che tao que go vs than :))
19:48 Nem          : ddc r
19:48 Nem          : eeee
19:48 Nem          : ddaay
19:49 Nem          : ddos
19:49 vkawaiki0    : w
19:49 vkawaiki0    : thank
19:49 Nem          : ok
19:49 Nem          : nhà đẹp ta
19:49 vkawaiki0    : ;-;
19:49 HinataKagenou: xay mo
19:49 vkawaiki0    : trong nay]
19:50 HinataKagenou: mchi rk
19:50 vkawaiki0    : cho dep :))
19:50 HinataKagenou: co tang 2 mo ma xay cau thang...
19:50 HinataKagenou: đao
19:50 reedyesyes   : xong phan
19:50 reedyesyes   : ngoai
19:50 reedyesyes   : dc ko
19:50 reedyesyes   : t thay cu sao sao
19:50 reedyesyes   : de lam lai phan duoi
19:50 Nem          : ok
19:51 vkawaiki0    : wtf
19:51 HinataKagenou: dcm
19:51 HinataKagenou: lag nhu concho
19:51 HinataKagenou: vua moi lo ae ma bi kick lien tuc
19:52 reedyesyes   : dc ko
19:52 reedyesyes   : e nam
19:52 HinataKagenou: ê đẹp vl
19:52 Nem          : de xem
19:52 reedyesyes   : lech
19:52 Nem          : ok đc đs
19:52 HinataKagenou: mê vvvvv
19:52 reedyesyes   : dm
19:52 reedyesyes   : de lam lai
19:52 HinataKagenou: e reed
19:52 Nem          : tàu khinh hạm trên không
19:53 HinataKagenou: e
19:53 reedyesyes   : noi
19:53 HinataKagenou: xay cho t 1 cai :))
19:53 reedyesyes   : .
19:53 reedyesyes   : hm
19:53 reedyesyes   : dc r
19:54 reedyesyes   : t nghi la
19:54 reedyesyes   : 2 ben nen thang
19:54 reedyesyes   : ko phai cong theo tung doan queo
19:54 reedyesyes   : de lam lai
19:54 HinataKagenou: xay t 1 cai diii
19:55 Nem          : cho xin ti do
19:55 vkawaiki0    : okay
19:55 HinataKagenou: ua rg danh dc
19:55 HinataKagenou: .?
19:56 HinataKagenou: ua
19:56 vkawaiki0    : xay nha tren cay ;-;
19:56 HinataKagenou: a roi
19:56 HinataKagenou: chac lag
19:57 HinataKagenou: nem
19:57 HinataKagenou: có mộ m đây nè
19:57 TruongThiTam : e hdang
19:57 TruongThiTam : giup t vs
19:57 reedyesyes   : thang nao chi tien cho t tam 4 stack white wool v
19:57 reedyesyes   : :v
19:58 HinataKagenou: shop co ban :))
19:58 reedyesyes   : j
19:58 TruongThiTam : dao het dong nay
19:58 reedyesyes   : troi oi
19:58 reedyesyes   : t dang
19:58 vkawaiki0    : cho t bay
19:58 reedyesyes   : lam zeppelin
19:58 reedyesyes   : doi 1 ti
19:59 Nem          : e huy
19:59 Nem          : t nhờ
19:59 HinataKagenou: j cu
19:59 Nem          : trang trí nội thất cấy
19:59 TruongThiTam : gia huy
19:59 TruongThiTam : help
19:59 HinataKagenou: bt trang tri cai deo j dau
19:59 TruongThiTam : me
19:59 HinataKagenou: duong keu j t a
19:59 reedyesyes   : tinh ra ba nam la dinh nhat ca sv r
19:59 reedyesyes   : :v
19:59 HinataKagenou: fr fr
19:59 TruongThiTam : e
20:00 TruongThiTam : t afk an com
20:00 HinataKagenou: tầng hầm t rộng đ bt mchi
20:00 HinataKagenou: ok
20:00 Nem          : e huy
20:00 HinataKagenou: j
20:00 Nem          : cho t gỗ bạch dương vs
20:01 HinataKagenou: mua deeeeeeee
20:01 Nem          : t nghèo r
20:01 HinataKagenou: are u sure??
20:01 HinataKagenou: 3 triệu
20:01 HinataKagenou: đủ hơn chục cái totem
20:01 HinataKagenou: gỗ thừa
20:01 reedyesyes   : DM
20:01 reedyesyes   : PHANTOM
20:01 reedyesyes   : ghet nhat phantom dm dm dm
20:02 reedyesyes   : dang con xay tren cao nx
20:03 HinataKagenou: xay nha cho ai day
20:03 vkawaiki0    : cho bird
20:03 vkawaiki0    : to chim :))
20:03 HinataKagenou: vcl
20:03 HinataKagenou: to chim to gan bang nha moi cua t
20:03 vkawaiki0    : nha tren cay
20:03 vkawaiki0    : ;-;
20:03 TruongThiTam : tu tin chim to nhat xom
20:04 reedyesyes   : .
20:04 HinataKagenou: ;v
20:04 vkawaiki0    : doan voi thua thang binh :
20:04 HinataKagenou: đập đúng lúc v
20:04 reedyesyes   : xay xong cai nay
20:04 reedyesyes   : uhh
20:04 HinataKagenou: tinh lửa
20:05 vkawaiki0    : shiba thaat
20:05 reedyesyes   : xay xong cai nay
20:05 reedyesyes   : bo may se tu tin khoe rang
20:05 vkawaiki0    : cho t bay lai cai :v
20:05 reedyesyes   : bo may la nguoi ranh nhat ca sv
20:05 reedyesyes   : bang cach
20:05 reedyesyes   : de bat unikey phat
20:06 reedyesyes   : bố mày sẽ tự tin khoe ràng t là người rảnh nhất sv
20:06 reedyesyes   : bằng cách
20:06 vkawaiki0    : cuu t vs ae
20:06 reedyesyes   : rename cho nguyên 2 kệ sách
20:06 reedyesyes   : 3x6
20:07 HinataKagenou: oh no
20:07 HinataKagenou: mat cai thuyen r
20:08 HinataKagenou: I am china
20:08 HinataKagenou: whos copy everything
20:09 reedyesyes   : .
20:09 reedyesyes   : dm???
20:09 Nem          : e deo chi do
20:09 reedyesyes   : doi t 1 ti
20:09 Nem          : mất nhà r huhuhu
20:09 reedyesyes   : qua nha ghuy la biet
20:09 TruongThiTam : Gia Huy 是一只狗
20:09 HinataKagenou: chet t quen de lai cho bay
20:09 reedyesyes   : dm
20:09 Nem          : ê huy phá tề
20:10 Nem          : đang xây cái đứt 1 phần
20:10 reedyesyes   : ba nam cach mat ghuy cho t
20:10 HinataKagenou: lỗi t
20:10 reedyesyes   : .
20:10 reedyesyes   : LECH R
20:10 HinataKagenou: guys
20:10 HinataKagenou: my bad
20:10 reedyesyes   : trung claim bao r thang ngu..
20:11 Nem          : sao huy claim r
20:11 reedyesyes   : đặt dóng với cái cũ đi tr
20:11 HinataKagenou: khó vãiii
20:11 Nem          : Huy mần chi rk huy hề
20:11 HinataKagenou: t quen undo
20:11 HinataKagenou: loi t
20:12 reedyesyes   : .
20:12 reedyesyes   : a ma thoi
20:12 reedyesyes   : o do cung dc
20:12 reedyesyes   : ma thoi
20:12 HinataKagenou: vl
20:12 reedyesyes   : keo xa xa de t lam mui nhon
20:12 HinataKagenou: nhắn cho xong 1 câu đi má
20:12 HinataKagenou: đây đc không?
20:12 reedyesyes   : luc trc trung claim bao nen ko dc
20:12 reedyesyes   : ă sec
20:12 reedyesyes   : 1 sec
20:12 HinataKagenou: đây đc không
20:12 Nem          : tùy cx đc
20:13 HinataKagenou: uhhhhh
20:13 reedyesyes   : .
20:13 HinataKagenou: lỗi t
20:13 Nem          : sao lai gui tien cho t??
20:13 reedyesyes   : trúng đất bduy r.
20:13 HinataKagenou: h tụt xuống top 4
20:13 HinataKagenou: tiền đền bù
20:13 Nem          : caanf chiii?
20:13 reedyesyes   : t can!!!
20:13 reedyesyes   : bnam gui sang cho t
20:13 Nem          : sao xây
20:13 reedyesyes   : trúng đất bảo
20:13 Nem          : huy mà
20:14 reedyesyes   : y la m ko can thi gui cho t
20:14 HinataKagenou: reed mở rộng claim tí là claim hết đc á...
20:14 HinataKagenou: t xin lỗi nhiềuuu
20:14 reedyesyes   : cho n t click deu trung dat bao duy
20:14 HinataKagenou: này lỗi n
20:14 HinataKagenou: này lỗi t
20:14 reedyesyes   : de nghi boi thuong + bay 💯💯💯
20:15 HinataKagenou: m xóa claim cũ rồi claim bên n đi
20:15 HinataKagenou: t set quyền cho player /fly
20:15 Nem          : huy sửa sao mà cho t xây ikkkk :)))
20:15 HinataKagenou: 100 000 mỗi lần bay:))
20:15 HinataKagenou: sửa cái j cơ
20:15 Nem          : m claim r
20:15 Nem          : ko xây đc
20:15 reedyesyes   : đất bảo r
20:15 HinataKagenou: vl
20:16 reedyesyes   : (bá nam bên chỗ m copy ấy
20:16 Nem          : t thấy chữ hinata
20:16 reedyesyes   : m đặt dóng với múi nhọn ấy
20:16 reedyesyes   : mui*
20:16 reedyesyes   : MŨI
20:16 HinataKagenou: không căn đc :<
20:16 HinataKagenou: cho n dc khong ae...
20:16 HinataKagenou: t tách claim của t đoạn n ra
20:16 Nem          : cho lên vs
20:17 HinataKagenou: hay vô vùng sâu vùng xa
20:17 reedyesyes   : tuy cung dc
20:17 Nem          : mất cánh r
20:17 reedyesyes   : xay dc la xay
20:17 HinataKagenou: đây đc kh ;v
20:17 Nem          : dc
20:17 HinataKagenou: để t tìm cách xóa claim của t đoạn n
20:17 HinataKagenou: t rộng vl
20:17 reedyesyes   : thi
20:17 HinataKagenou: hay bây sang đảo bên kia?
20:17 reedyesyes   : abandon xong claim lai
20:17 HinataKagenou: ahhhhhh
20:17 HinataKagenou: ok
20:17 Nem          : sao ko xây đc ta
20:18 reedyesyes   : dc ch
20:18 reedyesyes   : de t claim
20:18 Nem          : xaay dc r
20:19 reedyesyes   : a
20:19 reedyesyes   : de t claim
20:19 reedyesyes   : t can quyen fly free
20:19 reedyesyes   : boi thuong chi phi
20:19 HinataKagenou: nope
20:19 HinataKagenou: never
20:19 reedyesyes   : yes
20:19 vkawaiki0    : thg mo che tao duoc cho t vs
20:19 Nem          : sao lại thành của hinata rrr
20:20 HinataKagenou: nx a
20:20 reedyesyes   : .
20:20 HinataKagenou: moe
20:20 HinataKagenou: claim ngu tiep
20:20 HinataKagenou: quen claim rong
20:20 vkawaiki0    : cs duoc k
20:20 reedyesyes   : lam de ma
20:20 Nem          : co
20:20 Nem          : duy lai day
20:20 reedyesyes   : len shop ma mua than
20:20 reedyesyes   : voi mua go de lam que
20:20 Nem          : duoc day
20:20 reedyesyes   : sao thang zuy ga mo v
20:20 vkawaiki0    : thks
20:21 HinataKagenou: dc chx
20:21 Nem          : du án xây tàu bị delay r
20:21 Nem          : ok đc r
20:21 Nem          : ngon
20:21 HinataKagenou: moe t quen tay
20:21 HinataKagenou: cứ dùng elytra bay ra mấy trăm block rồi claim đại
20:21 HinataKagenou: because t bt là đất t nhiều:)
20:22 HinataKagenou: claim diiiii
20:22 reedyesyes   : kk
20:22 reedyesyes   : cho cai xeng vang cai
20:22 reedyesyes   : :v
20:22 HinataKagenou: chỗ mấy cái block kính á
20:22 HinataKagenou: nhảy lên đó mà claim
20:22 reedyesyes   : cho cai xeng vang...
20:22 HinataKagenou: vì ngu dốt
20:22 HinataKagenou: hinata mất 30% lãnh thổ và 3 triệu tiền bồi thường...
20:23 Nem          : e dang map là đây nha
20:23 reedyesyes   : over lap
20:23 HinataKagenou: tụt xuống top 4 ng giàu trong sv
20:23 HinataKagenou: nooooo
20:23 Nem          : bỏ map ở đây nmha
20:23 Nem          : reed
20:24 HinataKagenou: từ 200 000 block lãnh thổ giờ chỉ còn 138 996 block
20:24 HinataKagenou: quá mất mát vì sự ngu giốt
20:24 HinataKagenou: i mean dốt
20:24 vkawaiki0    : how to check co bao nhieu dat
20:24 reedyesyes   : xong r
20:24 reedyesyes   : dc chx
20:24 reedyesyes   : nam thu xay phat
20:24 HinataKagenou: cầm sẻng vàng là ra mà
20:25 Nem          : e
20:25 reedyesyes   : dc chx nam
20:25 Nem          : đâu cái j
20:25 reedyesyes   : .
20:25 HinataKagenou: map trong sv khong tu cap nhat a...
20:25 reedyesyes   : claim ngu r
20:25 reedyesyes   : de t lam lai
20:25 Nem          : lm cái bong bóng của kinh khí cầu kìa
20:25 reedyesyes   : dang lam
20:25 Nem          : ok
20:25 reedyesyes   : phai claim cho chac an
20:26 TruongThiTam :  placed a sign @ world: x-832, z-176
  ko co idea
20:26 HinataKagenou: x -832 z-176
20:26 HinataKagenou: ko co idea
20:26 HinataKagenou: uhhhhh
20:26 reedyesyes   : roi
20:26 HinataKagenou: mất quá nhiều lãnh thổ rồi
20:27 reedyesyes   : TP ACCEPT CAI
20:27 reedyesyes   : T SAP CHET R
20:27 reedyesyes   : NAAAAAMMM
20:27 Nem          : tpaccept
20:27 HinataKagenou: phía đông từng là lãnh thổ của t có cái toàn đồng ấy
20:27 HinataKagenou: cay tht
20:27 reedyesyes   : cay that
20:27 reedyesyes   : ko cho full caps
20:27 HinataKagenou: day guy
20:27 reedyesyes   : LAM PHANTOM V TR
20:27 vkawaiki0    : :v
20:27 HinataKagenou: do anh em nhác ngủ
20:27 vkawaiki0    : xay kieu cheo xay kieu j
20:28 HinataKagenou: nên phantom
20:28 reedyesyes   : ghuy clear phantom phat
20:28 HinataKagenou: nope
20:28 reedyesyes   : t xay zeppelin
20:28 HinataKagenou: bat chim di
20:28 Nem          : huy oi cho t gia sach di
20:29 HinataKagenou: dcm dang bắt chim
20:29 reedyesyes   : DMM
20:29 reedyesyes   : ne
20:29 vkawaiki0    : cho t cai xeng vs
20:29 reedyesyes   : doi doi t ghet phantom
20:29 vkawaiki0    : dao block lau vl
20:29 HinataKagenou: deo co....
20:29 reedyesyes   : phantom la suc vat cua cuoc doi
20:29 vkawaiki0    : ,,
20:29 reedyesyes   : phantom la suc sinh
20:30 reedyesyes   : ae nha t 10 doi ghet phanto
20:30 reedyesyes   : m
20:30 Nem          : svphantom
20:30 reedyesyes   : sap build dc la danh phat roi luon
20:30 HinataKagenou: gia huy la dung si diet chim
20:30 reedyesyes   : toan phai an tao vang enchanted de bao toan tinh mang
20:30 HinataKagenou: (chim aka phantom)
20:31 vkawaiki0    : xay cau thang giup t vs
20:32 reedyesyes   : hoi lech
20:32 reedyesyes   : dm lech vai cut
20:33 reedyesyes   : hoi lech cai deo j
20:33 reedyesyes   : DMMMMM
20:33 reedyesyes   : dung si diet chim bai tran
20:33 reedyesyes   : 💔
20:34 Nem          : đăng xây a răng r
20:34 reedyesyes   : DM ACCEPT CI
20:35 reedyesyes   : ROT ROI
20:35 reedyesyes   : ok
20:35 reedyesyes   : ua
20:35 reedyesyes   : chuan do xa r ma
20:35 reedyesyes   : hay that
20:36 reedyesyes   : update claim to hon 1 ti ntn nhi :v
20:36 reedyesyes   : lai bao chx claim
20:38 reedyesyes   : update claim ntn nhi ghuy gay
20:39 reedyesyes   : alo....
20:42 reedyesyes   : sap xong r
20:42 reedyesyes   : hoan chinh
20:42 reedyesyes   : perfection
20:42 reedyesyes   : con lai la
20:42 Nem          : ee
20:42 reedyesyes   : lap lo la xong
20:42 Nem          : co chest ko
20:42 reedyesyes   : tu ma che tao
20:42 reedyesyes   : ne
20:43 HinataKagenou: 500 ae oi
20:44 reedyesyes   : DMMM
20:44 reedyesyes   : DM PHANTOM
20:44 HinataKagenou: ae oi
20:44 reedyesyes   : noi..
20:44 HinataKagenou: nha t có tầng hầm 20x10 nên bỏ chi ở dưới...
20:44 reedyesyes   : loli
20:44 HinataKagenou: xây xong mới nghĩ đến việc bỏ j
20:44 HinataKagenou: hay thôi bỏ ngựa?
20:44 HinataKagenou: mèo?
20:44 HinataKagenou: chó
20:44 HinataKagenou: lợn
20:45 Nem          : bỏ loli
20:45 HinataKagenou: dcm
20:45 reedyesyes   : theo tinh cach gia huy bo loli la perfection
20:45 Nem          : e huy
20:45 Nem          : cho thêm bộ cơ động vào đi
20:45 reedyesyes   : DMMMMM
20:45 Nem          : thì ms vô nhà t đc
20:45 reedyesyes   : PHANTOM OC CAC
20:45 reedyesyes   : DMMMM
20:45 reedyesyes   : DMMMMMMMM
20:45 reedyesyes   : DMMM
20:45 reedyesyes   : dung si diet chim dau
20:46 Nem          : e huy cho bay đi
20:46 reedyesyes   : lech vai
20:47 reedyesyes   : hay thoi ke nam ei
20:47 reedyesyes   : a ko
20:47 reedyesyes   : dc r
20:47 reedyesyes   : mat t le
20:47 reedyesyes   : .
20:47 Nem          : cho t food vs
20:47 reedyesyes   : mua
20:49 vkawaiki0    : thg mo co cai xeng k
20:49 vkawaiki0    : e cho t muon cai xeng enchant
20:49 reedyesyes   : o nha
20:49 vkawaiki0    : bruh
20:51 HinataKagenou: xây đc 2 công trình piston
20:51 HinataKagenou: khiên t lại muốn xây cửa 5x5...
20:51 HinataKagenou: reed can t giup dat j khong
20:51 reedyesyes   : update dat ntn
20:52 HinataKagenou: chán chx bt lmj
20:52 reedyesyes   : claim*
20:52 HinataKagenou: huh?
20:52 HinataKagenou: wdym
20:52 reedyesyes   : luc trc
20:52 reedyesyes   : dang lam thi bao
20:52 reedyesyes   : chx claim
20:52 Nem          : e huy trsut t di
20:52 HinataKagenou: lm j
20:52 Nem          : trust
20:52 Nem          : xin đồ ăn vs coi hầm
20:52 HinataKagenou: de t ve nha
20:52 reedyesyes   : để anh nam bái dúng
20:53 HinataKagenou: chx bt lam j trong ham
20:53 HinataKagenou: cai deo j v cu
20:54 Nem          : nan doi
20:54 Nem          : t la sasha
20:54 Nem          : nên phải ăn thịt
20:54 HinataKagenou: :))
20:54 HinataKagenou: dcm dc roi
20:54 HinataKagenou: cho m do
20:55 HinataKagenou: lấy đồ làm chó
20:55 Nem          : t mượn
20:55 HinataKagenou: muon cai deo j
20:55 HinataKagenou: qua ben n di
20:56 Nem          : lag vc
20:56 HinataKagenou: pink house
20:56 Nem          : nha ai day
20:56 HinataKagenou: nha moi
20:56 Nem          : e
20:56 reedyesyes   : nha huy an cap y tuong cua t *
20:56 Nem          : nha hai o mo?
20:57 reedyesyes   : update claim ntn v ae...........
20:57 Nem          : nhà hải ở mô rk
20:57 HinataKagenou: hải ở vs duy
20:57 HinataKagenou: chắc v
20:57 HinataKagenou: reed
20:57 reedyesyes   : j
20:57 vkawaiki0    : thuc ra hai k co nha :))
20:57 HinataKagenou: m cầm sẻng chuột phải vô góc của claim
20:57 Nem          : e huy nhìn
20:57 HinataKagenou: xg đi ra chỗ khác claim
20:57 vkawaiki0    : t xay 99% cha hn r
20:57 HinataKagenou: :))
20:57 HinataKagenou: dep do
20:57 HinataKagenou: để rk đi
20:58 reedyesyes   : dang build moi chiu
20:58 reedyesyes   : tr oi
20:58 HinataKagenou: vote stop bloodmoon
20:58 HinataKagenou: 1. Hinata
20:58 reedyesyes   : 1.
20:58 reedyesyes   : a nahm
20:58 reedyesyes   : +1
20:58 Nem          : 2.bây nem
20:58 HinataKagenou: 3 votes
20:59 Nem          : ddang oi m lm lạ thế
20:59 reedyesyes   : j
20:59 reedyesyes   : thi dung r ma
20:59 reedyesyes   : zeppelin
20:59 Nem          : cais này nằm trên đầu mà
20:59 reedyesyes   : can gui anh mau ko?
21:00 Nem          : cái cục trắng trắng to to nớ là nằm trên đầu
21:00 reedyesyes   : la cuc nao...
21:00 Nem          : cuc bong bóng khí
21:00 reedyesyes   : tr oi
21:00 reedyesyes   : zeppelin ma...
21:00 reedyesyes   : ...
21:00 Nem          : chet moe nhầm r
21:00 reedyesyes   : DMMMMMMMMMMM
21:00 reedyesyes   : cay vcl
21:01 reedyesyes   : phai lam lai
21:01 reedyesyes   : ke me di
21:01 reedyesyes   : style cua t voi m
21:01 Nem          : check dis đi
21:01 reedyesyes   : m ma bat t lam giong nguyen ban la t bat /claimexplosive xong no ca khinh khi
21:02 reedyesyes   : cay vl
21:02 reedyesyes   : thoi ke
21:02 reedyesyes   : kien nhan ren nguoi
21:02 reedyesyes   : gia huy cho haste phat
21:02 Nem          : ee đập ra phê vcl
21:04 reedyesyes   : e
21:04 reedyesyes   : ghuy cho xp phat t test
21:04 Nem          : ?
21:05 reedyesyes   : ngon
21:07 Nem          : e dang
21:07 reedyesyes   : ?
21:07 Nem          : mấy cái ni m cần nay
21:07 reedyesyes   : on r
21:08 Nem          : j lm phần trên th
21:08 reedyesyes   : ntn
21:08 reedyesyes   : m lam phan xung quanh phat
21:08 Nem          : dduwngf lm mau hong t xin
21:08 reedyesyes   : con lai t lam
21:08 reedyesyes   : :v
21:08 reedyesyes   : mau kieu
21:08 reedyesyes   : mau do vn oi??
21:08 Nem          : mau trang
21:08 reedyesyes   : noooooo
21:08 reedyesyes   : vietnam oiiii
21:09 reedyesyes   : a nha
21:09 reedyesyes   : nham
21:09 reedyesyes   : thanh hoa oiiiii
21:09 reedyesyes   : thanh hoa oiiiiiiiiiiiii
21:09 reedyesyes   : tu hao hat mai len thanh hoa oiiiiiiiiiiiiiiiiiii
21:09 Nem          : lo lm ik
21:09 reedyesyes   : :v
21:09 reedyesyes   : bao boc ntn
21:09 Nem          : lm biểu như thế
21:09 reedyesyes   : nho nho t m oi
21:09 reedyesyes   : tr oi
21:10 Nem          : nhu trong ảnh nha
21:10 reedyesyes   : nhin ma phat khoc
21:10 Nem          : nho hon ty
21:10 reedyesyes   : lan sang ca dat thang duy
21:10 Nem          : to bang tau la dc
21:10 reedyesyes   : ok
21:10 Nem          : ko to qua
21:10 Nem          : cx ko nho qua
21:10 Nem          : e dang
21:10 reedyesyes   : j
21:10 Nem          : cho t map
21:11 reedyesyes   : map j
21:11 reedyesyes   : DM PHANTOM
21:11 Nem          : map chỗ ni
21:11 reedyesyes   : day
21:11 Nem          : bựa trc m có mà
21:11 HinataKagenou: h anh em xem đc độ rộng của claim bằng cái que r nha
21:11 HinataKagenou: ;
21:11 HinataKagenou: just update
21:11 HinataKagenou: :)_
21:11 Nem          : tieemj cho luôn cái khung
21:11 reedyesyes   : day
21:11 reedyesyes   : trong nay het
21:11 reedyesyes   : toan bo luon
21:12 reedyesyes   : can t sap ko
21:12 reedyesyes   : de t sap cho
21:12 reedyesyes   : tra shulker..
21:12 Nem          : e cai
21:12 reedyesyes   : ok
21:12 Nem          : e cái thảm để bó vô
21:13 reedyesyes   : ko can
21:13 reedyesyes   : dat o mo
21:13 Nem          : sao bỏ
21:13 reedyesyes   : where
21:13 reedyesyes   : dua het map day
21:14 Nem          : ok tks
21:15 reedyesyes   : xong
21:15 reedyesyes   : dc chx
21:15 Nem          : r
21:15 reedyesyes   : a kho
21:15 reedyesyes   : ng
21:15 Nem          : map cũ hay ms đây?
21:15 reedyesyes   : moi
21:15 reedyesyes   : thoi ke di
21:15 HinataKagenou: finally
21:15 reedyesyes   : xay tiepa
21:17 Nem          : phần trong là rỗng nha
21:17 HinataKagenou: hôm nay mặt trời lên nhanh v ae
21:17 reedyesyes   : ok
21:17 Nem          : tiếp kiệm thời gian chi phí nên trong rỗng
21:17 HinataKagenou: tối rồi đi ngủ kìa
21:18 HinataKagenou: phantom bay nhanh v
21:18 HinataKagenou: mua roi kia
21:18 HinataKagenou: sáng rồi dậy kìa
21:19 HinataKagenou: het mua luon roi kia
21:21 Nem          : ee nhìn từ xa tổng thể thì khá là đẹp
21:21 reedyesyes   : .
21:21 reedyesyes   : huy không làm chi cả thì đừng phá.
21:21 HinataKagenou: xin lỗi ae
21:21 HinataKagenou: đợi t tìm cách fix
21:21 HinataKagenou: t đang test lệnh
21:22 HinataKagenou: sory
21:22 HinataKagenou: sorry
21:22 HinataKagenou: claim lại cái ;v
21:22 Nem          : ê ms thấy
21:22 Nem          : bảo dạo ni ko on ta
21:22 reedyesyes   : sang co
21:22 reedyesyes   : sáng có *
21:22 Nem          : co 1 ty
21:22 reedyesyes   : pillager??
21:23 Nem          : ê huy tắt bay t đi
21:23 HinataKagenou: ba nam thi bay khong
21:25 Nem          : cho t bay lại đi
21:25 reedyesyes   : :v
21:26 Nem          : đăng oi
21:26 reedyesyes   : ?
21:26 Nem          : phan đầu m lm thon thon dài dài 1 tú
21:26 Nem          : đung lm vuông
21:26 reedyesyes   : m lam di
21:26 reedyesyes   : t cho block
21:26 Nem          : nhac qua
21:27 reedyesyes   : can lam kieu
21:27 reedyesyes   : phan
21:27 reedyesyes   : a ma thoi
21:27 reedyesyes   : ti nua
21:27 reedyesyes   : PM
21:27 reedyesyes   : DM
21:27 reedyesyes   : PHANTOM
21:28 reedyesyes   : day phan duoi ma
21:28 Nem          : reeed dau r
21:28 reedyesyes   : j
21:29 reedyesyes   : nhin tren cao nhu but chi
21:29 HinataKagenou: tht:))
21:29 Nem          : ddos
21:30 reedyesyes   : uhhh
21:30 reedyesyes   : hinh khac ma
21:30 Nem          : kệ đi
21:30 reedyesyes   : ok
21:30 Nem          : ko cần giống lắm
21:30 Nem          : ko lẽ lm y hệt 100%
21:30 reedyesyes   : gia huy lap lo cai
21:30 reedyesyes   : :v
21:30 reedyesyes   : ko du kinh phi
21:31 HinataKagenou: m đói kìa reed
21:31 reedyesyes   : chx
21:31 HinataKagenou: ăn đi :<
21:31 reedyesyes   : dc co
21:31 HinataKagenou: 17/20 ma
21:31 reedyesyes   : 9,
21:31 reedyesyes   : 9,1/2
21:31 reedyesyes   : 9, 1/2 thanh doi
21:31 reedyesyes   : lấp lỗ trên cái
21:31 Nem          : minh t lm nhà trên trời h ms để ý
21:32 HinataKagenou: waoo
21:32 Nem          : wtf sao có cây đâuy
21:33 HinataKagenou: dap cai ;v
21:33 reedyesyes   : .
21:33 HinataKagenou: test command
21:33 HinataKagenou: trust diiiii
21:33 Nem          : đừng phá
21:34 reedyesyes   : nho ghuy thoi deathnote :v
21:34 reedyesyes   : ha
21:34 reedyesyes   : lấp lỗ cái.
21:34 reedyesyes   : thoi m edit deathnote*
21:35 HinataKagenou: lap het mau trang a?
21:35 reedyesyes   : uk
21:35 reedyesyes   : m nghi j
21:35 HinataKagenou: idk
21:35 Nem          : phas cây đi
21:35 reedyesyes   : r ma
21:35 HinataKagenou: e nhin t ne
21:35 Nem          : con lá
21:35 HinataKagenou: nem
21:36 Nem          : ok
21:36 reedyesyes   : t chac 100% nha moi ghuy la lay y tuong cua t 💯💯💯
21:36 HinataKagenou: y tuong j v ae
21:36 reedyesyes   : m quen a
21:36 HinataKagenou: chac v
21:36 Nem          : gia huy ăn cắp bản quyền
21:37 HinataKagenou: ý tưởng j??
21:37 reedyesyes   : hồi sv cũ t là ng đầu tiên dùng gỗ anh đào
21:37 reedyesyes   : sang sv này cũng v
21:37 HinataKagenou: à:))
21:37 HinataKagenou: đr ;v
21:37 reedyesyes   : qua dinh hai dang oi
21:37 reedyesyes   : tra tien ban quyen em oi
21:37 HinataKagenou: với lại trên nớ núi hoa anh đào nên t để như v luôn cho hợp
21:37 HinataKagenou: cc
21:37 reedyesyes   : dua ti cung cang
21:37 reedyesyes   : :v
21:38 HinataKagenou: ;v
21:38 HinataKagenou: sorry for cang cot
21:38 HinataKagenou: e
21:38 HinataKagenou: ben n lam khong?
21:38 HinataKagenou: lấp hết nhà
21:38 HinataKagenou: lấp hết nhá
21:38 reedyesyes   : co nao co lo o tren white wool ti lap
21:38 Nem          : ko cần đâu
21:38 reedyesyes   : ha
21:38 Nem          : mất công
21:38 reedyesyes   : ja
21:38 reedyesyes   : de t qua xem
21:38 HinataKagenou: de t lam cho
21:38 Nem          : aalm phần ngoài thôia
21:38 HinataKagenou: nhanh ma
21:38 Nem          : ok
21:38 reedyesyes   : phan day thi phai lap ma
21:39 HinataKagenou: nem oi
21:39 HinataKagenou: reed
21:39 Nem          : ?
21:39 HinataKagenou: nhin ne
21:39 reedyesyes   : .
21:39 reedyesyes   : lap ngu v tr
21:39 HinataKagenou: bug
21:39 Nem          : đâu
21:39 reedyesyes   : dung cai
21:39 HinataKagenou: a dm
21:39 reedyesyes   : wooden axe
21:39 HinataKagenou: nham
21:39 reedyesyes   : :V
21:39 HinataKagenou: o ha
21:40 Nem          : taamf 10p nx chủ thầu đi nghỉ
21:40 Nem          : đù
21:40 reedyesyes   : out luon hay j
21:40 Nem          : uh
21:40 HinataKagenou: h sao
21:40 Nem          : lm nhanh kịp tiến độ dự án
21:40 reedyesyes   : me bat di ngu
21:40 reedyesyes   : :v
21:40 reedyesyes   : t thi ko lo
21:41 reedyesyes   : ru ghuy choi luc 1h30 sang
21:41 Nem          : bựa ni t định ngủ sớm
21:41 reedyesyes   : ngu som lam j v ae
21:41 Nem          : vì trưa ko ngủ
21:41 HinataKagenou: tí nx mẹ bắt ngủ cho coi
21:41 reedyesyes   : :v
21:41 HinataKagenou: ý là ns t á
21:41 reedyesyes   : a
21:42 reedyesyes   : lam di nam ei
21:42 HinataKagenou: moe bao off lau v
21:42 HinataKagenou: off 10h r
21:42 Nem          : lm tiep ik
21:42 reedyesyes   : biet j chx.
21:43 Nem          : ?
21:43 HinataKagenou: nghịch ngu nx nè
21:43 HinataKagenou: reed ngu
21:44 reedyesyes   : nhin
21:44 HinataKagenou: dcm
21:44 Nem          : owr sao cháy r
21:44 reedyesyes   : sv cu thi con dc
21:44 reedyesyes   : gio thi
21:44 reedyesyes   : .
21:44 reedyesyes   : NGU VL
21:44 reedyesyes   : tu huy
21:45 HinataKagenou: ;v
21:45 reedyesyes   : PHANTOMMM
21:45 reedyesyes   : dmmm
21:46 Nem          : e bay
21:46 reedyesyes   : j
21:46 Nem          : ban enchant mua ơ mô
21:46 reedyesyes   : .
21:46 reedyesyes   : loot 100%
21:47 reedyesyes   : thg ghuy toan tu huy
21:47 HinataKagenou: ;v
21:47 HinataKagenou: khong mac giap
21:47 reedyesyes   : shears them effeciency 5 + mending + unbreaking 3
21:47 reedyesyes   : qua dinh
21:47 reedyesyes   : cho ghuy muon
21:47 HinataKagenou: wait
21:48 reedyesyes   : tra nao
21:48 HinataKagenou: nhanh hon khong ;v
21:48 reedyesyes   : co
21:48 HinataKagenou: e len day
21:48 HinataKagenou: dung yen di
21:48 HinataKagenou: t test command
21:49 HinataKagenou: dung yen di
21:49 HinataKagenou: mèo nổ
21:49 HinataKagenou: ae muốn có tiền giấy không:)))
21:49 HinataKagenou: kiểu 1 phần công khai cho thiên hạ
21:49 HinataKagenou: 1 phần là giấy mang đi giấu:)))
21:49 reedyesyes   : ok vro i guess
21:50 HinataKagenou: hợp lí
21:50 Nem          : chủ thầu off đây
21:50 reedyesyes   : :v
21:50 reedyesyes   : me gank
21:50 Nem          : ko
21:50 Nem          : mệt r
21:50 Nem          : nên là
21:50 reedyesyes   : anh lam cung biet met ak
21:50 Nem          : ae tập trung lm đẩy nhanh tiến độ
21:50 reedyesyes   : DM LECH R>>>>
21:51 reedyesyes   : LECHHHHHH
21:51 HinataKagenou: :))
21:51 HinataKagenou: ahhhhh reed oi
21:51 HinataKagenou: dm
21:51 reedyesyes   : j
21:51 HinataKagenou: điện thoại t vỡ màn hình r
21:51 reedyesyes   : :v
21:52 Nem          : r na
21:52 HinataKagenou: khi chiều cầm xoay xoay:))
21:52 Nem          : có t chứng kiến
21:52 HinataKagenou: daddy and mommy đã biết
21:52 Nem          : nói chi ko
21:52 reedyesyes   : sao r
21:52 HinataKagenou: ông bà bảo là kệ
21:52 HinataKagenou: khi nào có tiền tự mang đi sửa:)))
21:52 HinataKagenou: giống đợt t làm hư màn hình với bàn phím laptop
21:52 HinataKagenou: :)))
21:52 HinataKagenou: màn hình đth thì kh bt
21:53 HinataKagenou: nhm đợt nớ thay bàn phím hết 250k
21:53 HinataKagenou: dcm
21:53 HinataKagenou: xg màn hình 1 củ
21:53 HinataKagenou: may là 1 củ nớ có 700 của ông ngoại cho:))
21:54 reedyesyes   : may cai cua thg ba nam luc thi bth luc thi dien dien
21:54 reedyesyes   : nhu cai nay
21:54 reedyesyes   : chu tieu di mat
21:54 reedyesyes   : cay tht
21:55 reedyesyes   : e huy
21:55 HinataKagenou: j m
21:55 HinataKagenou: :)))
21:55 reedyesyes   : xem ho t
21:55 reedyesyes   : phan xau
21:55 reedyesyes   : sau*
21:55 reedyesyes   : lech ko
21:55 reedyesyes   : doi 1 ti
21:56 HinataKagenou: lech roii
21:56 HinataKagenou: 1 block
21:56 reedyesyes   : m sua cai
21:56 HinataKagenou: thoiiii
21:56 HinataKagenou: nhác
21:56 HinataKagenou: bt j đâu;v
21:56 reedyesyes   : t thay
21:56 reedyesyes   : bth ma
21:57 HinataKagenou: lệch 1 block
21:57 reedyesyes   : a mo moi dc
21:57 reedyesyes   : tr oi
21:57 HinataKagenou: m bt dùng worldedit không
21:57 reedyesyes   : ko
21:57 reedyesyes   : hoi j v ba
21:57 HinataKagenou: t cho m op de sua
21:57 HinataKagenou: af v thoi
21:57 HinataKagenou: cbi lag
21:58 reedyesyes: plugin j v ba
21:58 HinataKagenou: uhh
21:59 HinataKagenou: withdraw paper money
21:59 HinataKagenou: chet me
21:59 HinataKagenou: chưa tải đã reload
21:59 HinataKagenou: lại nha người ae
22:00 HinataKagenou: moe
22:00 HinataKagenou: nhác vl
22:00 HinataKagenou: plugin n ph config trg config.yml
22:00 HinataKagenou: cái j mà port vs vault
22:00 HinataKagenou: dcm
22:01 HinataKagenou: dc roi
22:01 HinataKagenou: h them permission nx la saong
22:01 HinataKagenou: h them permission nx la xong
22:01 reedyesyes   : cai deo j ma tnt
22:02 reedyesyes   : v tr
22:02 reedyesyes   : tnt??
22:02 HinataKagenou: m bao nuke con j:))
22:02 reedyesyes   : .
22:02 HinataKagenou: ba nam lam do
22:02 reedyesyes   : m dat a...
22:02 HinataKagenou: kh ph t
22:02 reedyesyes   : tuong j
22:02 HinataKagenou: t doan la v
22:02 reedyesyes   : y ba nam
22:02 HinataKagenou: m bao nuke ma:))
22:02 HinataKagenou: ;v
22:02 reedyesyes   : la nem bom xuong
22:02 reedyesyes   : nuke la ten lua
22:02 reedyesyes   : ma tenlua thi xong cai nay
22:02 reedyesyes   : roi m lam
22:03 HinataKagenou: e m
22:03 reedyesyes   : cho block white wool...
22:03 HinataKagenou: dung thu papermoney de
22:03 reedyesyes   : cang nhieu cang tot
22:03 reedyesyes   : ok
22:03 reedyesyes   : wait
22:03 reedyesyes   : dm
22:03 reedyesyes   : dm dm dm
22:03 HinataKagenou: j
22:03 reedyesyes   : an cut r
22:03 HinataKagenou: ê dùng thử papermoney đi:))
22:04 reedyesyes   : e huy
22:04 reedyesyes   : dat ho t may cai duoc de mob spawn cai
22:04 HinataKagenou: lam j v
22:05 HinataKagenou: lsao
22:05 HinataKagenou: kh hieu ;v
22:05 reedyesyes   : dat duoc
22:05 reedyesyes   : torch
22:05 reedyesyes   : de mob ko spawn*
22:06 HinataKagenou: ok
22:06 reedyesyes   : dmmm
22:07 reedyesyes   : phantommmmm
22:07 reedyesyes   : .
22:07 reedyesyes   : 334.
22:07 reedyesyes   : DM...
22:07 reedyesyes   : lam tro deo j v.
22:07 HinataKagenou: :)
22:07 HinataKagenou: ;v
22:08 reedyesyes   : dat manual dc cho kha.
22:08 reedyesyes   : cha*
22:08 reedyesyes   : dm...
22:08 HinataKagenou: sáng quá
22:08 reedyesyes   : dc cai pha hoai
22:08 HinataKagenou: ánh sáng của đảng
22:08 HinataKagenou: ánh sáng của đảng và nhà nước....
22:10 HinataKagenou: ok
22:10 HinataKagenou: money ve 0 roi
22:10 reedyesyes   : ok
22:10 reedyesyes   : ha cai j a
22:10 HinataKagenou: trên tay t là 6 chi phiếu 1 triệu đô
22:10 reedyesyes   : tien tao........
22:10 HinataKagenou: what?
22:10 reedyesyes   : 4 trieu..
22:10 HinataKagenou: ưtf
22:10 reedyesyes   : m noi money ve ko r ma
22:10 HinataKagenou: ủa t nói tiền t mà...
22:11 reedyesyes   : a
22:11 reedyesyes   : ok
22:11 HinataKagenou: ủa còn tiền m...
22:11 reedyesyes   : con
22:11 HinataKagenou: sao về 0 rồiii
22:11 reedyesyes   : a thang lon
22:11 reedyesyes   : dm
22:11 reedyesyes   : cut
22:11 reedyesyes   : t out luon
22:11 HinataKagenou: ê cái n tao không biết...
22:11 HinataKagenou: để t cho m 7m
22:11 reedyesyes   : huy pha hoai
22:12 HinataKagenou: ê không biêttst
22:12 reedyesyes   : fly cua t dau nhi
22:12 HinataKagenou: hỏi chấm tht
22:13 HinataKagenou: wtf...
22:13 HinataKagenou: sao lai
22:13 reedyesyes   : j
22:13 HinataKagenou: t deposit tiền rồi mà
22:13 HinataKagenou: sao lại còn có 2k...
22:14 HinataKagenou: ê dcm
22:14 HinataKagenou: 6m của taoo
22:14 HinataKagenou: dcm súc vật plugin ngu
22:14 reedyesyes   : :v
22:14 HinataKagenou: hóa đơn đang còn
22:14 HinataKagenou: ngân hàng ăn chặn r
22:14 HinataKagenou: check dm
22:15 HinataKagenou: dcm
22:15 HinataKagenou: cay rk
22:15 HinataKagenou: de t config lai plugin
22:15 HinataKagenou: khong duoc thi xoa:))
22:16 HinataKagenou: cần xoá đuốc chưa
22:16 reedyesyes   : xoa.
22:16 reedyesyes   : dat thu cong di cha
22:16 reedyesyes   : tr oi
22:16 HinataKagenou: :)))
22:17 HinataKagenou: mat roi
22:17 HinataKagenou: nooo
22:17 HinataKagenou: 612 block torch cua t
22:17 HinataKagenou: noooo
22:18 HinataKagenou: dcm
22:18 HinataKagenou: thg viết plugin ngu vãi cả đái
22:18 HinataKagenou: dcm
22:18 reedyesyes   : ?
22:18 HinataKagenou: đéo có command (#) thì bố ai biết lệnh này để làm j
22:18 HinataKagenou: file config rối vãiii
22:18 HinataKagenou: dcm
22:18 HinataKagenou: thường thường là có command
22:19 HinataKagenou: kiểu # this fucking shit make ur player poop everytime
22:19 HinataKagenou: bên đây đéo có
22:19 HinataKagenou: đéo biết công dụng j luôn
22:19 HinataKagenou: cần đặt đuốc nữa không:)))
22:20 reedyesyes   : thủ công.
22:20 HinataKagenou: worldedit
22:20 reedyesyes   : cut.
22:20 HinataKagenou: ;v
22:21 reedyesyes   : .
22:21 reedyesyes   : lech...
22:21 reedyesyes   : quai vat that
22:21 reedyesyes   : dm
22:23 reedyesyes   : ?
17:10 reedyesyes: phat huy truyen thong mkhau huygay123
17:10 reedyesyes: .
17:10 reedyesyes: wtf
17:11 reedyesyes: nha t o cho tduong??
17:12 reedyesyes: yaayyy
17:12 reedyesyes: $0
17:12 reedyesyes: ko co shop a??
17:13 HinataKagenou: m cứ từ từ
17:13 HinataKagenou: kh lo
17:13 reedyesyes   : wtf!!
17:13 HinataKagenou: t quên tải dữ liệu plugin từ aternos thôi
17:13 HinataKagenou: sáng mai tải là lại như cũ
17:13 HinataKagenou: :))
17:13 reedyesyes   : ngụ ngưa của t đâu
17:13 HinataKagenou: tải map từ aternos
17:13 HinataKagenou: idk
17:13 reedyesyes   : RIJFUIASJAISJO
17:13 HinataKagenou: dữ nguyên claim nha ae:))
17:14 reedyesyes   : cua t mat r cha oi
17:14 reedyesyes   : :sob:
17:14 reedyesyes   : 💯💯
17:14 HinataKagenou: nhà t bth
17:14 reedyesyes   : di sethome tung cho 1
17:14 HinataKagenou: kh can dauuuu
17:14 HinataKagenou: ti nua t update lai
17:14 HinataKagenou: by the way
17:14 HinataKagenou: claim bth
17:15 HinataKagenou: m vẫn claim ngu
17:15 reedyesyes   : dm!!
17:15 reedyesyes   : cant set more than 3 homes
17:15 HinataKagenou: yea i know
17:15 HinataKagenou: dữ liệu mới nó như v
17:25 HinataKagenou: ttttt
17:27 reedyesyes   : .
17:27 reedyesyes   : ??
17:27 reedyesyes   : homes chx co
17:28 reedyesyes   : fake fake!!
17:28 HinataKagenou: dien
17:28 HinataKagenou: ủa tht à
17:28 HinataKagenou: no guy
17:35 reedyesyes: dung /homes thi ve nha duong luon
17:35 reedyesyes: de t record
17:37 reedyesyes: j
17:37 reedyesyes: j
17:39 reedyesyes: ua
17:39 reedyesyes: dm
17:39 reedyesyes: haste cua t
17:39 HinataKagenou: j nx
17:39 HinataKagenou: :)000
17:39 reedyesyes   : dang giup a duong mine
17:39 HinataKagenou: uhh
17:39 reedyesyes   : haste
17:39 reedyesyes   : infinite
17:40 reedyesyes   : :sunglasses
17:40 reedyesyes   : haste VI choo mau
17:40 reedyesyes   : cho
17:40 HinataKagenou: X luon cho mau
17:40 reedyesyes   : ok
17:41 reedyesyes   : the
17:41 reedyesyes   : con cai
17:41 reedyesyes   : only 3 homes nx ko
17:42 HinataKagenou: ahahah
17:42 HinataKagenou: 16gb ram
17:42 reedyesyes   : ko nen vua cam sac vua choi dien thoai
17:42 HinataKagenou: :))
17:42 reedyesyes   : trung binh phu huynh chau a
17:42 reedyesyes   : het cai
17:42 HinataKagenou: ;v
17:42 reedyesyes   : only 3 homes chx
17:42 HinataKagenou: roi a
17:42 HinataKagenou: real
17:43 HinataKagenou: dm cay tht
17:43 HinataKagenou: .sethome luu bang uid
17:43 HinataKagenou: nhm economy thi luu bang ten
17:46 HinataKagenou: th t off day
17:46 HinataKagenou: bye ha
17:47 HinataKagenou: sáng mai dậy kbt sv onl không
17:47 reedyesyes   : idk vro
17:47 HinataKagenou: online là 24/7
17:47 HinataKagenou: fr fr
17:51 reedyesyes   : shop
